<?xml version="1.0" encoding="UTF-8"?>
<robot generator="Robot 6.0.2 (Python 3.12.1 on win32)" generated="20240701 21:31:32.932" rpa="false" schemaversion="3">
<suite id="s1" name="Tests" source="C:\Anugal_Testing\Anugal\Tests">
<kw name="Setup highest level suite" type="SETUP">
<kw name="Set Variable" library="BuiltIn">
<var>${d.test_server}</var>
<arg>${test_server}</arg>
<doc>Returns the given values which can then be assigned to a variables.</doc>
<msg timestamp="20240701 21:31:33.417" level="INFO">${d.test_server} = Dev</msg>
<status status="PASS" starttime="20240701 21:31:33.417" endtime="20240701 21:31:33.417"/>
</kw>
<kw name="Reset screenshot count variable" library="Support">
<kw name="Set Variable" library="BuiltIn">
<var>${screenshotCount}</var>
<arg>${PABOTQUEUEINDEX}_1</arg>
<doc>Returns the given values which can then be assigned to a variables.</doc>
<msg timestamp="20240701 21:31:33.418" level="INFO">${screenshotCount} = 0_1</msg>
<status status="PASS" starttime="20240701 21:31:33.418" endtime="20240701 21:31:33.418"/>
</kw>
<kw name="Set Global Variable" library="BuiltIn">
<arg>${screenshotCount}</arg>
<doc>Makes a variable available globally in all tests and suites.</doc>
<msg timestamp="20240701 21:31:33.418" level="INFO">${screenshotCount} = 0_1</msg>
<status status="PASS" starttime="20240701 21:31:33.418" endtime="20240701 21:31:33.418"/>
</kw>
<kw name="Set up screenshot directory" library="Support">
<kw name="Create Directory" library="OperatingSystem">
<arg>${OUTPUTDIR}${/}${wvar('screenshot_dir')}</arg>
<doc>Creates the specified directory.</doc>
<msg timestamp="20240701 21:31:33.419" level="INFO">Web.Dev.screenshot_dir: Screenshot</msg>
<msg timestamp="20240701 21:31:33.425" level="INFO" html="true">Created directory '&lt;a href="file://C:\Anugal_Testing\Anugal\Output\pabot_results\0\Screenshot"&gt;C:\Anugal_Testing\Anugal\Output\pabot_results\0\Screenshot&lt;/a&gt;'.</msg>
<status status="PASS" starttime="20240701 21:31:33.419" endtime="20240701 21:31:33.425"/>
</kw>
<status status="PASS" starttime="20240701 21:31:33.419" endtime="20240701 21:31:33.425"/>
</kw>
<status status="PASS" starttime="20240701 21:31:33.417" endtime="20240701 21:31:33.425"/>
</kw>
<kw name="Set Global Variable" library="BuiltIn">
<arg>${screenshot_taking}</arg>
<arg>${True}</arg>
<doc>Makes a variable available globally in all tests and suites.</doc>
<msg timestamp="20240701 21:31:33.426" level="INFO">${screenshot_taking} = True</msg>
<status status="PASS" starttime="20240701 21:31:33.425" endtime="20240701 21:31:33.426"/>
</kw>
<kw name="Setup linux execution" library="Support">
<kw name="Run Keyword And Return Status" library="BuiltIn">
<var>${web_test_check}</var>
<arg>Variable Should Exist</arg>
<arg>${web_test}</arg>
<doc>Runs the given keyword with given arguments and returns the status as a Boolean value.</doc>
<kw name="Variable Should Exist" library="BuiltIn">
<arg>${web_test}</arg>
<doc>Fails unless the given variable exists within the current scope.</doc>
<status status="PASS" starttime="20240701 21:31:33.426" endtime="20240701 21:31:33.427"/>
</kw>
<msg timestamp="20240701 21:31:33.427" level="INFO">${web_test_check} = True</msg>
<status status="PASS" starttime="20240701 21:31:33.426" endtime="20240701 21:31:33.427"/>
</kw>
<kw name="Run Keyword If" library="BuiltIn">
<arg>${web_test_check}</arg>
<arg>Setup Docker Execution Options</arg>
<doc>Runs the given keyword with the given arguments, if ``condition`` is true.</doc>
<kw name="Setup Docker Execution Options" library="Support_Web">
<kw name="Setup Suite Metadata" library="Support_Web">
<arg>${browser}</arg>
<kw name="Get Browser Metadata" library="BrowserSupport">
<var>&amp;{browser_information}</var>
<arg>browser=${browser}</arg>
<doc>Fetches browser metadata information
:param browser: Name of the browser for which information is fetched
:param reload: Re-read the metadata based on the browser
:return: Browser metadata information, dict of format
            {"browser_version": browser version value,
             "driver_version": driver version value}</doc>
<msg timestamp="20240701 21:31:36.468" level="INFO">&amp;{browser_information} = { browser_version=126.0.6478.127 | driver_version=126.0.6478.62  }</msg>
<status status="PASS" starttime="20240701 21:31:33.428" endtime="20240701 21:31:36.468"/>
</kw>
<kw name="Set Suite Metadata" library="BuiltIn">
<arg>test_browser_name</arg>
<arg>${browser}</arg>
<doc>Sets metadata for the current test suite.</doc>
<msg timestamp="20240701 21:31:36.468" level="INFO">Set suite metadata 'test_browser_name' to value 'chrome'.</msg>
<status status="PASS" starttime="20240701 21:31:36.468" endtime="20240701 21:31:36.468"/>
</kw>
<kw name="Set Suite Metadata" library="BuiltIn">
<arg>test_browser_version</arg>
<arg>${browser_information.browser_version}</arg>
<doc>Sets metadata for the current test suite.</doc>
<msg timestamp="20240701 21:31:36.468" level="INFO">Set suite metadata 'test_browser_version' to value '126.0.6478.127'.</msg>
<status status="PASS" starttime="20240701 21:31:36.468" endtime="20240701 21:31:36.468"/>
</kw>
<kw name="Set Suite Metadata" library="BuiltIn">
<arg>test_driver_version</arg>
<arg>${browser_information.driver_version}</arg>
<doc>Sets metadata for the current test suite.</doc>
<msg timestamp="20240701 21:31:36.468" level="INFO">Set suite metadata 'test_driver_version' to value '126.0.6478.62 '.</msg>
<status status="PASS" starttime="20240701 21:31:36.468" endtime="20240701 21:31:36.468"/>
</kw>
<status status="PASS" starttime="20240701 21:31:33.427" endtime="20240701 21:31:36.468"/>
</kw>
<kw name="Setup Global Docker Execution Options" library="Support_Web">
<kw name="Set Global Variable" library="BuiltIn">
<arg>${global_browser_options}</arg>
<arg>None</arg>
<doc>Makes a variable available globally in all tests and suites.</doc>
<msg timestamp="20240701 21:31:36.468" level="INFO">${global_browser_options} = None</msg>
<status status="PASS" starttime="20240701 21:31:36.468" endtime="20240701 21:31:36.468"/>
</kw>
<kw name="Get Environment Variable" library="OperatingSystem">
<var>${docker_check}</var>
<arg>EXECUTION_ENVIRONMENT</arg>
<arg>not_found</arg>
<doc>Returns the value of an environment variable with the given name.</doc>
<msg timestamp="20240701 21:31:36.468" level="INFO">${docker_check} = not_found</msg>
<status status="PASS" starttime="20240701 21:31:36.468" endtime="20240701 21:31:36.468"/>
</kw>
<kw name="Run Keyword And Return If" library="BuiltIn">
<arg>"${docker_check}"!="docker"</arg>
<arg>Log</arg>
<arg>Not executing on Docker</arg>
<doc>Runs the specified keyword and returns from the enclosing user keyword.</doc>
<kw name="Log" library="BuiltIn">
<arg>Not executing on Docker</arg>
<doc>Logs the given message with the given level.</doc>
<msg timestamp="20240701 21:31:36.468" level="INFO">Not executing on Docker</msg>
<status status="PASS" starttime="20240701 21:31:36.468" endtime="20240701 21:31:36.468"/>
</kw>
<msg timestamp="20240701 21:31:36.468" level="INFO">Returning from the enclosing user keyword.</msg>
<status status="PASS" starttime="20240701 21:31:36.468" endtime="20240701 21:31:36.468"/>
</kw>
<kw name="Create List" library="BuiltIn">
<var>@{options}</var>
<arg>--headless</arg>
<arg>--no-sandbox</arg>
<arg>--disable-dev-shm-usage</arg>
<doc>Returns a list containing given items.</doc>
<status status="NOT RUN" starttime="20240701 21:31:36.468" endtime="20240701 21:31:36.468"/>
</kw>
<kw name="Set Global Variable" library="BuiltIn">
<arg>@{docker_options}</arg>
<arg>@{options}</arg>
<doc>Makes a variable available globally in all tests and suites.</doc>
<status status="NOT RUN" starttime="20240701 21:31:36.468" endtime="20240701 21:31:36.468"/>
</kw>
<status status="PASS" starttime="20240701 21:31:36.468" endtime="20240701 21:31:36.468"/>
</kw>
<kw name="Create Webdriver for chrome preferences" library="Support_Web">
<kw name="Update Docker Execution Options" library="Support_Web">
<var>${list_prefs}</var>
<arg>${list_prefs}</arg>
<kw name="Run Keyword And Return Status" library="BuiltIn">
<var>${docker_check}</var>
<arg>Variable Should Exist</arg>
<arg>${docker_options}</arg>
<doc>Runs the given keyword with given arguments and returns the status as a Boolean value.</doc>
<kw name="Variable Should Exist" library="BuiltIn">
<arg>${docker_options}</arg>
<doc>Fails unless the given variable exists within the current scope.</doc>
<msg timestamp="20240701 21:31:36.468" level="FAIL">Variable '${docker_options}' does not exist.</msg>
<status status="FAIL" starttime="20240701 21:31:36.468" endtime="20240701 21:31:36.468"/>
</kw>
<msg timestamp="20240701 21:31:36.468" level="INFO">${docker_check} = False</msg>
<status status="PASS" starttime="20240701 21:31:36.468" endtime="20240701 21:31:36.468"/>
</kw>
<kw name="Get Length" library="BuiltIn">
<var>${list_prefs_length}</var>
<arg>${list_prefs}</arg>
<doc>Returns and logs the length of the given item as an integer.</doc>
<msg timestamp="20240701 21:31:36.468" level="INFO">Length is 1</msg>
<msg timestamp="20240701 21:31:36.468" level="INFO">${list_prefs_length} = 1</msg>
<status status="PASS" starttime="20240701 21:31:36.468" endtime="20240701 21:31:36.468"/>
</kw>
<kw name="Run Keyword If" library="BuiltIn">
<var>${list_prefs}</var>
<arg>${docker_check} and ${list_prefs_length}&gt;0 and ${list_prefs}[0] != []</arg>
<arg>Combine Lists</arg>
<arg>${list_prefs}</arg>
<arg>${docker_options}</arg>
<arg>ELSE IF</arg>
<arg>${docker_check}</arg>
<arg>Set Variable</arg>
<arg>${docker_options}</arg>
<arg>ELSE</arg>
<arg>Set Variable</arg>
<arg>${list_prefs}</arg>
<doc>Runs the given keyword with the given arguments, if ``condition`` is true.</doc>
<kw name="Set Variable" library="BuiltIn">
<arg>${list_prefs}</arg>
<doc>Returns the given values which can then be assigned to a variables.</doc>
<status status="PASS" starttime="20240701 21:31:36.468" endtime="20240701 21:31:36.468"/>
</kw>
<msg timestamp="20240701 21:31:36.468" level="INFO">${list_prefs} = [[]]</msg>
<status status="PASS" starttime="20240701 21:31:36.468" endtime="20240701 21:31:36.468"/>
</kw>
<msg timestamp="20240701 21:31:36.468" level="INFO">${list_prefs} = [[]]</msg>
<status status="PASS" starttime="20240701 21:31:36.468" endtime="20240701 21:31:36.468"/>
</kw>
<kw name="Create Chrome Options for download preferences" library="Support_Web">
<var>${chrome_options}</var>
<kw name="Evaluate" library="BuiltIn">
<var>${chrome_options}</var>
<arg>sys.modules['selenium.webdriver'].ChromeOptions()</arg>
<arg>sys</arg>
<doc>Evaluates the given expression in Python and returns the result.</doc>
<msg timestamp="20240701 21:31:36.468" level="INFO">${chrome_options} = &lt;selenium.webdriver.chrome.options.Options object at 0x00000178363C6CC0&gt;</msg>
<status status="PASS" starttime="20240701 21:31:36.468" endtime="20240701 21:31:36.468"/>
</kw>
<msg timestamp="20240701 21:31:36.468" level="INFO">${chrome_options} = &lt;selenium.webdriver.chrome.options.Options object at 0x00000178363C6CC0&gt;</msg>
<status status="PASS" starttime="20240701 21:31:36.468" endtime="20240701 21:31:36.468"/>
</kw>
<kw name="Update Preferences List" library="Support_Web">
<arg>${chrome_options}</arg>
<arg>@{list_prefs}</arg>
<kw name="Convert To String" library="BuiltIn">
<var>${string_prefs}</var>
<arg>${list_prefs}</arg>
<doc>Converts the given item to a Unicode string.</doc>
<msg timestamp="20240701 21:31:36.468" level="INFO">${string_prefs} = [[]]</msg>
<status status="PASS" starttime="20240701 21:31:36.468" endtime="20240701 21:31:36.468"/>
</kw>
<kw name="Return From Keyword If" library="BuiltIn">
<arg>${string_prefs} == [[]]</arg>
<doc>Returns from the enclosing user keyword if ``condition`` is true.</doc>
<msg timestamp="20240701 21:31:36.468" level="INFO">Returning from the enclosing user keyword.</msg>
<status status="PASS" starttime="20240701 21:31:36.468" endtime="20240701 21:31:36.468"/>
</kw>
<for flavor="IN">
<var>${preference}</var>
<value>@{list_prefs}</value>
<iter>
<var name="${preference}"/>
<kw name="Call Method" library="BuiltIn">
<arg>${chrome_options}</arg>
<arg>add_argument</arg>
<arg>${preference}</arg>
<doc>Calls the named method of the given object with the provided arguments.</doc>
<status status="NOT RUN" starttime="20240701 21:31:36.468" endtime="20240701 21:31:36.468"/>
</kw>
<status status="NOT RUN" starttime="20240701 21:31:36.468" endtime="20240701 21:31:36.468"/>
</iter>
<status status="NOT RUN" starttime="20240701 21:31:36.468" endtime="20240701 21:31:36.468"/>
</for>
<status status="PASS" starttime="20240701 21:31:36.468" endtime="20240701 21:31:36.468"/>
</kw>
<kw name="Call Method" library="BuiltIn">
<arg>${chrome_options}</arg>
<arg>add_experimental_option</arg>
<arg>prefs</arg>
<arg>${kw_prefs}</arg>
<doc>Calls the named method of the given object with the provided arguments.</doc>
<status status="PASS" starttime="20240701 21:31:36.468" endtime="20240701 21:31:36.468"/>
</kw>
<kw name="Set Global Variable" library="BuiltIn">
<arg>${global_browser_options}</arg>
<arg>${chrome options}</arg>
<doc>Makes a variable available globally in all tests and suites.</doc>
<msg timestamp="20240701 21:31:36.468" level="INFO">${global_browser_options} = &lt;selenium.webdriver.chrome.options.Options object at 0x00000178363C6CC0&gt;</msg>
<status status="PASS" starttime="20240701 21:31:36.468" endtime="20240701 21:31:36.468"/>
</kw>
<status status="PASS" starttime="20240701 21:31:36.468" endtime="20240701 21:31:36.468"/>
</kw>
<status status="PASS" starttime="20240701 21:31:33.427" endtime="20240701 21:31:36.468"/>
</kw>
<status status="PASS" starttime="20240701 21:31:33.427" endtime="20240701 21:31:36.468"/>
</kw>
<status status="PASS" starttime="20240701 21:31:33.426" endtime="20240701 21:31:36.468"/>
</kw>
<kw name="Set Suite Metadata" library="BuiltIn">
<arg>environment</arg>
<arg>${test_server}</arg>
<doc>Sets metadata for the current test suite.</doc>
<msg timestamp="20240701 21:31:36.468" level="INFO">Set suite metadata 'environment' to value 'Dev'.</msg>
<status status="PASS" starttime="20240701 21:31:36.468" endtime="20240701 21:31:36.468"/>
</kw>
<status status="PASS" starttime="20240701 21:31:33.417" endtime="20240701 21:31:36.468"/>
</kw>
<suite id="s1-s1" name="Test Access request" source="C:\Anugal_Testing\Anugal\Tests\Test_Access_request.robot">
<test id="s1-s1-t1" name="Start TestCase" line="7">
<kw name="Start TestCase" library="Access_request">
<kw name="Log" library="BuiltIn">
<arg>Opening browser</arg>
<doc>Logs the given message with the given level.</doc>
<msg timestamp="20240701 21:31:36.483" level="INFO">Opening browser</msg>
<status status="PASS" starttime="20240701 21:31:36.483" endtime="20240701 21:31:36.483"/>
</kw>
<kw name="Open Browser" library="SeleniumLibrary">
<arg>${angvar('url')}</arg>
<arg>${angvar('browser')}</arg>
<doc>Opens a new browser instance to the optional ``url``.</doc>
<msg timestamp="20240701 21:31:36.483" level="INFO">Ang.Dev.url: https://dev.anugalid.com/login</msg>
<msg timestamp="20240701 21:31:36.483" level="INFO">Ang.Dev.browser: Chrome</msg>
<msg timestamp="20240701 21:31:36.483" level="INFO">Opening browser 'Chrome' to base url 'https://dev.anugalid.com/login'.</msg>
<status status="PASS" starttime="20240701 21:31:36.483" endtime="20240701 21:31:38.809"/>
</kw>
<status status="PASS" starttime="20240701 21:31:36.483" endtime="20240701 21:31:38.809"/>
</kw>
<tag>Access_request</tag>
<status status="PASS" starttime="20240701 21:31:36.483" endtime="20240701 21:31:38.809"/>
</test>
<test id="s1-s1-t2" name="Submit Anugal username and password" line="10">
<kw name="Submit Anugal username and password" library="Access_request">
<kw name="Wait Until Element Is Visible" library="SeleniumLibrary">
<arg>${angvar('user_text_box')}</arg>
<doc>Waits until the element ``locator`` is visible.</doc>
<msg timestamp="20240701 21:31:38.924" level="INFO">Ang.Dev.user_text_box: id:emailId</msg>
<status status="PASS" starttime="20240701 21:31:38.923" endtime="20240701 21:31:38.945"/>
</kw>
<kw name="Sleep" library="BuiltIn">
<arg>10</arg>
<doc>Pauses the test executed for the given time.</doc>
<msg timestamp="20240701 21:31:48.946" level="INFO">Slept 10 seconds</msg>
<status status="PASS" starttime="20240701 21:31:38.945" endtime="20240701 21:31:48.946"/>
</kw>
<kw name="Click Element" library="SeleniumLibrary">
<arg>xpath:(//div[@class='MuiStack-root css-1ed5314']//button)[2]</arg>
<doc>Click the element identified by ``locator``.</doc>
<msg timestamp="20240701 21:31:48.946" level="INFO">Clicking element 'xpath:(//div[@class='MuiStack-root css-1ed5314']//button)[2]'.</msg>
<status status="PASS" starttime="20240701 21:31:48.946" endtime="20240701 21:31:49.010"/>
</kw>
<kw name="Sleep" library="BuiltIn">
<arg>5</arg>
<doc>Pauses the test executed for the given time.</doc>
<msg timestamp="20240701 21:31:54.011" level="INFO">Slept 5 seconds</msg>
<status status="PASS" starttime="20240701 21:31:49.010" endtime="20240701 21:31:54.011"/>
</kw>
<kw name="Input Text" library="SeleniumLibrary">
<arg>xpath://*[@id="i0116"]</arg>
<arg>malayranjan.s@basiscloudsolutions.com</arg>
<doc>Types the given ``text`` into the text field identified by ``locator``.</doc>
<msg timestamp="20240701 21:31:54.011" level="INFO">Typing text 'malayranjan.s@basiscloudsolutions.com' into text field 'xpath://*[@id="i0116"]'.</msg>
<status status="PASS" starttime="20240701 21:31:54.011" endtime="20240701 21:31:54.108"/>
</kw>
<kw name="Sleep" library="BuiltIn">
<arg>3</arg>
<doc>Pauses the test executed for the given time.</doc>
<msg timestamp="20240701 21:31:57.109" level="INFO">Slept 3 seconds</msg>
<status status="PASS" starttime="20240701 21:31:54.109" endtime="20240701 21:31:57.109"/>
</kw>
<kw name="Click Element" library="SeleniumLibrary">
<arg>xpath://*[@id="idSIButton9"]</arg>
<doc>Click the element identified by ``locator``.</doc>
<msg timestamp="20240701 21:31:57.109" level="INFO">Clicking element 'xpath://*[@id="idSIButton9"]'.</msg>
<status status="PASS" starttime="20240701 21:31:57.109" endtime="20240701 21:31:57.153"/>
</kw>
<kw name="Wait Until Element Is Visible" library="SeleniumLibrary">
<arg>xpath://*[@id="i0118"]</arg>
<arg>60s</arg>
<doc>Waits until the element ``locator`` is visible.</doc>
<status status="PASS" starttime="20240701 21:31:57.153" endtime="20240701 21:31:58.029"/>
</kw>
<kw name="Input Text" library="SeleniumLibrary">
<arg>xpath://*[@id="i0118"]</arg>
<arg>Malay@Ranjan!@#</arg>
<doc>Types the given ``text`` into the text field identified by ``locator``.</doc>
<msg timestamp="20240701 21:31:58.030" level="INFO">Typing text 'Malay@Ranjan!@#' into text field 'xpath://*[@id="i0118"]'.</msg>
<status status="PASS" starttime="20240701 21:31:58.029" endtime="20240701 21:31:58.090"/>
</kw>
<kw name="Click Element" library="SeleniumLibrary">
<arg>xpath://*[@id="idSIButton9"]</arg>
<doc>Click the element identified by ``locator``.</doc>
<msg timestamp="20240701 21:31:58.092" level="INFO">Clicking element 'xpath://*[@id="idSIButton9"]'.</msg>
<status status="PASS" starttime="20240701 21:31:58.090" endtime="20240701 21:31:58.496"/>
</kw>
<kw name="Sleep" library="BuiltIn">
<arg>2</arg>
<doc>Pauses the test executed for the given time.</doc>
<msg timestamp="20240701 21:32:00.496" level="INFO">Slept 2 seconds</msg>
<status status="PASS" starttime="20240701 21:31:58.496" endtime="20240701 21:32:00.496"/>
</kw>
<kw name="Click Element" library="SeleniumLibrary">
<arg>xpath://*[@id="idBtn_Back"]</arg>
<doc>Click the element identified by ``locator``.</doc>
<msg timestamp="20240701 21:32:00.496" level="INFO">Clicking element 'xpath://*[@id="idBtn_Back"]'.</msg>
<status status="PASS" starttime="20240701 21:32:00.496" endtime="20240701 21:32:01.891"/>
</kw>
<kw name="Sleep" library="BuiltIn">
<arg>5</arg>
<doc>Pauses the test executed for the given time.</doc>
<msg timestamp="20240701 21:32:06.891" level="INFO">Slept 5 seconds</msg>
<status status="PASS" starttime="20240701 21:32:01.891" endtime="20240701 21:32:06.891"/>
</kw>
<kw name="Maximize Browser Window" library="SeleniumLibrary">
<doc>Maximizes current browser window.</doc>
<status status="PASS" starttime="20240701 21:32:06.891" endtime="20240701 21:32:06.928"/>
</kw>
<kw name="Sleep" library="BuiltIn">
<arg>20</arg>
<doc>Pauses the test executed for the given time.</doc>
<msg timestamp="20240701 21:32:26.929" level="INFO">Slept 20 seconds</msg>
<status status="PASS" starttime="20240701 21:32:06.928" endtime="20240701 21:32:26.929"/>
</kw>
<status status="PASS" starttime="20240701 21:31:38.923" endtime="20240701 21:32:26.929"/>
</kw>
<tag>Access_request</tag>
<status status="PASS" starttime="20240701 21:31:38.810" endtime="20240701 21:32:26.929"/>
</test>
<test id="s1-s1-t3" name="Access_Request" line="13">
<kw name="Access_Request" library="Access_request">
<kw name="Click Element" library="SeleniumLibrary">
<arg>xpath:(//img[@class='css-0'])[1]</arg>
<doc>Click the element identified by ``locator``.</doc>
<msg timestamp="20240701 21:32:26.929" level="INFO">Clicking element 'xpath:(//img[@class='css-0'])[1]'.</msg>
<status status="PASS" starttime="20240701 21:32:26.929" endtime="20240701 21:32:27.010"/>
</kw>
<kw name="Sleep" library="BuiltIn">
<arg>2</arg>
<doc>Pauses the test executed for the given time.</doc>
<msg timestamp="20240701 21:32:29.010" level="INFO">Slept 2 seconds</msg>
<status status="PASS" starttime="20240701 21:32:27.010" endtime="20240701 21:32:29.010"/>
</kw>
<kw name="Click Element" library="SeleniumLibrary">
<arg>xpath://li[text()='Access Request']</arg>
<doc>Click the element identified by ``locator``.</doc>
<msg timestamp="20240701 21:32:29.010" level="INFO">Clicking element 'xpath://li[text()='Access Request']'.</msg>
<status status="PASS" starttime="20240701 21:32:29.010" endtime="20240701 21:32:29.114"/>
</kw>
<kw name="Sleep" library="BuiltIn">
<arg>5</arg>
<doc>Pauses the test executed for the given time.</doc>
<msg timestamp="20240701 21:32:34.114" level="INFO">Slept 5 seconds</msg>
<status status="PASS" starttime="20240701 21:32:29.114" endtime="20240701 21:32:34.114"/>
</kw>
<kw name="Input Text" library="SeleniumLibrary">
<arg>xpath://input[@role='combobox']</arg>
<arg>MALAYRANJAN</arg>
<doc>Types the given ``text`` into the text field identified by ``locator``.</doc>
<msg timestamp="20240701 21:32:34.114" level="INFO">Typing text 'MALAYRANJAN' into text field 'xpath://input[@role='combobox']'.</msg>
<status status="PASS" starttime="20240701 21:32:34.114" endtime="20240701 21:32:34.221"/>
</kw>
<kw name="Sleep" library="BuiltIn">
<arg>1</arg>
<doc>Pauses the test executed for the given time.</doc>
<msg timestamp="20240701 21:32:35.222" level="INFO">Slept 1 second</msg>
<status status="PASS" starttime="20240701 21:32:34.221" endtime="20240701 21:32:35.222"/>
</kw>
<kw name="Click Element" library="SeleniumLibrary">
<arg>xpath://button[text()='Next']</arg>
<doc>Click the element identified by ``locator``.</doc>
<msg timestamp="20240701 21:32:35.222" level="INFO">Clicking element 'xpath://button[text()='Next']'.</msg>
<status status="PASS" starttime="20240701 21:32:35.222" endtime="20240701 21:32:35.293"/>
</kw>
<kw name="Sleep" library="BuiltIn">
<arg>2</arg>
<doc>Pauses the test executed for the given time.</doc>
<msg timestamp="20240701 21:32:37.293" level="INFO">Slept 2 seconds</msg>
<status status="PASS" starttime="20240701 21:32:35.293" endtime="20240701 21:32:37.293"/>
</kw>
<kw name="Click Element" library="SeleniumLibrary">
<arg>id:mui-component-select-category</arg>
<doc>Click the element identified by ``locator``.</doc>
<msg timestamp="20240701 21:32:37.293" level="INFO">Clicking element 'id:mui-component-select-category'.</msg>
<status status="PASS" starttime="20240701 21:32:37.293" endtime="20240701 21:32:37.337"/>
</kw>
<kw name="Sleep" library="BuiltIn">
<arg>2</arg>
<doc>Pauses the test executed for the given time.</doc>
<msg timestamp="20240701 21:32:39.337" level="INFO">Slept 2 seconds</msg>
<status status="PASS" starttime="20240701 21:32:37.337" endtime="20240701 21:32:39.337"/>
</kw>
<kw name="Click Element" library="SeleniumLibrary">
<arg>xpath://li[@data-value='application']</arg>
<doc>Click the element identified by ``locator``.</doc>
<msg timestamp="20240701 21:32:39.337" level="INFO">Clicking element 'xpath://li[@data-value='application']'.</msg>
<status status="PASS" starttime="20240701 21:32:39.337" endtime="20240701 21:32:39.409"/>
</kw>
<kw name="Sleep" library="BuiltIn">
<arg>2</arg>
<doc>Pauses the test executed for the given time.</doc>
<msg timestamp="20240701 21:32:41.409" level="INFO">Slept 2 seconds</msg>
<status status="PASS" starttime="20240701 21:32:39.409" endtime="20240701 21:32:41.409"/>
</kw>
<kw name="Click Element" library="SeleniumLibrary">
<arg>xpath:(//div[@role='combobox'])[2]</arg>
<doc>Click the element identified by ``locator``.</doc>
<msg timestamp="20240701 21:32:41.409" level="INFO">Clicking element 'xpath:(//div[@role='combobox'])[2]'.</msg>
<status status="PASS" starttime="20240701 21:32:41.409" endtime="20240701 21:32:41.475"/>
</kw>
<kw name="Sleep" library="BuiltIn">
<arg>1</arg>
<doc>Pauses the test executed for the given time.</doc>
<msg timestamp="20240701 21:32:42.475" level="INFO">Slept 1 second</msg>
<status status="PASS" starttime="20240701 21:32:41.475" endtime="20240701 21:32:42.475"/>
</kw>
<kw name="Click Element" library="SeleniumLibrary">
<arg>xpath://li[text()='Symphony']</arg>
<doc>Click the element identified by ``locator``.</doc>
<msg timestamp="20240701 21:32:42.475" level="INFO">Clicking element 'xpath://li[text()='Symphony']'.</msg>
<status status="PASS" starttime="20240701 21:32:42.475" endtime="20240701 21:32:42.549"/>
</kw>
<kw name="Sleep" library="BuiltIn">
<arg>1</arg>
<doc>Pauses the test executed for the given time.</doc>
<msg timestamp="20240701 21:32:43.550" level="INFO">Slept 1 second</msg>
<status status="PASS" starttime="20240701 21:32:42.549" endtime="20240701 21:32:43.550"/>
</kw>
<kw name="Click Element" library="SeleniumLibrary">
<arg>id:mui-component-select-application</arg>
<doc>Click the element identified by ``locator``.</doc>
<msg timestamp="20240701 21:32:43.550" level="INFO">Clicking element 'id:mui-component-select-application'.</msg>
<status status="PASS" starttime="20240701 21:32:43.550" endtime="20240701 21:32:43.591"/>
</kw>
<kw name="Sleep" library="BuiltIn">
<arg>1</arg>
<doc>Pauses the test executed for the given time.</doc>
<msg timestamp="20240701 21:32:44.591" level="INFO">Slept 1 second</msg>
<status status="PASS" starttime="20240701 21:32:43.591" endtime="20240701 21:32:44.591"/>
</kw>
<kw name="Click Element" library="SeleniumLibrary">
<arg>xpath://li[@data-value='SAP']</arg>
<doc>Click the element identified by ``locator``.</doc>
<msg timestamp="20240701 21:32:44.591" level="INFO">Clicking element 'xpath://li[@data-value='SAP']'.</msg>
<status status="PASS" starttime="20240701 21:32:44.591" endtime="20240701 21:32:44.641"/>
</kw>
<kw name="Sleep" library="BuiltIn">
<arg>1</arg>
<doc>Pauses the test executed for the given time.</doc>
<msg timestamp="20240701 21:32:45.642" level="INFO">Slept 1 second</msg>
<status status="PASS" starttime="20240701 21:32:44.641" endtime="20240701 21:32:45.642"/>
</kw>
<kw name="Click Element" library="SeleniumLibrary">
<arg>id:mui-component-select-configurationId</arg>
<doc>Click the element identified by ``locator``.</doc>
<msg timestamp="20240701 21:32:45.642" level="INFO">Clicking element 'id:mui-component-select-configurationId'.</msg>
<status status="PASS" starttime="20240701 21:32:45.642" endtime="20240701 21:32:45.685"/>
</kw>
<kw name="Sleep" library="BuiltIn">
<arg>1</arg>
<doc>Pauses the test executed for the given time.</doc>
<msg timestamp="20240701 21:32:46.685" level="INFO">Slept 1 second</msg>
<status status="PASS" starttime="20240701 21:32:45.685" endtime="20240701 21:32:46.685"/>
</kw>
<kw name="Click Element" library="SeleniumLibrary">
<arg>xpath://li[text()='SAP DEVELOPMENT-DEV']</arg>
<doc>Click the element identified by ``locator``.</doc>
<msg timestamp="20240701 21:32:46.685" level="INFO">Clicking element 'xpath://li[text()='SAP DEVELOPMENT-DEV']'.</msg>
<status status="PASS" starttime="20240701 21:32:46.685" endtime="20240701 21:32:46.732"/>
</kw>
<kw name="Sleep" library="BuiltIn">
<arg>1</arg>
<doc>Pauses the test executed for the given time.</doc>
<msg timestamp="20240701 21:32:47.734" level="INFO">Slept 1 second</msg>
<status status="PASS" starttime="20240701 21:32:46.733" endtime="20240701 21:32:47.734"/>
</kw>
<kw name="Click Element" library="SeleniumLibrary">
<arg>xpath://button[text()='Search']</arg>
<doc>Click the element identified by ``locator``.</doc>
<msg timestamp="20240701 21:32:47.734" level="INFO">Clicking element 'xpath://button[text()='Search']'.</msg>
<status status="PASS" starttime="20240701 21:32:47.734" endtime="20240701 21:32:47.783"/>
</kw>
<kw name="Sleep" library="BuiltIn">
<arg>5</arg>
<doc>Pauses the test executed for the given time.</doc>
<msg timestamp="20240701 21:32:52.783" level="INFO">Slept 5 seconds</msg>
<status status="PASS" starttime="20240701 21:32:47.783" endtime="20240701 21:32:52.783"/>
</kw>
<kw name="Click Element" library="SeleniumLibrary">
<arg>xpath://div[@title='/BCS/SYMPHONY_AZURE']</arg>
<doc>Click the element identified by ``locator``.</doc>
<msg timestamp="20240701 21:32:52.783" level="INFO">Clicking element 'xpath://div[@title='/BCS/SYMPHONY_AZURE']'.</msg>
<status status="PASS" starttime="20240701 21:32:52.783" endtime="20240701 21:32:52.864"/>
</kw>
<kw name="Sleep" library="BuiltIn">
<arg>2</arg>
<doc>Pauses the test executed for the given time.</doc>
<msg timestamp="20240701 21:32:54.865" level="INFO">Slept 2 seconds</msg>
<status status="PASS" starttime="20240701 21:32:52.865" endtime="20240701 21:32:54.865"/>
</kw>
<kw name="Click Element" library="SeleniumLibrary">
<arg>xpath://a[normalize-space()='Add']</arg>
<doc>Click the element identified by ``locator``.</doc>
<msg timestamp="20240701 21:32:54.865" level="INFO">Clicking element 'xpath://a[normalize-space()='Add']'.</msg>
<status status="PASS" starttime="20240701 21:32:54.865" endtime="20240701 21:32:55.041"/>
</kw>
<kw name="Sleep" library="BuiltIn">
<arg>1</arg>
<doc>Pauses the test executed for the given time.</doc>
<msg timestamp="20240701 21:32:56.042" level="INFO">Slept 1 second</msg>
<status status="PASS" starttime="20240701 21:32:55.041" endtime="20240701 21:32:56.042"/>
</kw>
<kw name="Click Element" library="SeleniumLibrary">
<arg>${angvar('DATE_INPUT_from')}</arg>
<doc>Click the element identified by ``locator``.</doc>
<msg timestamp="20240701 21:32:56.042" level="INFO">Ang.Dev.DATE_INPUT_from: xpath:(//input[@type='date'])[1]</msg>
<msg timestamp="20240701 21:32:56.042" level="INFO">Clicking element 'xpath:(//input[@type='date'])[1]'.</msg>
<status status="PASS" starttime="20240701 21:32:56.042" endtime="20240701 21:32:56.082"/>
</kw>
<kw name="Sleep" library="BuiltIn">
<arg>1</arg>
<doc>Pauses the test executed for the given time.</doc>
<msg timestamp="20240701 21:32:57.083" level="INFO">Slept 1 second</msg>
<status status="PASS" starttime="20240701 21:32:56.083" endtime="20240701 21:32:57.083"/>
</kw>
<kw name="Press Keys" library="SeleniumLibrary">
<arg>${angvar('DATE_INPUT_from')}</arg>
<arg>CTRL+a</arg>
<arg>BACKSPACE</arg>
<doc>Simulates the user pressing key(s) to an element or on the active browser.</doc>
<msg timestamp="20240701 21:32:57.083" level="INFO">Ang.Dev.DATE_INPUT_from: xpath:(//input[@type='date'])[1]</msg>
<msg timestamp="20240701 21:32:57.083" level="INFO">Sending key(s) ('CTRL+a', 'BACKSPACE') to xpath:(//input[@type='date'])[1] element.</msg>
<msg timestamp="20240701 21:32:57.362" level="INFO">Pressing special key CONTROL down.</msg>
<msg timestamp="20240701 21:32:57.362" level="INFO">Sending key a</msg>
<msg timestamp="20240701 21:32:57.362" level="INFO">Releasing special key CONTROL.</msg>
<msg timestamp="20240701 21:32:57.374" level="INFO">Pressing special key BACKSPACE to element.</msg>
<msg timestamp="20240701 21:32:57.374" level="INFO">Releasing special key BACKSPACE.</msg>
<status status="PASS" starttime="20240701 21:32:57.083" endtime="20240701 21:32:57.466"/>
</kw>
<kw name="Sleep" library="BuiltIn">
<arg>2</arg>
<doc>Pauses the test executed for the given time.</doc>
<msg timestamp="20240701 21:32:59.466" level="INFO">Slept 2 seconds</msg>
<status status="PASS" starttime="20240701 21:32:57.466" endtime="20240701 21:32:59.466"/>
</kw>
<kw name="Capture Page Screenshot" library="SeleniumLibrary">
<doc>Takes a screenshot of the current page and embeds it into a log file.</doc>
<msg timestamp="20240701 21:32:59.566" level="INFO" html="true">&lt;/td&gt;&lt;/tr&gt;&lt;tr&gt;&lt;td colspan="3"&gt;&lt;a href="selenium-screenshot-1.png"&gt;&lt;img src="selenium-screenshot-1.png" width="800px"&gt;&lt;/a&gt;</msg>
<status status="PASS" starttime="20240701 21:32:59.466" endtime="20240701 21:32:59.566"/>
</kw>
<kw name="Get Current Date" library="DateTime">
<var>${current_date}</var>
<arg>result_format=%Y-%m-%d</arg>
<doc>Returns current local or UTC time with an optional increment.</doc>
<msg timestamp="20240701 21:32:59.566" level="INFO">${current_date} = 2024-07-01</msg>
<status status="PASS" starttime="20240701 21:32:59.566" endtime="20240701 21:32:59.566"/>
</kw>
<kw name="Get Current Date" library="DateTime">
<var>${valid_from}</var>
<arg>result_format=%d-%m-%Y</arg>
<arg>increment=+2d</arg>
<doc>Returns current local or UTC time with an optional increment.</doc>
<msg timestamp="20240701 21:32:59.566" level="INFO">${valid_from} = 03-07-2024</msg>
<status status="PASS" starttime="20240701 21:32:59.566" endtime="20240701 21:32:59.566"/>
</kw>
<kw name="Capture Page Screenshot" library="SeleniumLibrary">
<doc>Takes a screenshot of the current page and embeds it into a log file.</doc>
<msg timestamp="20240701 21:32:59.657" level="INFO" html="true">&lt;/td&gt;&lt;/tr&gt;&lt;tr&gt;&lt;td colspan="3"&gt;&lt;a href="selenium-screenshot-2.png"&gt;&lt;img src="selenium-screenshot-2.png" width="800px"&gt;&lt;/a&gt;</msg>
<status status="PASS" starttime="20240701 21:32:59.566" endtime="20240701 21:32:59.657"/>
</kw>
<kw name="Evaluate" library="BuiltIn">
<var>${current_year}</var>
<arg>str('${current_date}').split('-')[0]</arg>
<doc>Evaluates the given expression in Python and returns the result.</doc>
<msg timestamp="20240701 21:32:59.657" level="INFO">${current_year} = 2024</msg>
<status status="PASS" starttime="20240701 21:32:59.657" endtime="20240701 21:32:59.657"/>
</kw>
<kw name="Evaluate" library="BuiltIn">
<var>${current_month}</var>
<arg>str('${current_date}').split('-')[1]</arg>
<doc>Evaluates the given expression in Python and returns the result.</doc>
<msg timestamp="20240701 21:32:59.657" level="INFO">${current_month} = 07</msg>
<status status="PASS" starttime="20240701 21:32:59.657" endtime="20240701 21:32:59.657"/>
</kw>
<kw name="Evaluate" library="BuiltIn">
<var>${current_day}</var>
<arg>str('${current_date}').split('-')[2]</arg>
<doc>Evaluates the given expression in Python and returns the result.</doc>
<msg timestamp="20240701 21:32:59.657" level="INFO">${current_day} = 01</msg>
<status status="PASS" starttime="20240701 21:32:59.657" endtime="20240701 21:32:59.657"/>
</kw>
<kw name="Log" library="BuiltIn">
<arg>Current Year: ${current_year}</arg>
<doc>Logs the given message with the given level.</doc>
<msg timestamp="20240701 21:32:59.657" level="INFO">Current Year: 2024</msg>
<status status="PASS" starttime="20240701 21:32:59.657" endtime="20240701 21:32:59.657"/>
</kw>
<kw name="Log" library="BuiltIn">
<arg>Current Month: ${current_month}</arg>
<doc>Logs the given message with the given level.</doc>
<msg timestamp="20240701 21:32:59.657" level="INFO">Current Month: 07</msg>
<status status="PASS" starttime="20240701 21:32:59.657" endtime="20240701 21:32:59.657"/>
</kw>
<kw name="Log" library="BuiltIn">
<arg>Current Day: ${current_day}</arg>
<doc>Logs the given message with the given level.</doc>
<msg timestamp="20240701 21:32:59.657" level="INFO">Current Day: 01</msg>
<status status="PASS" starttime="20240701 21:32:59.657" endtime="20240701 21:32:59.657"/>
</kw>
<kw name="Press Keys" library="SeleniumLibrary">
<arg>${angvar('DATE_INPUT_from')}</arg>
<arg>ARROW_RIGHT</arg>
<arg>ARROW_RIGHT</arg>
<arg>${current_year}</arg>
<arg>ARROW_LEFT</arg>
<arg>ARROW_LEFT</arg>
<arg>${current_day}</arg>
<arg>${current_month}</arg>
<doc>Simulates the user pressing key(s) to an element or on the active browser.</doc>
<msg timestamp="20240701 21:32:59.673" level="INFO">Ang.Dev.DATE_INPUT_from: xpath:(//input[@type='date'])[1]</msg>
<msg timestamp="20240701 21:32:59.673" level="INFO">Sending key(s) ('ARROW_RIGHT', 'ARROW_RIGHT', '2024', 'ARROW_LEFT', 'ARROW_LEFT', '01', '07') to xpath:(//input[@type='date'])[1] element.</msg>
<msg timestamp="20240701 21:32:59.943" level="INFO">Pressing special key ARROW_RIGHT to element.</msg>
<msg timestamp="20240701 21:32:59.943" level="INFO">Releasing special key ARROW_RIGHT.</msg>
<msg timestamp="20240701 21:32:59.943" level="INFO">Pressing special key ARROW_RIGHT to element.</msg>
<msg timestamp="20240701 21:32:59.943" level="INFO">Releasing special key ARROW_RIGHT.</msg>
<msg timestamp="20240701 21:32:59.943" level="INFO">Sending keys 2024</msg>
<msg timestamp="20240701 21:32:59.962" level="INFO">Pressing special key ARROW_LEFT to element.</msg>
<msg timestamp="20240701 21:32:59.962" level="INFO">Releasing special key ARROW_LEFT.</msg>
<msg timestamp="20240701 21:32:59.966" level="INFO">Pressing special key ARROW_LEFT to element.</msg>
<msg timestamp="20240701 21:32:59.966" level="INFO">Releasing special key ARROW_LEFT.</msg>
<msg timestamp="20240701 21:32:59.971" level="INFO">Sending keys 01</msg>
<msg timestamp="20240701 21:32:59.977" level="INFO">Sending keys 07</msg>
<status status="PASS" starttime="20240701 21:32:59.657" endtime="20240701 21:33:00.025"/>
</kw>
<kw name="Sleep" library="BuiltIn">
<arg>5</arg>
<doc>Pauses the test executed for the given time.</doc>
<msg timestamp="20240701 21:33:05.026" level="INFO">Slept 5 seconds</msg>
<status status="PASS" starttime="20240701 21:33:00.025" endtime="20240701 21:33:05.026"/>
</kw>
<kw name="Capture Page Screenshot" library="SeleniumLibrary">
<doc>Takes a screenshot of the current page and embeds it into a log file.</doc>
<msg timestamp="20240701 21:33:05.118" level="INFO" html="true">&lt;/td&gt;&lt;/tr&gt;&lt;tr&gt;&lt;td colspan="3"&gt;&lt;a href="selenium-screenshot-3.png"&gt;&lt;img src="selenium-screenshot-3.png" width="800px"&gt;&lt;/a&gt;</msg>
<status status="PASS" starttime="20240701 21:33:05.026" endtime="20240701 21:33:05.118"/>
</kw>
<kw name="Add Time To Date" library="DateTime">
<var>${Target_date}</var>
<arg>${current_date}</arg>
<arg>${angvar('days_to_add')} days</arg>
<arg>result_format=%Y-%m-%d</arg>
<doc>Adds time to date and returns the resulting date.</doc>
<msg timestamp="20240701 21:33:05.118" level="INFO">Ang.Dev.days_to_add: 1</msg>
<msg timestamp="20240701 21:33:05.118" level="INFO">${Target_date} = 2024-07-02</msg>
<status status="PASS" starttime="20240701 21:33:05.118" endtime="20240701 21:33:05.118"/>
</kw>
<kw name="Evaluate" library="BuiltIn">
<var>${Target_year}</var>
<arg>str('${Target_date}').split('-')[0]</arg>
<doc>Evaluates the given expression in Python and returns the result.</doc>
<msg timestamp="20240701 21:33:05.118" level="INFO">${Target_year} = 2024</msg>
<status status="PASS" starttime="20240701 21:33:05.118" endtime="20240701 21:33:05.118"/>
</kw>
<kw name="Evaluate" library="BuiltIn">
<var>${Target_month}</var>
<arg>str('${Target_date}').split('-')[1]</arg>
<doc>Evaluates the given expression in Python and returns the result.</doc>
<msg timestamp="20240701 21:33:05.118" level="INFO">${Target_month} = 07</msg>
<status status="PASS" starttime="20240701 21:33:05.118" endtime="20240701 21:33:05.118"/>
</kw>
<kw name="Evaluate" library="BuiltIn">
<var>${Target_day}</var>
<arg>str('${Target_date}').split('-')[2]</arg>
<doc>Evaluates the given expression in Python and returns the result.</doc>
<msg timestamp="20240701 21:33:05.118" level="INFO">${Target_day} = 02</msg>
<status status="PASS" starttime="20240701 21:33:05.118" endtime="20240701 21:33:05.118"/>
</kw>
<kw name="Log" library="BuiltIn">
<arg>Current Year: ${Target_year}</arg>
<doc>Logs the given message with the given level.</doc>
<msg timestamp="20240701 21:33:05.118" level="INFO">Current Year: 2024</msg>
<status status="PASS" starttime="20240701 21:33:05.118" endtime="20240701 21:33:05.118"/>
</kw>
<kw name="Log" library="BuiltIn">
<arg>Current Month: ${Target_month}</arg>
<doc>Logs the given message with the given level.</doc>
<msg timestamp="20240701 21:33:05.118" level="INFO">Current Month: 07</msg>
<status status="PASS" starttime="20240701 21:33:05.118" endtime="20240701 21:33:05.118"/>
</kw>
<kw name="Log" library="BuiltIn">
<arg>Current Day: ${Target_day}</arg>
<doc>Logs the given message with the given level.</doc>
<msg timestamp="20240701 21:33:05.118" level="INFO">Current Day: 02</msg>
<status status="PASS" starttime="20240701 21:33:05.118" endtime="20240701 21:33:05.118"/>
</kw>
<kw name="Press Keys" library="SeleniumLibrary">
<arg>${angvar('DATE_INPUT_to')}</arg>
<arg>CTRL+a</arg>
<arg>BACKSPACE</arg>
<doc>Simulates the user pressing key(s) to an element or on the active browser.</doc>
<msg timestamp="20240701 21:33:05.118" level="INFO">Ang.Dev.DATE_INPUT_to: xpath:(//input[@type='date'])[2]</msg>
<msg timestamp="20240701 21:33:05.118" level="INFO">Sending key(s) ('CTRL+a', 'BACKSPACE') to xpath:(//input[@type='date'])[2] element.</msg>
<msg timestamp="20240701 21:33:05.403" level="INFO">Pressing special key CONTROL down.</msg>
<msg timestamp="20240701 21:33:05.403" level="INFO">Sending key a</msg>
<msg timestamp="20240701 21:33:05.404" level="INFO">Releasing special key CONTROL.</msg>
<msg timestamp="20240701 21:33:05.409" level="INFO">Pressing special key BACKSPACE to element.</msg>
<msg timestamp="20240701 21:33:05.409" level="INFO">Releasing special key BACKSPACE.</msg>
<status status="PASS" starttime="20240701 21:33:05.118" endtime="20240701 21:33:05.504"/>
</kw>
<kw name="Sleep" library="BuiltIn">
<arg>2</arg>
<doc>Pauses the test executed for the given time.</doc>
<msg timestamp="20240701 21:33:07.505" level="INFO">Slept 2 seconds</msg>
<status status="PASS" starttime="20240701 21:33:05.505" endtime="20240701 21:33:07.505"/>
</kw>
<kw name="Capture Page Screenshot" library="SeleniumLibrary">
<doc>Takes a screenshot of the current page and embeds it into a log file.</doc>
<msg timestamp="20240701 21:33:07.598" level="INFO" html="true">&lt;/td&gt;&lt;/tr&gt;&lt;tr&gt;&lt;td colspan="3"&gt;&lt;a href="selenium-screenshot-4.png"&gt;&lt;img src="selenium-screenshot-4.png" width="800px"&gt;&lt;/a&gt;</msg>
<status status="PASS" starttime="20240701 21:33:07.505" endtime="20240701 21:33:07.598"/>
</kw>
<kw name="Press Keys" library="SeleniumLibrary">
<arg>${angvar('DATE_INPUT_to')}</arg>
<arg>ARROW_RIGHT</arg>
<arg>ARROW_RIGHT</arg>
<arg>${Target_year}</arg>
<arg>ARROW_LEFT</arg>
<arg>ARROW_LEFT</arg>
<arg>${Target_day}</arg>
<arg>${Target_month}</arg>
<doc>Simulates the user pressing key(s) to an element or on the active browser.</doc>
<msg timestamp="20240701 21:33:07.598" level="INFO">Ang.Dev.DATE_INPUT_to: xpath:(//input[@type='date'])[2]</msg>
<msg timestamp="20240701 21:33:07.598" level="INFO">Sending key(s) ('ARROW_RIGHT', 'ARROW_RIGHT', '2024', 'ARROW_LEFT', 'ARROW_LEFT', '02', '07') to xpath:(//input[@type='date'])[2] element.</msg>
<msg timestamp="20240701 21:33:07.877" level="INFO">Pressing special key ARROW_RIGHT to element.</msg>
<msg timestamp="20240701 21:33:07.877" level="INFO">Releasing special key ARROW_RIGHT.</msg>
<msg timestamp="20240701 21:33:07.877" level="INFO">Pressing special key ARROW_RIGHT to element.</msg>
<msg timestamp="20240701 21:33:07.877" level="INFO">Releasing special key ARROW_RIGHT.</msg>
<msg timestamp="20240701 21:33:07.877" level="INFO">Sending keys 2024</msg>
<msg timestamp="20240701 21:33:07.896" level="INFO">Pressing special key ARROW_LEFT to element.</msg>
<msg timestamp="20240701 21:33:07.896" level="INFO">Releasing special key ARROW_LEFT.</msg>
<msg timestamp="20240701 21:33:07.902" level="INFO">Pressing special key ARROW_LEFT to element.</msg>
<msg timestamp="20240701 21:33:07.902" level="INFO">Releasing special key ARROW_LEFT.</msg>
<msg timestamp="20240701 21:33:07.906" level="INFO">Sending keys 02</msg>
<msg timestamp="20240701 21:33:07.912" level="INFO">Sending keys 07</msg>
<status status="PASS" starttime="20240701 21:33:07.598" endtime="20240701 21:33:07.985"/>
</kw>
<kw name="Sleep" library="BuiltIn">
<arg>5</arg>
<doc>Pauses the test executed for the given time.</doc>
<msg timestamp="20240701 21:33:12.986" level="INFO">Slept 5 seconds</msg>
<status status="PASS" starttime="20240701 21:33:07.985" endtime="20240701 21:33:12.986"/>
</kw>
<kw name="Capture Page Screenshot" library="SeleniumLibrary">
<doc>Takes a screenshot of the current page and embeds it into a log file.</doc>
<msg timestamp="20240701 21:33:13.084" level="INFO" html="true">&lt;/td&gt;&lt;/tr&gt;&lt;tr&gt;&lt;td colspan="3"&gt;&lt;a href="selenium-screenshot-5.png"&gt;&lt;img src="selenium-screenshot-5.png" width="800px"&gt;&lt;/a&gt;</msg>
<status status="PASS" starttime="20240701 21:33:12.986" endtime="20240701 21:33:13.084"/>
</kw>
<kw name="Click Element" library="SeleniumLibrary">
<arg>xpath://button[text()='Next']</arg>
<doc>Click the element identified by ``locator``.</doc>
<msg timestamp="20240701 21:33:13.084" level="INFO">Clicking element 'xpath://button[text()='Next']'.</msg>
<status status="PASS" starttime="20240701 21:33:13.084" endtime="20240701 21:33:13.152"/>
</kw>
<kw name="Sleep" library="BuiltIn">
<arg>1</arg>
<doc>Pauses the test executed for the given time.</doc>
<msg timestamp="20240701 21:33:14.153" level="INFO">Slept 1 second</msg>
<status status="PASS" starttime="20240701 21:33:13.152" endtime="20240701 21:33:14.153"/>
</kw>
<kw name="Input Text" library="SeleniumLibrary">
<arg>xpath://textarea[@placeholder='Leave your comments']</arg>
<arg>Check</arg>
<doc>Types the given ``text`` into the text field identified by ``locator``.</doc>
<msg timestamp="20240701 21:33:14.153" level="INFO">Typing text 'Check' into text field 'xpath://textarea[@placeholder='Leave your comments']'.</msg>
<status status="PASS" starttime="20240701 21:33:14.153" endtime="20240701 21:33:14.237"/>
</kw>
<kw name="Sleep" library="BuiltIn">
<arg>2</arg>
<doc>Pauses the test executed for the given time.</doc>
<msg timestamp="20240701 21:33:16.238" level="INFO">Slept 2 seconds</msg>
<status status="PASS" starttime="20240701 21:33:14.237" endtime="20240701 21:33:16.238"/>
</kw>
<kw name="Click Element" library="SeleniumLibrary">
<arg>xpath://button[text()='Next']</arg>
<doc>Click the element identified by ``locator``.</doc>
<msg timestamp="20240701 21:33:16.238" level="INFO">Clicking element 'xpath://button[text()='Next']'.</msg>
<status status="PASS" starttime="20240701 21:33:16.238" endtime="20240701 21:33:16.282"/>
</kw>
<kw name="Sleep" library="BuiltIn">
<arg>1</arg>
<doc>Pauses the test executed for the given time.</doc>
<msg timestamp="20240701 21:33:17.283" level="INFO">Slept 1 second</msg>
<status status="PASS" starttime="20240701 21:33:16.283" endtime="20240701 21:33:17.283"/>
</kw>
<kw name="Click Element" library="SeleniumLibrary">
<arg>xpath://button[text()='Submit']</arg>
<doc>Click the element identified by ``locator``.</doc>
<msg timestamp="20240701 21:33:17.283" level="INFO">Clicking element 'xpath://button[text()='Submit']'.</msg>
<status status="PASS" starttime="20240701 21:33:17.283" endtime="20240701 21:33:17.322"/>
</kw>
<kw name="Sleep" library="BuiltIn">
<arg>8</arg>
<doc>Pauses the test executed for the given time.</doc>
<msg timestamp="20240701 21:33:25.323" level="INFO">Slept 8 seconds</msg>
<status status="PASS" starttime="20240701 21:33:17.322" endtime="20240701 21:33:25.323"/>
</kw>
<kw name="Click Element" library="SeleniumLibrary">
<arg>xpath://div[@data-testid='close-button']</arg>
<doc>Click the element identified by ``locator``.</doc>
<msg timestamp="20240701 21:33:25.323" level="INFO">Clicking element 'xpath://div[@data-testid='close-button']'.</msg>
<status status="PASS" starttime="20240701 21:33:25.323" endtime="20240701 21:33:25.444"/>
</kw>
<kw name="Sleep" library="BuiltIn">
<arg>5</arg>
<doc>Pauses the test executed for the given time.</doc>
<msg timestamp="20240701 21:33:30.444" level="INFO">Slept 5 seconds</msg>
<status status="PASS" starttime="20240701 21:33:25.444" endtime="20240701 21:33:30.444"/>
</kw>
<status status="PASS" starttime="20240701 21:32:26.929" endtime="20240701 21:33:30.444"/>
</kw>
<kw name="Check status" library="Access_request">
<kw name="Click Element" library="SeleniumLibrary">
<arg>xpath://button[text()='View more']</arg>
<doc>Click the element identified by ``locator``.</doc>
<msg timestamp="20240701 21:33:30.444" level="INFO">Clicking element 'xpath://button[text()='View more']'.</msg>
<status status="PASS" starttime="20240701 21:33:30.444" endtime="20240701 21:33:30.533"/>
</kw>
<kw name="Sleep" library="BuiltIn">
<arg>5</arg>
<doc>Pauses the test executed for the given time.</doc>
<msg timestamp="20240701 21:33:35.534" level="INFO">Slept 5 seconds</msg>
<status status="PASS" starttime="20240701 21:33:30.533" endtime="20240701 21:33:35.534"/>
</kw>
<kw name="Click Element" library="SeleniumLibrary">
<arg>xpath:(//button[text()='View'])[1]</arg>
<doc>Click the element identified by ``locator``.</doc>
<msg timestamp="20240701 21:33:35.534" level="INFO">Clicking element 'xpath:(//button[text()='View'])[1]'.</msg>
<status status="PASS" starttime="20240701 21:33:35.534" endtime="20240701 21:33:35.618"/>
</kw>
<kw name="Sleep" library="BuiltIn">
<arg>5</arg>
<doc>Pauses the test executed for the given time.</doc>
<msg timestamp="20240701 21:33:40.618" level="INFO">Slept 5 seconds</msg>
<status status="PASS" starttime="20240701 21:33:35.618" endtime="20240701 21:33:40.618"/>
</kw>
<kw name="Click Element" library="SeleniumLibrary">
<arg>xpath://button[text()='Status']</arg>
<doc>Click the element identified by ``locator``.</doc>
<msg timestamp="20240701 21:33:40.618" level="INFO">Clicking element 'xpath://button[text()='Status']'.</msg>
<status status="PASS" starttime="20240701 21:33:40.618" endtime="20240701 21:33:40.694"/>
</kw>
<kw name="Sleep" library="BuiltIn">
<arg>2</arg>
<doc>Pauses the test executed for the given time.</doc>
<msg timestamp="20240701 21:33:42.694" level="INFO">Slept 2 seconds</msg>
<status status="PASS" starttime="20240701 21:33:40.694" endtime="20240701 21:33:42.694"/>
</kw>
<kw name="Click Element" library="SeleniumLibrary">
<arg>xpath:(//button[contains(@class,'MuiButtonBase-root MuiButton-root')])[3]</arg>
<doc>Click the element identified by ``locator``.</doc>
<msg timestamp="20240701 21:33:42.694" level="INFO">Clicking element 'xpath:(//button[contains(@class,'MuiButtonBase-root MuiButton-root')])[3]'.</msg>
<status status="PASS" starttime="20240701 21:33:42.694" endtime="20240701 21:33:42.769"/>
</kw>
<kw name="Sleep" library="BuiltIn">
<arg>2</arg>
<doc>Pauses the test executed for the given time.</doc>
<msg timestamp="20240701 21:33:44.769" level="INFO">Slept 2 seconds</msg>
<status status="PASS" starttime="20240701 21:33:42.769" endtime="20240701 21:33:44.769"/>
</kw>
<status status="PASS" starttime="20240701 21:33:30.444" endtime="20240701 21:33:44.769"/>
</kw>
<tag>Access_request</tag>
<status status="PASS" starttime="20240701 21:32:26.929" endtime="20240701 21:33:44.769"/>
</test>
<status status="PASS" starttime="20240701 21:31:36.468" endtime="20240701 21:33:44.769"/>
</suite>
<doc>Testing functionality through Robot Framework</doc>
<meta name="environment">Dev</meta>
<meta name="test_browser_name">chrome</meta>
<meta name="test_browser_version">126.0.6478.127</meta>
<meta name="test_driver_version">126.0.6478.62 </meta>
<meta name="test_environment">Dev</meta>
<meta name="test_freeze_dependencies">astroid==3.1.0,attrs==23.2.0,beautifulsoup4==4.12.3,bs4==0.0.2,certifi==2024.2.2,cffi==1.16.0,chardet==5.2.0,charset-normalizer==3.3.2,click==8.1.7,colorama==0.4.6,cryptography==42.0.5,defusedxml==0.7.1,dill==0.3.8,docutils==0.20.1,docx==0.2.4,docx2pdf==0.1.8,et-xmlfile==1.1.0,exceptiongroup==1.2.0,fsspec==2024.5.0,gitdb==4.0.11,GitPython==3.1.42,h11==0.14.0,idna==3.6,isort==5.13.2,Jinja2==3.1.3,jira==3.6.0,jsonpath-ng==1.6.1,jsonschema==4.21.1,jsonschema-specifications==2023.12.1,lazy-object-proxy==1.10.0,lxml==5.1.0,markdown-it-py==3.0.0,MarkupSafe==2.1.5,mccabe==0.7.0,mdurl==0.1.2,natsort==8.4.0,numpy==1.26.4,oauthlib==3.2.2,openpyxl==3.1.2,outcome==1.3.0.post0,packaging==24.0,pandas==2.2.2,pathspec==0.11.2,pillow==10.2.0,pip==24.0,platformdirs==4.2.0,ply==3.11,pycparser==2.21,Pygments==2.17.2,pylint==3.1.0,PyPDF2==3.0.1,PySocks==1.7.1,python-dateutil==2.9.0.post0,python-docx==1.1.2,pytz==2024.1,pywin32==306,PyYAML==6.0.1,referencing==0.33.0,reportlab==4.2.0,requests==2.31.0,requests-oauthlib==1.4.0,requests-toolbelt==1.0.0,rich==13.7.1,rich-click==1.6.1,robotframework==6.0.2,robotframework-datadriver==1.9.0,robotframework-jsonlibrary==0.5,robotframework-pabot==2.16.0,robotframework-pythonlibcore==4.2.0,robotframework-requests==0.9.2,robotframework-sapguilibrary==1.1,robotframework-seleniumlibrary==5.1.3,robotframework-stacktrace==0.4.1,robotframework-tidy==4.5.0,rpds-py==0.18.0,selenium==4.9.1,setuptools==69.2.0,six==1.16.0,smmap==5.0.1,sniffio==1.3.1,sortedcontainers==2.4.0,soupsieve==2.5,tomli==2.0.1,tomlkit==0.12.4,tqdm==4.66.4,trio==0.24.0,trio-websocket==0.11.1,typing_extensions==4.10.0,tzdata==2024.1,urllib3==2.2.1,wheel==0.43.0,wrapt==1.16.0,wsproto==1.2.0</meta>
<status status="PASS" starttime="20240701 21:31:33.152" endtime="20240701 21:33:45.060"/>
</suite>
<statistics>
<total>
<stat pass="3" fail="0" skip="0">All Tests</stat>
</total>
<tag>
<stat pass="3" fail="0" skip="0">Access_request</stat>
</tag>
<suite>
<stat pass="3" fail="0" skip="0" id="s1" name="Tests">Tests</stat>
<stat pass="3" fail="0" skip="0" id="s1-s1" name="Test Access request">Tests.Test Access request</stat>
</suite>
</statistics>
<errors>
</errors>
</robot>
