[ ERROR ] Error in file 'C:\RobotFramework\sap_testing\Tests\Resource\Common_SAP_Tcodefn.robot' on line 6: Importing library 'C:\RobotFramework\sap_testing\Tests\Resource\PDF.py' failed: ModuleNotFoundError: No module named 'reportlab'
Traceback (most recent call last):
  File "C:\RobotFramework\sap_testing\Tests\Resource\PDF.py", line 2, in <module>
    from reportlab.lib.pagesizes import A4
PYTHONPATH:
  C:\RobotFramework\sap_testing\Tests\Resource
  C:\SAP_Testing\SAPtesting\RoboEnvironment\Symphony\Scripts\robot.exe
  C:\Users\Administrator\AppData\Local\Programs\Python\Python312\python312.zip
  C:\Users\Administrator\AppData\Local\Programs\Python\Python312\DLLs
  C:\Users\Administrator\AppData\Local\Programs\Python\Python312\Lib
  C:\Users\Administrator\AppData\Local\Programs\Python\Python312
  C:\SAP_Testing\SAPtesting\RoboEnvironment\Symphony
  C:\SAP_Testing\SAPtesting\RoboEnvironment\Symphony\Lib\site-packages
  C:\SAP_Testing\SAPtesting\RoboEnvironment\Symphony\Lib\site-packages\win32
  C:\SAP_Testing\SAPtesting\RoboEnvironment\Symphony\Lib\site-packages\win32\lib
  C:\SAP_Testing\SAPtesting\RoboEnvironment\Symphony\Lib\site-packages\Pythonwin
  C:\RobotFramework\sap_testing
[ ERROR ] Error in file 'C:\RobotFramework\sap_testing\Tests\Resource\Migration_tcodes.robot' on line 4: Importing library 'C:\RobotFramework\sap_testing\Tests\Resource\PDF.py' failed: ModuleNotFoundError: No module named 'reportlab'
Traceback (most recent call last):
  File "C:\RobotFramework\sap_testing\Tests\Resource\PDF.py", line 2, in <module>
    from reportlab.lib.pagesizes import A4
PYTHONPATH:
  C:\RobotFramework\sap_testing\Tests\Resource
  C:\SAP_Testing\SAPtesting\RoboEnvironment\Symphony\Scripts\robot.exe
  C:\Users\Administrator\AppData\Local\Programs\Python\Python312\python312.zip
  C:\Users\Administrator\AppData\Local\Programs\Python\Python312\DLLs
  C:\Users\Administrator\AppData\Local\Programs\Python\Python312\Lib
  C:\Users\Administrator\AppData\Local\Programs\Python\Python312
  C:\SAP_Testing\SAPtesting\RoboEnvironment\Symphony
  C:\SAP_Testing\SAPtesting\RoboEnvironment\Symphony\Lib\site-packages
  C:\SAP_Testing\SAPtesting\RoboEnvironment\Symphony\Lib\site-packages\win32
  C:\SAP_Testing\SAPtesting\RoboEnvironment\Symphony\Lib\site-packages\win32\lib
  C:\SAP_Testing\SAPtesting\RoboEnvironment\Symphony\Lib\site-packages\Pythonwin
  C:\RobotFramework\sap_testing
