==============================================================================
Tests :: Testing functionality through Robot Framework                        
==============================================================================
Tests.Test%20User%20Administration                                            
==============================================================================
Start TestCase                                                          
  Traceback (most recent call last):
    ~~~~~~~~~~~~~~~~~~~~~~~~~~~~~~~~~~~~~~~~~~~~~~~~~~~~~~~~~~~~~~~~~~~~~~~~~~
    File  C:\Anugal_Testing\Anugal\Tests\Test%20User%20Administration.robot:6
    T:  Start TestCase    
    ~~~~~~~~~~~~~~~~~~~~~~~~~~~~~~~~~~~~~~~~~~~~~~~~~~~~~~~~~~~~~~~~~~~~~~~~~~
    File  C:\Anugal_Testing\Anugal\Tests\Test%20User%20Administration.robot:7
      Start TestCase    
______________________________________________________________________________
| FAIL |
No keyword with name 'Start TestCase' found.
------------------------------------------------------------------------------
Submit Anugal username and password                                     
  Traceback (most recent call last):
    ~~~~~~~~~~~~~~~~~~~~~~~~~~~~~~~~~~~~~~~~~~~~~~~~~~~~~~~~~~~~~~~~~~~~~~~~~~
    File  C:\Anugal_Testing\Anugal\Tests\Test%20User%20Administration.robot:9
    T:  Submit Anugal username and password    
    ~~~~~~~~~~~~~~~~~~~~~~~~~~~~~~~~~~~~~~~~~~~~~~~~~~~~~~~~~~~~~~~~~~~~~~~~~~
    File  C:\Anugal_Testing\Anugal\Tests\Test%20User%20Administration.robot:10
      Submit Anugal username and password    
______________________________________________________________________________
| FAIL |
No keyword with name 'Submit Anugal username and password' found.
------------------------------------------------------------------------------
Create User_id                                                          
  Traceback (most recent call last):
    ~~~~~~~~~~~~~~~~~~~~~~~~~~~~~~~~~~~~~~~~~~~~~~~~~~~~~~~~~~~~~~~~~~~~~~~~~~
    File  C:\Anugal_Testing\Anugal\Tests\Test%20User%20Administration.robot:12
    T:  Create User_id    
    ~~~~~~~~~~~~~~~~~~~~~~~~~~~~~~~~~~~~~~~~~~~~~~~~~~~~~~~~~~~~~~~~~~~~~~~~~~
    File  C:\Anugal_Testing\Anugal\Tests\Test%20User%20Administration.robot:13
      Create User_id    
______________________________________________________________________________
| FAIL |
No keyword with name 'Create User_id' found.
------------------------------------------------------------------------------
Finish TestCase                                                         
  Traceback (most recent call last):
    ~~~~~~~~~~~~~~~~~~~~~~~~~~~~~~~~~~~~~~~~~~~~~~~~~~~~~~~~~~~~~~~~~~~~~~~~~~
    File  C:\Anugal_Testing\Anugal\Tests\Test%20User%20Administration.robot:18
    T:  Finish TestCase    
    ~~~~~~~~~~~~~~~~~~~~~~~~~~~~~~~~~~~~~~~~~~~~~~~~~~~~~~~~~~~~~~~~~~~~~~~~~~
    File  C:\Anugal_Testing\Anugal\Tests\Test%20User%20Administration.robot:19
      Finish TestCase    
______________________________________________________________________________
| FAIL |
No keyword with name 'Finish TestCase' found.
------------------------------------------------------------------------------
Tests.Test%20User%20Administration                                    | FAIL |
4 tests, 0 passed, 4 failed
==============================================================================
Tests :: Testing functionality through Robot Framework                | FAIL |
4 tests, 0 passed, 4 failed
==============================================================================
Output:  C:\Anugal_Testing\Anugal\Output\6a57caef-3945-4924-82e8-2df63cc43acc\pabot_results\0\Output.xml
