<?xml version="1.0" encoding="UTF-8"?>
<robot generator="Robot 6.0.2 (Python 3.12.1 on win32)" generated="20240705 12:53:09.785" rpa="false" schemaversion="3">
<suite id="s1" name="Tests" source="C:\Anugal_Testing\Anugal\Tests">
<kw name="Setup highest level suite" type="SETUP">
<kw name="Set Variable" library="BuiltIn">
<var>${d.test_server}</var>
<arg>${test_server}</arg>
<doc>Returns the given values which can then be assigned to a variables.</doc>
<msg timestamp="20240705 12:53:10.716" level="INFO">${d.test_server} = Dev</msg>
<status status="PASS" starttime="20240705 12:53:10.716" endtime="20240705 12:53:10.716"/>
</kw>
<kw name="Reset screenshot count variable" library="Support">
<kw name="Set Variable" library="BuiltIn">
<var>${screenshotCount}</var>
<arg>${PABOTQUEUEINDEX}_1</arg>
<doc>Returns the given values which can then be assigned to a variables.</doc>
<msg timestamp="20240705 12:53:10.716" level="INFO">${screenshotCount} = 0_1</msg>
<status status="PASS" starttime="20240705 12:53:10.716" endtime="20240705 12:53:10.716"/>
</kw>
<kw name="Set Global Variable" library="BuiltIn">
<arg>${screenshotCount}</arg>
<doc>Makes a variable available globally in all tests and suites.</doc>
<msg timestamp="20240705 12:53:10.731" level="INFO">${screenshotCount} = 0_1</msg>
<status status="PASS" starttime="20240705 12:53:10.716" endtime="20240705 12:53:10.731"/>
</kw>
<kw name="Set up screenshot directory" library="Support">
<kw name="Create Directory" library="OperatingSystem">
<arg>${OUTPUTDIR}${/}${wvar('screenshot_dir')}</arg>
<doc>Creates the specified directory.</doc>
<msg timestamp="20240705 12:53:10.733" level="INFO">Web.Dev.screenshot_dir: Screenshot</msg>
<msg timestamp="20240705 12:53:10.733" level="INFO" html="true">Created directory '&lt;a href="file://C:\Anugal_Testing\Anugal\Output\91b2f9e6-6393-4343-9cce-228086ae8546\pabot_results\0\Screenshot"&gt;C:\Anugal_Testing\Anugal\Output\91b2f9e6-6393-4343-9cce-228086ae8546\pabot_results\0\Screenshot&lt;/a&gt;'.</msg>
<status status="PASS" starttime="20240705 12:53:10.731" endtime="20240705 12:53:10.733"/>
</kw>
<status status="PASS" starttime="20240705 12:53:10.731" endtime="20240705 12:53:10.733"/>
</kw>
<status status="PASS" starttime="20240705 12:53:10.716" endtime="20240705 12:53:10.733"/>
</kw>
<kw name="Set Global Variable" library="BuiltIn">
<arg>${screenshot_taking}</arg>
<arg>${True}</arg>
<doc>Makes a variable available globally in all tests and suites.</doc>
<msg timestamp="20240705 12:53:10.733" level="INFO">${screenshot_taking} = True</msg>
<status status="PASS" starttime="20240705 12:53:10.733" endtime="20240705 12:53:10.733"/>
</kw>
<kw name="Setup linux execution" library="Support">
<kw name="Run Keyword And Return Status" library="BuiltIn">
<var>${web_test_check}</var>
<arg>Variable Should Exist</arg>
<arg>${web_test}</arg>
<doc>Runs the given keyword with given arguments and returns the status as a Boolean value.</doc>
<kw name="Variable Should Exist" library="BuiltIn">
<arg>${web_test}</arg>
<doc>Fails unless the given variable exists within the current scope.</doc>
<status status="PASS" starttime="20240705 12:53:10.733" endtime="20240705 12:53:10.733"/>
</kw>
<msg timestamp="20240705 12:53:10.733" level="INFO">${web_test_check} = True</msg>
<status status="PASS" starttime="20240705 12:53:10.733" endtime="20240705 12:53:10.733"/>
</kw>
<kw name="Run Keyword If" library="BuiltIn">
<arg>${web_test_check}</arg>
<arg>Setup Docker Execution Options</arg>
<doc>Runs the given keyword with the given arguments, if ``condition`` is true.</doc>
<kw name="Setup Docker Execution Options" library="Support_Web">
<kw name="Setup Suite Metadata" library="Support_Web">
<arg>${browser}</arg>
<kw name="Get Browser Metadata" library="BrowserSupport">
<var>&amp;{browser_information}</var>
<arg>browser=${browser}</arg>
<doc>Fetches browser metadata information
:param browser: Name of the browser for which information is fetched
:param reload: Re-read the metadata based on the browser
:return: Browser metadata information, dict of format
            {"browser_version": browser version value,
             "driver_version": driver version value}</doc>
<msg timestamp="20240705 12:53:14.142" level="INFO">&amp;{browser_information} = { browser_version=126.0.6478.127 | driver_version=126.0.6478.62  }</msg>
<status status="PASS" starttime="20240705 12:53:10.733" endtime="20240705 12:53:14.142"/>
</kw>
<kw name="Set Suite Metadata" library="BuiltIn">
<arg>test_browser_name</arg>
<arg>${browser}</arg>
<doc>Sets metadata for the current test suite.</doc>
<msg timestamp="20240705 12:53:14.142" level="INFO">Set suite metadata 'test_browser_name' to value 'chrome'.</msg>
<status status="PASS" starttime="20240705 12:53:14.142" endtime="20240705 12:53:14.142"/>
</kw>
<kw name="Set Suite Metadata" library="BuiltIn">
<arg>test_browser_version</arg>
<arg>${browser_information.browser_version}</arg>
<doc>Sets metadata for the current test suite.</doc>
<msg timestamp="20240705 12:53:14.142" level="INFO">Set suite metadata 'test_browser_version' to value '126.0.6478.127'.</msg>
<status status="PASS" starttime="20240705 12:53:14.142" endtime="20240705 12:53:14.142"/>
</kw>
<kw name="Set Suite Metadata" library="BuiltIn">
<arg>test_driver_version</arg>
<arg>${browser_information.driver_version}</arg>
<doc>Sets metadata for the current test suite.</doc>
<msg timestamp="20240705 12:53:14.142" level="INFO">Set suite metadata 'test_driver_version' to value '126.0.6478.62 '.</msg>
<status status="PASS" starttime="20240705 12:53:14.142" endtime="20240705 12:53:14.142"/>
</kw>
<status status="PASS" starttime="20240705 12:53:10.733" endtime="20240705 12:53:14.142"/>
</kw>
<kw name="Setup Global Docker Execution Options" library="Support_Web">
<kw name="Set Global Variable" library="BuiltIn">
<arg>${global_browser_options}</arg>
<arg>None</arg>
<doc>Makes a variable available globally in all tests and suites.</doc>
<msg timestamp="20240705 12:53:14.142" level="INFO">${global_browser_options} = None</msg>
<status status="PASS" starttime="20240705 12:53:14.142" endtime="20240705 12:53:14.142"/>
</kw>
<kw name="Get Environment Variable" library="OperatingSystem">
<var>${docker_check}</var>
<arg>EXECUTION_ENVIRONMENT</arg>
<arg>not_found</arg>
<doc>Returns the value of an environment variable with the given name.</doc>
<msg timestamp="20240705 12:53:14.142" level="INFO">${docker_check} = not_found</msg>
<status status="PASS" starttime="20240705 12:53:14.142" endtime="20240705 12:53:14.142"/>
</kw>
<kw name="Run Keyword And Return If" library="BuiltIn">
<arg>"${docker_check}"!="docker"</arg>
<arg>Log</arg>
<arg>Not executing on Docker</arg>
<doc>Runs the specified keyword and returns from the enclosing user keyword.</doc>
<kw name="Log" library="BuiltIn">
<arg>Not executing on Docker</arg>
<doc>Logs the given message with the given level.</doc>
<msg timestamp="20240705 12:53:14.142" level="INFO">Not executing on Docker</msg>
<status status="PASS" starttime="20240705 12:53:14.142" endtime="20240705 12:53:14.142"/>
</kw>
<msg timestamp="20240705 12:53:14.142" level="INFO">Returning from the enclosing user keyword.</msg>
<status status="PASS" starttime="20240705 12:53:14.142" endtime="20240705 12:53:14.142"/>
</kw>
<kw name="Create List" library="BuiltIn">
<var>@{options}</var>
<arg>--headless</arg>
<arg>--no-sandbox</arg>
<arg>--disable-dev-shm-usage</arg>
<doc>Returns a list containing given items.</doc>
<status status="NOT RUN" starttime="20240705 12:53:14.142" endtime="20240705 12:53:14.142"/>
</kw>
<kw name="Set Global Variable" library="BuiltIn">
<arg>@{docker_options}</arg>
<arg>@{options}</arg>
<doc>Makes a variable available globally in all tests and suites.</doc>
<status status="NOT RUN" starttime="20240705 12:53:14.142" endtime="20240705 12:53:14.142"/>
</kw>
<status status="PASS" starttime="20240705 12:53:14.142" endtime="20240705 12:53:14.149"/>
</kw>
<kw name="Create Webdriver for chrome preferences" library="Support_Web">
<kw name="Update Docker Execution Options" library="Support_Web">
<var>${list_prefs}</var>
<arg>${list_prefs}</arg>
<kw name="Run Keyword And Return Status" library="BuiltIn">
<var>${docker_check}</var>
<arg>Variable Should Exist</arg>
<arg>${docker_options}</arg>
<doc>Runs the given keyword with given arguments and returns the status as a Boolean value.</doc>
<kw name="Variable Should Exist" library="BuiltIn">
<arg>${docker_options}</arg>
<doc>Fails unless the given variable exists within the current scope.</doc>
<msg timestamp="20240705 12:53:14.149" level="FAIL">Variable '${docker_options}' does not exist.</msg>
<status status="FAIL" starttime="20240705 12:53:14.149" endtime="20240705 12:53:14.149"/>
</kw>
<msg timestamp="20240705 12:53:14.149" level="INFO">${docker_check} = False</msg>
<status status="PASS" starttime="20240705 12:53:14.149" endtime="20240705 12:53:14.149"/>
</kw>
<kw name="Get Length" library="BuiltIn">
<var>${list_prefs_length}</var>
<arg>${list_prefs}</arg>
<doc>Returns and logs the length of the given item as an integer.</doc>
<msg timestamp="20240705 12:53:14.149" level="INFO">Length is 1</msg>
<msg timestamp="20240705 12:53:14.149" level="INFO">${list_prefs_length} = 1</msg>
<status status="PASS" starttime="20240705 12:53:14.149" endtime="20240705 12:53:14.149"/>
</kw>
<kw name="Run Keyword If" library="BuiltIn">
<var>${list_prefs}</var>
<arg>${docker_check} and ${list_prefs_length}&gt;0 and ${list_prefs}[0] != []</arg>
<arg>Combine Lists</arg>
<arg>${list_prefs}</arg>
<arg>${docker_options}</arg>
<arg>ELSE IF</arg>
<arg>${docker_check}</arg>
<arg>Set Variable</arg>
<arg>${docker_options}</arg>
<arg>ELSE</arg>
<arg>Set Variable</arg>
<arg>${list_prefs}</arg>
<doc>Runs the given keyword with the given arguments, if ``condition`` is true.</doc>
<kw name="Set Variable" library="BuiltIn">
<arg>${list_prefs}</arg>
<doc>Returns the given values which can then be assigned to a variables.</doc>
<status status="PASS" starttime="20240705 12:53:14.149" endtime="20240705 12:53:14.149"/>
</kw>
<msg timestamp="20240705 12:53:14.149" level="INFO">${list_prefs} = [[]]</msg>
<status status="PASS" starttime="20240705 12:53:14.149" endtime="20240705 12:53:14.149"/>
</kw>
<msg timestamp="20240705 12:53:14.149" level="INFO">${list_prefs} = [[]]</msg>
<status status="PASS" starttime="20240705 12:53:14.149" endtime="20240705 12:53:14.149"/>
</kw>
<kw name="Create Chrome Options for download preferences" library="Support_Web">
<var>${chrome_options}</var>
<kw name="Evaluate" library="BuiltIn">
<var>${chrome_options}</var>
<arg>sys.modules['selenium.webdriver'].ChromeOptions()</arg>
<arg>sys</arg>
<doc>Evaluates the given expression in Python and returns the result.</doc>
<msg timestamp="20240705 12:53:14.149" level="INFO">${chrome_options} = &lt;selenium.webdriver.chrome.options.Options object at 0x00000262AFF36810&gt;</msg>
<status status="PASS" starttime="20240705 12:53:14.149" endtime="20240705 12:53:14.149"/>
</kw>
<msg timestamp="20240705 12:53:14.149" level="INFO">${chrome_options} = &lt;selenium.webdriver.chrome.options.Options object at 0x00000262AFF36810&gt;</msg>
<status status="PASS" starttime="20240705 12:53:14.149" endtime="20240705 12:53:14.149"/>
</kw>
<kw name="Update Preferences List" library="Support_Web">
<arg>${chrome_options}</arg>
<arg>@{list_prefs}</arg>
<kw name="Convert To String" library="BuiltIn">
<var>${string_prefs}</var>
<arg>${list_prefs}</arg>
<doc>Converts the given item to a Unicode string.</doc>
<msg timestamp="20240705 12:53:14.149" level="INFO">${string_prefs} = [[]]</msg>
<status status="PASS" starttime="20240705 12:53:14.149" endtime="20240705 12:53:14.149"/>
</kw>
<kw name="Return From Keyword If" library="BuiltIn">
<arg>${string_prefs} == [[]]</arg>
<doc>Returns from the enclosing user keyword if ``condition`` is true.</doc>
<msg timestamp="20240705 12:53:14.149" level="INFO">Returning from the enclosing user keyword.</msg>
<status status="PASS" starttime="20240705 12:53:14.149" endtime="20240705 12:53:14.149"/>
</kw>
<for flavor="IN">
<var>${preference}</var>
<value>@{list_prefs}</value>
<iter>
<var name="${preference}"/>
<kw name="Call Method" library="BuiltIn">
<arg>${chrome_options}</arg>
<arg>add_argument</arg>
<arg>${preference}</arg>
<doc>Calls the named method of the given object with the provided arguments.</doc>
<status status="NOT RUN" starttime="20240705 12:53:14.149" endtime="20240705 12:53:14.149"/>
</kw>
<status status="NOT RUN" starttime="20240705 12:53:14.149" endtime="20240705 12:53:14.149"/>
</iter>
<status status="NOT RUN" starttime="20240705 12:53:14.149" endtime="20240705 12:53:14.149"/>
</for>
<status status="PASS" starttime="20240705 12:53:14.149" endtime="20240705 12:53:14.149"/>
</kw>
<kw name="Call Method" library="BuiltIn">
<arg>${chrome_options}</arg>
<arg>add_experimental_option</arg>
<arg>prefs</arg>
<arg>${kw_prefs}</arg>
<doc>Calls the named method of the given object with the provided arguments.</doc>
<status status="PASS" starttime="20240705 12:53:14.149" endtime="20240705 12:53:14.149"/>
</kw>
<kw name="Set Global Variable" library="BuiltIn">
<arg>${global_browser_options}</arg>
<arg>${chrome options}</arg>
<doc>Makes a variable available globally in all tests and suites.</doc>
<msg timestamp="20240705 12:53:14.149" level="INFO">${global_browser_options} = &lt;selenium.webdriver.chrome.options.Options object at 0x00000262AFF36810&gt;</msg>
<status status="PASS" starttime="20240705 12:53:14.149" endtime="20240705 12:53:14.149"/>
</kw>
<status status="PASS" starttime="20240705 12:53:14.149" endtime="20240705 12:53:14.149"/>
</kw>
<status status="PASS" starttime="20240705 12:53:10.733" endtime="20240705 12:53:14.149"/>
</kw>
<status status="PASS" starttime="20240705 12:53:10.733" endtime="20240705 12:53:14.149"/>
</kw>
<status status="PASS" starttime="20240705 12:53:10.733" endtime="20240705 12:53:14.149"/>
</kw>
<kw name="Set Suite Metadata" library="BuiltIn">
<arg>environment</arg>
<arg>${test_server}</arg>
<doc>Sets metadata for the current test suite.</doc>
<msg timestamp="20240705 12:53:14.149" level="INFO">Set suite metadata 'environment' to value 'Dev'.</msg>
<status status="PASS" starttime="20240705 12:53:14.149" endtime="20240705 12:53:14.149"/>
</kw>
<status status="PASS" starttime="20240705 12:53:10.716" endtime="20240705 12:53:14.149"/>
</kw>
<suite id="s1-s1" name="Test User Administration" source="C:\Anugal_Testing\Anugal\Tests\Test User Administration.robot">
<test id="s1-s1-t1" name="Start TestCase" line="6">
<kw name="Start TestCase" library="User Administration">
<kw name="Log" library="BuiltIn">
<arg>Opening browser</arg>
<doc>Logs the given message with the given level.</doc>
<msg timestamp="20240705 12:53:14.169" level="INFO">Opening browser</msg>
<status status="PASS" starttime="20240705 12:53:14.169" endtime="20240705 12:53:14.169"/>
</kw>
<kw name="Open Browser" library="SeleniumLibrary">
<arg>${angvar('url')}</arg>
<arg>${angvar('browser')}</arg>
<doc>Opens a new browser instance to the optional ``url``.</doc>
<msg timestamp="20240705 12:53:14.169" level="INFO">Ang.Dev.url: https://dev.anugalid.com/login</msg>
<msg timestamp="20240705 12:53:14.169" level="INFO">Ang.Dev.browser: Chrome</msg>
<msg timestamp="20240705 12:53:14.169" level="INFO">Opening browser 'Chrome' to base url 'https://dev.anugalid.com/login'.</msg>
<status status="PASS" starttime="20240705 12:53:14.169" endtime="20240705 12:53:18.209"/>
</kw>
<status status="PASS" starttime="20240705 12:53:14.158" endtime="20240705 12:53:18.209"/>
</kw>
<tag>useradmin01</tag>
<status status="PASS" starttime="20240705 12:53:14.158" endtime="20240705 12:53:18.209"/>
</test>
<test id="s1-s1-t2" name="Submit Anugal username and password" line="9">
<kw name="Submit Anugal username and password" library="User Administration">
<kw name="Wait Until Element Is Visible" library="SeleniumLibrary">
<arg>${angvar('user_text_box')}</arg>
<doc>Waits until the element ``locator`` is visible.</doc>
<msg timestamp="20240705 12:53:18.214" level="INFO">Ang.Dev.user_text_box: id:emailId</msg>
<status status="PASS" starttime="20240705 12:53:18.213" endtime="20240705 12:53:18.437"/>
</kw>
<kw name="Sleep" library="BuiltIn">
<arg>10</arg>
<doc>Pauses the test executed for the given time.</doc>
<msg timestamp="20240705 12:53:28.439" level="INFO">Slept 10 seconds</msg>
<status status="PASS" starttime="20240705 12:53:18.438" endtime="20240705 12:53:28.439"/>
</kw>
<kw name="Click Element" library="SeleniumLibrary">
<arg>xpath:(//div[@class='MuiStack-root css-1ed5314']//button)[2]</arg>
<doc>Click the element identified by ``locator``.</doc>
<msg timestamp="20240705 12:53:28.440" level="INFO">Clicking element 'xpath:(//div[@class='MuiStack-root css-1ed5314']//button)[2]'.</msg>
<status status="PASS" starttime="20240705 12:53:28.439" endtime="20240705 12:53:28.536"/>
</kw>
<kw name="Sleep" library="BuiltIn">
<arg>5</arg>
<doc>Pauses the test executed for the given time.</doc>
<msg timestamp="20240705 12:53:33.537" level="INFO">Slept 5 seconds</msg>
<status status="PASS" starttime="20240705 12:53:28.536" endtime="20240705 12:53:33.537"/>
</kw>
<kw name="Input Text" library="SeleniumLibrary">
<arg>xpath://*[@id="i0116"]</arg>
<arg>malayranjan.s@basiscloudsolutions.com</arg>
<doc>Types the given ``text`` into the text field identified by ``locator``.</doc>
<msg timestamp="20240705 12:53:33.538" level="INFO">Typing text 'malayranjan.s@basiscloudsolutions.com' into text field 'xpath://*[@id="i0116"]'.</msg>
<status status="PASS" starttime="20240705 12:53:33.537" endtime="20240705 12:53:33.787"/>
</kw>
<kw name="Sleep" library="BuiltIn">
<arg>3</arg>
<doc>Pauses the test executed for the given time.</doc>
<msg timestamp="20240705 12:53:36.789" level="INFO">Slept 3 seconds</msg>
<status status="PASS" starttime="20240705 12:53:33.787" endtime="20240705 12:53:36.789"/>
</kw>
<kw name="Click Element" library="SeleniumLibrary">
<arg>xpath://*[@id="idSIButton9"]</arg>
<doc>Click the element identified by ``locator``.</doc>
<msg timestamp="20240705 12:53:36.790" level="INFO">Clicking element 'xpath://*[@id="idSIButton9"]'.</msg>
<status status="PASS" starttime="20240705 12:53:36.789" endtime="20240705 12:53:36.848"/>
</kw>
<kw name="Wait Until Element Is Visible" library="SeleniumLibrary">
<arg>xpath://*[@id="i0118"]</arg>
<arg>60s</arg>
<doc>Waits until the element ``locator`` is visible.</doc>
<status status="PASS" starttime="20240705 12:53:36.849" endtime="20240705 12:53:37.749"/>
</kw>
<kw name="Input Text" library="SeleniumLibrary">
<arg>xpath://*[@id="i0118"]</arg>
<arg>Malay@Ranjan!@#</arg>
<doc>Types the given ``text`` into the text field identified by ``locator``.</doc>
<msg timestamp="20240705 12:53:37.750" level="INFO">Typing text 'Malay@Ranjan!@#' into text field 'xpath://*[@id="i0118"]'.</msg>
<status status="PASS" starttime="20240705 12:53:37.750" endtime="20240705 12:53:37.821"/>
</kw>
<kw name="Click Element" library="SeleniumLibrary">
<arg>xpath://*[@id="idSIButton9"]</arg>
<doc>Click the element identified by ``locator``.</doc>
<msg timestamp="20240705 12:53:37.822" level="INFO">Clicking element 'xpath://*[@id="idSIButton9"]'.</msg>
<status status="PASS" starttime="20240705 12:53:37.821" endtime="20240705 12:53:38.780"/>
</kw>
<kw name="Sleep" library="BuiltIn">
<arg>2</arg>
<doc>Pauses the test executed for the given time.</doc>
<msg timestamp="20240705 12:53:40.781" level="INFO">Slept 2 seconds</msg>
<status status="PASS" starttime="20240705 12:53:38.781" endtime="20240705 12:53:40.781"/>
</kw>
<kw name="Click Element" library="SeleniumLibrary">
<arg>xpath://*[@id="idBtn_Back"]</arg>
<doc>Click the element identified by ``locator``.</doc>
<msg timestamp="20240705 12:53:40.782" level="INFO">Clicking element 'xpath://*[@id="idBtn_Back"]'.</msg>
<status status="PASS" starttime="20240705 12:53:40.781" endtime="20240705 12:53:42.852"/>
</kw>
<kw name="Sleep" library="BuiltIn">
<arg>5</arg>
<doc>Pauses the test executed for the given time.</doc>
<msg timestamp="20240705 12:53:47.853" level="INFO">Slept 5 seconds</msg>
<status status="PASS" starttime="20240705 12:53:42.852" endtime="20240705 12:53:47.853"/>
</kw>
<kw name="Maximize Browser Window" library="SeleniumLibrary">
<doc>Maximizes current browser window.</doc>
<status status="PASS" starttime="20240705 12:53:47.853" endtime="20240705 12:53:47.878"/>
</kw>
<kw name="Sleep" library="BuiltIn">
<arg>20</arg>
<doc>Pauses the test executed for the given time.</doc>
<msg timestamp="20240705 12:54:07.879" level="INFO">Slept 20 seconds</msg>
<status status="PASS" starttime="20240705 12:53:47.878" endtime="20240705 12:54:07.879"/>
</kw>
<status status="PASS" starttime="20240705 12:53:18.212" endtime="20240705 12:54:07.879"/>
</kw>
<tag>useradmin01</tag>
<status status="PASS" starttime="20240705 12:53:18.211" endtime="20240705 12:54:07.879"/>
</test>
<test id="s1-s1-t3" name="Create User_id" line="12">
<kw name="Create User_id" library="User Administration">
<kw name="Click Element" library="SeleniumLibrary">
<arg>xpath://span[text()='Admin']</arg>
<doc>Click the element identified by ``locator``.</doc>
<msg timestamp="20240705 12:54:07.879" level="INFO">Clicking element 'xpath://span[text()='Admin']'.</msg>
<status status="PASS" starttime="20240705 12:54:07.879" endtime="20240705 12:54:07.967"/>
</kw>
<kw name="Sleep" library="BuiltIn">
<arg>5</arg>
<doc>Pauses the test executed for the given time.</doc>
<msg timestamp="20240705 12:54:12.969" level="INFO">Slept 5 seconds</msg>
<status status="PASS" starttime="20240705 12:54:07.967" endtime="20240705 12:54:12.969"/>
</kw>
<kw name="Click Element" library="SeleniumLibrary">
<arg>xpath://div[text()='User Administration']</arg>
<doc>Click the element identified by ``locator``.</doc>
<msg timestamp="20240705 12:54:12.969" level="INFO">Clicking element 'xpath://div[text()='User Administration']'.</msg>
<kw name="Capture Page Screenshot" library="SeleniumLibrary">
<doc>Takes a screenshot of the current page and embeds it into a log file.</doc>
<msg timestamp="20240705 12:54:13.076" level="INFO" html="true">&lt;/td&gt;&lt;/tr&gt;&lt;tr&gt;&lt;td colspan="3"&gt;&lt;a href="selenium-screenshot-1.png"&gt;&lt;img src="selenium-screenshot-1.png" width="800px"&gt;&lt;/a&gt;</msg>
<status status="PASS" starttime="20240705 12:54:12.976" endtime="20240705 12:54:13.076"/>
</kw>
<msg timestamp="20240705 12:54:13.076" level="FAIL">Element with locator 'xpath://div[text()='User Administration']' not found.</msg>
<status status="FAIL" starttime="20240705 12:54:12.969" endtime="20240705 12:54:13.076"/>
</kw>
<kw name="Sleep" library="BuiltIn">
<arg>2</arg>
<doc>Pauses the test executed for the given time.</doc>
<status status="NOT RUN" starttime="20240705 12:54:13.076" endtime="20240705 12:54:13.076"/>
</kw>
<kw name="Click Element" library="SeleniumLibrary">
<arg>xpath://button[text()='Add User']</arg>
<doc>Click the element identified by ``locator``.</doc>
<status status="NOT RUN" starttime="20240705 12:54:13.076" endtime="20240705 12:54:13.076"/>
</kw>
<kw name="Sleep" library="BuiltIn">
<arg>4</arg>
<doc>Pauses the test executed for the given time.</doc>
<status status="NOT RUN" starttime="20240705 12:54:13.076" endtime="20240705 12:54:13.076"/>
</kw>
<kw name="Click Element" library="SeleniumLibrary">
<arg>id:mui-component-select-userType</arg>
<doc>Click the element identified by ``locator``.</doc>
<status status="NOT RUN" starttime="20240705 12:54:13.076" endtime="20240705 12:54:13.076"/>
</kw>
<kw name="Sleep" library="BuiltIn">
<arg>1</arg>
<doc>Pauses the test executed for the given time.</doc>
<status status="NOT RUN" starttime="20240705 12:54:13.076" endtime="20240705 12:54:13.076"/>
</kw>
<kw name="Click Element" library="SeleniumLibrary">
<arg>xpath://li[@data-value='User']</arg>
<doc>Click the element identified by ``locator``.</doc>
<status status="NOT RUN" starttime="20240705 12:54:13.076" endtime="20240705 12:54:13.076"/>
</kw>
<kw name="Sleep" library="BuiltIn">
<arg>1</arg>
<doc>Pauses the test executed for the given time.</doc>
<status status="NOT RUN" starttime="20240705 12:54:13.076" endtime="20240705 12:54:13.076"/>
</kw>
<kw name="Click Element" library="SeleniumLibrary">
<arg>id:mui-component-select-roleName</arg>
<doc>Click the element identified by ``locator``.</doc>
<status status="NOT RUN" starttime="20240705 12:54:13.076" endtime="20240705 12:54:13.076"/>
</kw>
<kw name="Sleep" library="BuiltIn">
<arg>1</arg>
<doc>Pauses the test executed for the given time.</doc>
<status status="NOT RUN" starttime="20240705 12:54:13.076" endtime="20240705 12:54:13.076"/>
</kw>
<kw name="Click Element" library="SeleniumLibrary">
<arg>xpath://li[@data-value='User']</arg>
<doc>Click the element identified by ``locator``.</doc>
<status status="NOT RUN" starttime="20240705 12:54:13.076" endtime="20240705 12:54:13.076"/>
</kw>
<kw name="Sleep" library="BuiltIn">
<arg>1</arg>
<doc>Pauses the test executed for the given time.</doc>
<status status="NOT RUN" starttime="20240705 12:54:13.076" endtime="20240705 12:54:13.076"/>
</kw>
<kw name="Input Text" library="SeleniumLibrary">
<arg>name:firstName</arg>
<arg>Malay</arg>
<doc>Types the given ``text`` into the text field identified by ``locator``.</doc>
<status status="NOT RUN" starttime="20240705 12:54:13.076" endtime="20240705 12:54:13.076"/>
</kw>
<kw name="Sleep" library="BuiltIn">
<arg>1</arg>
<doc>Pauses the test executed for the given time.</doc>
<status status="NOT RUN" starttime="20240705 12:54:13.076" endtime="20240705 12:54:13.076"/>
</kw>
<kw name="Input Text" library="SeleniumLibrary">
<arg>name:lastName</arg>
<arg>Sahu</arg>
<doc>Types the given ``text`` into the text field identified by ``locator``.</doc>
<status status="NOT RUN" starttime="20240705 12:54:13.076" endtime="20240705 12:54:13.076"/>
</kw>
<kw name="Sleep" library="BuiltIn">
<arg>1</arg>
<doc>Pauses the test executed for the given time.</doc>
<status status="NOT RUN" starttime="20240705 12:54:13.076" endtime="20240705 12:54:13.076"/>
</kw>
<kw name="Input Text" library="SeleniumLibrary">
<arg>name:userId</arg>
<arg>Malays</arg>
<doc>Types the given ``text`` into the text field identified by ``locator``.</doc>
<status status="NOT RUN" starttime="20240705 12:54:13.076" endtime="20240705 12:54:13.076"/>
</kw>
<kw name="Sleep" library="BuiltIn">
<arg>1</arg>
<doc>Pauses the test executed for the given time.</doc>
<status status="NOT RUN" starttime="20240705 12:54:13.076" endtime="20240705 12:54:13.076"/>
</kw>
<kw name="Input Text" library="SeleniumLibrary">
<arg>name:email</arg>
<arg>malayranjan.s@basiscloudsolutions.com</arg>
<doc>Types the given ``text`` into the text field identified by ``locator``.</doc>
<status status="NOT RUN" starttime="20240705 12:54:13.076" endtime="20240705 12:54:13.076"/>
</kw>
<kw name="Sleep" library="BuiltIn">
<arg>1</arg>
<doc>Pauses the test executed for the given time.</doc>
<status status="NOT RUN" starttime="20240705 12:54:13.076" endtime="20240705 12:54:13.076"/>
</kw>
<kw name="Input Text" library="SeleniumLibrary">
<arg>name:validFrom</arg>
<arg>11-06-2024</arg>
<doc>Types the given ``text`` into the text field identified by ``locator``.</doc>
<status status="NOT RUN" starttime="20240705 12:54:13.076" endtime="20240705 12:54:13.076"/>
</kw>
<kw name="Sleep" library="BuiltIn">
<arg>1</arg>
<doc>Pauses the test executed for the given time.</doc>
<status status="NOT RUN" starttime="20240705 12:54:13.076" endtime="20240705 12:54:13.076"/>
</kw>
<kw name="Input Text" library="SeleniumLibrary">
<arg>name:validTo</arg>
<arg>11-06-2025</arg>
<doc>Types the given ``text`` into the text field identified by ``locator``.</doc>
<status status="NOT RUN" starttime="20240705 12:54:13.076" endtime="20240705 12:54:13.076"/>
</kw>
<kw name="Sleep" library="BuiltIn">
<arg>1</arg>
<doc>Pauses the test executed for the given time.</doc>
<status status="NOT RUN" starttime="20240705 12:54:13.076" endtime="20240705 12:54:13.076"/>
</kw>
<kw name="Click Element" library="SeleniumLibrary">
<arg>id:demo-multiple-checkbox</arg>
<doc>Click the element identified by ``locator``.</doc>
<status status="NOT RUN" starttime="20240705 12:54:13.076" endtime="20240705 12:54:13.076"/>
</kw>
<kw name="Sleep" library="BuiltIn">
<arg>1</arg>
<doc>Pauses the test executed for the given time.</doc>
<status status="NOT RUN" starttime="20240705 12:54:13.076" endtime="20240705 12:54:13.076"/>
</kw>
<kw name="Click Element" library="SeleniumLibrary">
<arg>xpath:(//input[@type='checkbox'])[3]</arg>
<doc>Click the element identified by ``locator``.</doc>
<status status="NOT RUN" starttime="20240705 12:54:13.076" endtime="20240705 12:54:13.076"/>
</kw>
<kw name="Sleep" library="BuiltIn">
<arg>1</arg>
<doc>Pauses the test executed for the given time.</doc>
<status status="NOT RUN" starttime="20240705 12:54:13.076" endtime="20240705 12:54:13.076"/>
</kw>
<kw name="Click Element" library="SeleniumLibrary">
<arg>xpath://div[contains(@class,'MuiBackdrop-root MuiBackdrop-invisible')]</arg>
<doc>Click the element identified by ``locator``.</doc>
<status status="NOT RUN" starttime="20240705 12:54:13.076" endtime="20240705 12:54:13.076"/>
</kw>
<kw name="Sleep" library="BuiltIn">
<arg>2</arg>
<doc>Pauses the test executed for the given time.</doc>
<status status="NOT RUN" starttime="20240705 12:54:13.076" endtime="20240705 12:54:13.076"/>
</kw>
<kw name="Click Element" library="SeleniumLibrary">
<arg>xpath://button[text()='Add']</arg>
<doc>Click the element identified by ``locator``.</doc>
<status status="NOT RUN" starttime="20240705 12:54:13.076" endtime="20240705 12:54:13.076"/>
</kw>
<kw name="Sleep" library="BuiltIn">
<arg>7</arg>
<doc>Pauses the test executed for the given time.</doc>
<status status="NOT RUN" starttime="20240705 12:54:13.076" endtime="20240705 12:54:13.076"/>
</kw>
<status status="FAIL" starttime="20240705 12:54:07.879" endtime="20240705 12:54:13.076"/>
</kw>
<kw name="View the User id" library="User Administration">
<status status="NOT RUN" starttime="20240705 12:54:13.076" endtime="20240705 12:54:13.076"/>
</kw>
<kw name="Edit the User id" library="User Administration">
<status status="NOT RUN" starttime="20240705 12:54:13.076" endtime="20240705 12:54:13.076"/>
</kw>
<kw name="Delete user id" library="User Administration">
<status status="NOT RUN" starttime="20240705 12:54:13.076" endtime="20240705 12:54:13.076"/>
</kw>
<tag>useradmin01</tag>
<status status="FAIL" starttime="20240705 12:54:07.879" endtime="20240705 12:54:13.076">Element with locator 'xpath://div[text()='User Administration']' not found.</status>
</test>
<test id="s1-s1-t4" name="Finish TestCase" line="18">
<kw name="Finish TestCase" library="User Administration">
<kw name="Close All Browsers" library="SeleniumLibrary">
<doc>Closes all open browsers and resets the browser cache.</doc>
<status status="PASS" starttime="20240705 12:54:13.088" endtime="20240705 12:54:19.367"/>
</kw>
<status status="PASS" starttime="20240705 12:54:13.088" endtime="20240705 12:54:19.367"/>
</kw>
<tag>useradmin01</tag>
<status status="PASS" starttime="20240705 12:54:13.088" endtime="20240705 12:54:19.367"/>
</test>
<status status="FAIL" starttime="20240705 12:53:14.149" endtime="20240705 12:54:19.367"/>
</suite>
<suite id="s1-s2" name="TestUserAdministration" source="C:\Anugal_Testing\Anugal\Tests\TestUserAdministration.robot">
<test id="s1-s2-t1" name="Start TestCase" line="6">
<kw name="Start TestCase" library="User Administration">
<kw name="Log" library="BuiltIn">
<arg>Opening browser</arg>
<doc>Logs the given message with the given level.</doc>
<msg timestamp="20240705 12:54:19.419" level="INFO">Opening browser</msg>
<status status="PASS" starttime="20240705 12:54:19.419" endtime="20240705 12:54:19.419"/>
</kw>
<kw name="Open Browser" library="SeleniumLibrary">
<arg>${angvar('url')}</arg>
<arg>${angvar('browser')}</arg>
<doc>Opens a new browser instance to the optional ``url``.</doc>
<msg timestamp="20240705 12:54:19.419" level="INFO">Ang.Dev.url: https://dev.anugalid.com/login</msg>
<msg timestamp="20240705 12:54:19.430" level="INFO">Ang.Dev.browser: Chrome</msg>
<msg timestamp="20240705 12:54:19.430" level="INFO">Opening browser 'Chrome' to base url 'https://dev.anugalid.com/login'.</msg>
<status status="PASS" starttime="20240705 12:54:19.419" endtime="20240705 12:54:22.044"/>
</kw>
<status status="PASS" starttime="20240705 12:54:19.419" endtime="20240705 12:54:22.045"/>
</kw>
<tag>useradmin01</tag>
<status status="PASS" starttime="20240705 12:54:19.419" endtime="20240705 12:54:22.045"/>
</test>
<test id="s1-s2-t2" name="Submit Anugal username and password" line="9">
<kw name="Submit Anugal username and password" library="User Administration">
<kw name="Wait Until Element Is Visible" library="SeleniumLibrary">
<arg>${angvar('user_text_box')}</arg>
<doc>Waits until the element ``locator`` is visible.</doc>
<msg timestamp="20240705 12:54:22.048" level="INFO">Ang.Dev.user_text_box: id:emailId</msg>
<status status="PASS" starttime="20240705 12:54:22.047" endtime="20240705 12:54:22.246"/>
</kw>
<kw name="Sleep" library="BuiltIn">
<arg>10</arg>
<doc>Pauses the test executed for the given time.</doc>
<msg timestamp="20240705 12:54:32.248" level="INFO">Slept 10 seconds</msg>
<status status="PASS" starttime="20240705 12:54:22.247" endtime="20240705 12:54:32.248"/>
</kw>
<kw name="Click Element" library="SeleniumLibrary">
<arg>xpath:(//div[@class='MuiStack-root css-1ed5314']//button)[2]</arg>
<doc>Click the element identified by ``locator``.</doc>
<msg timestamp="20240705 12:54:32.249" level="INFO">Clicking element 'xpath:(//div[@class='MuiStack-root css-1ed5314']//button)[2]'.</msg>
<status status="PASS" starttime="20240705 12:54:32.248" endtime="20240705 12:54:32.441"/>
</kw>
<kw name="Sleep" library="BuiltIn">
<arg>5</arg>
<doc>Pauses the test executed for the given time.</doc>
<msg timestamp="20240705 12:54:37.442" level="INFO">Slept 5 seconds</msg>
<status status="PASS" starttime="20240705 12:54:32.442" endtime="20240705 12:54:37.442"/>
</kw>
<kw name="Input Text" library="SeleniumLibrary">
<arg>xpath://*[@id="i0116"]</arg>
<arg>malayranjan.s@basiscloudsolutions.com</arg>
<doc>Types the given ``text`` into the text field identified by ``locator``.</doc>
<msg timestamp="20240705 12:54:37.442" level="INFO">Typing text 'malayranjan.s@basiscloudsolutions.com' into text field 'xpath://*[@id="i0116"]'.</msg>
<status status="PASS" starttime="20240705 12:54:37.442" endtime="20240705 12:54:37.554"/>
</kw>
<kw name="Sleep" library="BuiltIn">
<arg>3</arg>
<doc>Pauses the test executed for the given time.</doc>
<msg timestamp="20240705 12:54:40.555" level="INFO">Slept 3 seconds</msg>
<status status="PASS" starttime="20240705 12:54:37.554" endtime="20240705 12:54:40.555"/>
</kw>
<kw name="Click Element" library="SeleniumLibrary">
<arg>xpath://*[@id="idSIButton9"]</arg>
<doc>Click the element identified by ``locator``.</doc>
<msg timestamp="20240705 12:54:40.556" level="INFO">Clicking element 'xpath://*[@id="idSIButton9"]'.</msg>
<status status="PASS" starttime="20240705 12:54:40.555" endtime="20240705 12:54:40.608"/>
</kw>
<kw name="Wait Until Element Is Visible" library="SeleniumLibrary">
<arg>xpath://*[@id="i0118"]</arg>
<arg>60s</arg>
<doc>Waits until the element ``locator`` is visible.</doc>
<status status="PASS" starttime="20240705 12:54:40.608" endtime="20240705 12:54:41.536"/>
</kw>
<kw name="Input Text" library="SeleniumLibrary">
<arg>xpath://*[@id="i0118"]</arg>
<arg>Malay@Ranjan!@#</arg>
<doc>Types the given ``text`` into the text field identified by ``locator``.</doc>
<msg timestamp="20240705 12:54:41.537" level="INFO">Typing text 'Malay@Ranjan!@#' into text field 'xpath://*[@id="i0118"]'.</msg>
<status status="PASS" starttime="20240705 12:54:41.536" endtime="20240705 12:54:41.605"/>
</kw>
<kw name="Click Element" library="SeleniumLibrary">
<arg>xpath://*[@id="idSIButton9"]</arg>
<doc>Click the element identified by ``locator``.</doc>
<msg timestamp="20240705 12:54:41.606" level="INFO">Clicking element 'xpath://*[@id="idSIButton9"]'.</msg>
<status status="PASS" starttime="20240705 12:54:41.605" endtime="20240705 12:54:42.008"/>
</kw>
<kw name="Sleep" library="BuiltIn">
<arg>2</arg>
<doc>Pauses the test executed for the given time.</doc>
<msg timestamp="20240705 12:54:44.008" level="INFO">Slept 2 seconds</msg>
<status status="PASS" starttime="20240705 12:54:42.008" endtime="20240705 12:54:44.008"/>
</kw>
<kw name="Click Element" library="SeleniumLibrary">
<arg>xpath://*[@id="idBtn_Back"]</arg>
<doc>Click the element identified by ``locator``.</doc>
<msg timestamp="20240705 12:54:44.008" level="INFO">Clicking element 'xpath://*[@id="idBtn_Back"]'.</msg>
<status status="PASS" starttime="20240705 12:54:44.008" endtime="20240705 12:54:45.851"/>
</kw>
<kw name="Sleep" library="BuiltIn">
<arg>5</arg>
<doc>Pauses the test executed for the given time.</doc>
<msg timestamp="20240705 12:54:50.851" level="INFO">Slept 5 seconds</msg>
<status status="PASS" starttime="20240705 12:54:45.851" endtime="20240705 12:54:50.851"/>
</kw>
<kw name="Maximize Browser Window" library="SeleniumLibrary">
<doc>Maximizes current browser window.</doc>
<status status="PASS" starttime="20240705 12:54:50.851" endtime="20240705 12:54:50.874"/>
</kw>
<kw name="Sleep" library="BuiltIn">
<arg>20</arg>
<doc>Pauses the test executed for the given time.</doc>
<msg timestamp="20240705 12:55:10.875" level="INFO">Slept 20 seconds</msg>
<status status="PASS" starttime="20240705 12:54:50.874" endtime="20240705 12:55:10.875"/>
</kw>
<status status="PASS" starttime="20240705 12:54:22.047" endtime="20240705 12:55:10.875"/>
</kw>
<tag>useradmin01</tag>
<status status="PASS" starttime="20240705 12:54:22.046" endtime="20240705 12:55:10.875"/>
</test>
<test id="s1-s2-t3" name="Create User_id" line="12">
<kw name="Create User_id" library="User Administration">
<kw name="Click Element" library="SeleniumLibrary">
<arg>xpath://span[text()='Admin']</arg>
<doc>Click the element identified by ``locator``.</doc>
<msg timestamp="20240705 12:55:10.876" level="INFO">Clicking element 'xpath://span[text()='Admin']'.</msg>
<status status="PASS" starttime="20240705 12:55:10.876" endtime="20240705 12:55:10.972"/>
</kw>
<kw name="Sleep" library="BuiltIn">
<arg>5</arg>
<doc>Pauses the test executed for the given time.</doc>
<msg timestamp="20240705 12:55:15.973" level="INFO">Slept 5 seconds</msg>
<status status="PASS" starttime="20240705 12:55:10.972" endtime="20240705 12:55:15.973"/>
</kw>
<kw name="Click Element" library="SeleniumLibrary">
<arg>xpath://div[text()='User Administration']</arg>
<doc>Click the element identified by ``locator``.</doc>
<msg timestamp="20240705 12:55:15.973" level="INFO">Clicking element 'xpath://div[text()='User Administration']'.</msg>
<kw name="Capture Page Screenshot" library="SeleniumLibrary">
<doc>Takes a screenshot of the current page and embeds it into a log file.</doc>
<msg timestamp="20240705 12:55:16.055" level="INFO" html="true">&lt;/td&gt;&lt;/tr&gt;&lt;tr&gt;&lt;td colspan="3"&gt;&lt;a href="selenium-screenshot-2.png"&gt;&lt;img src="selenium-screenshot-2.png" width="800px"&gt;&lt;/a&gt;</msg>
<status status="PASS" starttime="20240705 12:55:15.976" endtime="20240705 12:55:16.055"/>
</kw>
<msg timestamp="20240705 12:55:16.055" level="FAIL">Element with locator 'xpath://div[text()='User Administration']' not found.</msg>
<status status="FAIL" starttime="20240705 12:55:15.973" endtime="20240705 12:55:16.055"/>
</kw>
<kw name="Sleep" library="BuiltIn">
<arg>2</arg>
<doc>Pauses the test executed for the given time.</doc>
<status status="NOT RUN" starttime="20240705 12:55:16.055" endtime="20240705 12:55:16.055"/>
</kw>
<kw name="Click Element" library="SeleniumLibrary">
<arg>xpath://button[text()='Add User']</arg>
<doc>Click the element identified by ``locator``.</doc>
<status status="NOT RUN" starttime="20240705 12:55:16.055" endtime="20240705 12:55:16.055"/>
</kw>
<kw name="Sleep" library="BuiltIn">
<arg>4</arg>
<doc>Pauses the test executed for the given time.</doc>
<status status="NOT RUN" starttime="20240705 12:55:16.055" endtime="20240705 12:55:16.055"/>
</kw>
<kw name="Click Element" library="SeleniumLibrary">
<arg>id:mui-component-select-userType</arg>
<doc>Click the element identified by ``locator``.</doc>
<status status="NOT RUN" starttime="20240705 12:55:16.055" endtime="20240705 12:55:16.055"/>
</kw>
<kw name="Sleep" library="BuiltIn">
<arg>1</arg>
<doc>Pauses the test executed for the given time.</doc>
<status status="NOT RUN" starttime="20240705 12:55:16.055" endtime="20240705 12:55:16.055"/>
</kw>
<kw name="Click Element" library="SeleniumLibrary">
<arg>xpath://li[@data-value='User']</arg>
<doc>Click the element identified by ``locator``.</doc>
<status status="NOT RUN" starttime="20240705 12:55:16.055" endtime="20240705 12:55:16.055"/>
</kw>
<kw name="Sleep" library="BuiltIn">
<arg>1</arg>
<doc>Pauses the test executed for the given time.</doc>
<status status="NOT RUN" starttime="20240705 12:55:16.055" endtime="20240705 12:55:16.055"/>
</kw>
<kw name="Click Element" library="SeleniumLibrary">
<arg>id:mui-component-select-roleName</arg>
<doc>Click the element identified by ``locator``.</doc>
<status status="NOT RUN" starttime="20240705 12:55:16.055" endtime="20240705 12:55:16.055"/>
</kw>
<kw name="Sleep" library="BuiltIn">
<arg>1</arg>
<doc>Pauses the test executed for the given time.</doc>
<status status="NOT RUN" starttime="20240705 12:55:16.055" endtime="20240705 12:55:16.055"/>
</kw>
<kw name="Click Element" library="SeleniumLibrary">
<arg>xpath://li[@data-value='User']</arg>
<doc>Click the element identified by ``locator``.</doc>
<status status="NOT RUN" starttime="20240705 12:55:16.055" endtime="20240705 12:55:16.055"/>
</kw>
<kw name="Sleep" library="BuiltIn">
<arg>1</arg>
<doc>Pauses the test executed for the given time.</doc>
<status status="NOT RUN" starttime="20240705 12:55:16.055" endtime="20240705 12:55:16.055"/>
</kw>
<kw name="Input Text" library="SeleniumLibrary">
<arg>name:firstName</arg>
<arg>Malay</arg>
<doc>Types the given ``text`` into the text field identified by ``locator``.</doc>
<status status="NOT RUN" starttime="20240705 12:55:16.055" endtime="20240705 12:55:16.055"/>
</kw>
<kw name="Sleep" library="BuiltIn">
<arg>1</arg>
<doc>Pauses the test executed for the given time.</doc>
<status status="NOT RUN" starttime="20240705 12:55:16.055" endtime="20240705 12:55:16.055"/>
</kw>
<kw name="Input Text" library="SeleniumLibrary">
<arg>name:lastName</arg>
<arg>Sahu</arg>
<doc>Types the given ``text`` into the text field identified by ``locator``.</doc>
<status status="NOT RUN" starttime="20240705 12:55:16.055" endtime="20240705 12:55:16.055"/>
</kw>
<kw name="Sleep" library="BuiltIn">
<arg>1</arg>
<doc>Pauses the test executed for the given time.</doc>
<status status="NOT RUN" starttime="20240705 12:55:16.055" endtime="20240705 12:55:16.055"/>
</kw>
<kw name="Input Text" library="SeleniumLibrary">
<arg>name:userId</arg>
<arg>Malays</arg>
<doc>Types the given ``text`` into the text field identified by ``locator``.</doc>
<status status="NOT RUN" starttime="20240705 12:55:16.055" endtime="20240705 12:55:16.055"/>
</kw>
<kw name="Sleep" library="BuiltIn">
<arg>1</arg>
<doc>Pauses the test executed for the given time.</doc>
<status status="NOT RUN" starttime="20240705 12:55:16.055" endtime="20240705 12:55:16.055"/>
</kw>
<kw name="Input Text" library="SeleniumLibrary">
<arg>name:email</arg>
<arg>malayranjan.s@basiscloudsolutions.com</arg>
<doc>Types the given ``text`` into the text field identified by ``locator``.</doc>
<status status="NOT RUN" starttime="20240705 12:55:16.055" endtime="20240705 12:55:16.055"/>
</kw>
<kw name="Sleep" library="BuiltIn">
<arg>1</arg>
<doc>Pauses the test executed for the given time.</doc>
<status status="NOT RUN" starttime="20240705 12:55:16.055" endtime="20240705 12:55:16.055"/>
</kw>
<kw name="Input Text" library="SeleniumLibrary">
<arg>name:validFrom</arg>
<arg>11-06-2024</arg>
<doc>Types the given ``text`` into the text field identified by ``locator``.</doc>
<status status="NOT RUN" starttime="20240705 12:55:16.055" endtime="20240705 12:55:16.055"/>
</kw>
<kw name="Sleep" library="BuiltIn">
<arg>1</arg>
<doc>Pauses the test executed for the given time.</doc>
<status status="NOT RUN" starttime="20240705 12:55:16.055" endtime="20240705 12:55:16.055"/>
</kw>
<kw name="Input Text" library="SeleniumLibrary">
<arg>name:validTo</arg>
<arg>11-06-2025</arg>
<doc>Types the given ``text`` into the text field identified by ``locator``.</doc>
<status status="NOT RUN" starttime="20240705 12:55:16.055" endtime="20240705 12:55:16.055"/>
</kw>
<kw name="Sleep" library="BuiltIn">
<arg>1</arg>
<doc>Pauses the test executed for the given time.</doc>
<status status="NOT RUN" starttime="20240705 12:55:16.055" endtime="20240705 12:55:16.055"/>
</kw>
<kw name="Click Element" library="SeleniumLibrary">
<arg>id:demo-multiple-checkbox</arg>
<doc>Click the element identified by ``locator``.</doc>
<status status="NOT RUN" starttime="20240705 12:55:16.055" endtime="20240705 12:55:16.055"/>
</kw>
<kw name="Sleep" library="BuiltIn">
<arg>1</arg>
<doc>Pauses the test executed for the given time.</doc>
<status status="NOT RUN" starttime="20240705 12:55:16.055" endtime="20240705 12:55:16.055"/>
</kw>
<kw name="Click Element" library="SeleniumLibrary">
<arg>xpath:(//input[@type='checkbox'])[3]</arg>
<doc>Click the element identified by ``locator``.</doc>
<status status="NOT RUN" starttime="20240705 12:55:16.055" endtime="20240705 12:55:16.055"/>
</kw>
<kw name="Sleep" library="BuiltIn">
<arg>1</arg>
<doc>Pauses the test executed for the given time.</doc>
<status status="NOT RUN" starttime="20240705 12:55:16.055" endtime="20240705 12:55:16.055"/>
</kw>
<kw name="Click Element" library="SeleniumLibrary">
<arg>xpath://div[contains(@class,'MuiBackdrop-root MuiBackdrop-invisible')]</arg>
<doc>Click the element identified by ``locator``.</doc>
<status status="NOT RUN" starttime="20240705 12:55:16.055" endtime="20240705 12:55:16.055"/>
</kw>
<kw name="Sleep" library="BuiltIn">
<arg>2</arg>
<doc>Pauses the test executed for the given time.</doc>
<status status="NOT RUN" starttime="20240705 12:55:16.055" endtime="20240705 12:55:16.055"/>
</kw>
<kw name="Click Element" library="SeleniumLibrary">
<arg>xpath://button[text()='Add']</arg>
<doc>Click the element identified by ``locator``.</doc>
<status status="NOT RUN" starttime="20240705 12:55:16.055" endtime="20240705 12:55:16.055"/>
</kw>
<kw name="Sleep" library="BuiltIn">
<arg>7</arg>
<doc>Pauses the test executed for the given time.</doc>
<status status="NOT RUN" starttime="20240705 12:55:16.055" endtime="20240705 12:55:16.055"/>
</kw>
<status status="FAIL" starttime="20240705 12:55:10.876" endtime="20240705 12:55:16.055"/>
</kw>
<kw name="View the User id" library="User Administration">
<status status="NOT RUN" starttime="20240705 12:55:16.055" endtime="20240705 12:55:16.055"/>
</kw>
<kw name="Edit the User id" library="User Administration">
<status status="NOT RUN" starttime="20240705 12:55:16.055" endtime="20240705 12:55:16.055"/>
</kw>
<kw name="Delete user id" library="User Administration">
<status status="NOT RUN" starttime="20240705 12:55:16.055" endtime="20240705 12:55:16.055"/>
</kw>
<tag>useradmin01</tag>
<status status="FAIL" starttime="20240705 12:55:10.876" endtime="20240705 12:55:16.055">Element with locator 'xpath://div[text()='User Administration']' not found.</status>
</test>
<test id="s1-s2-t4" name="Finish TestCase" line="18">
<kw name="Finish TestCase" library="User Administration">
<kw name="Close All Browsers" library="SeleniumLibrary">
<doc>Closes all open browsers and resets the browser cache.</doc>
<status status="PASS" starttime="20240705 12:55:16.055" endtime="20240705 12:55:22.318"/>
</kw>
<status status="PASS" starttime="20240705 12:55:16.055" endtime="20240705 12:55:22.318"/>
</kw>
<tag>useradmin01</tag>
<status status="PASS" starttime="20240705 12:55:16.055" endtime="20240705 12:55:22.318"/>
</test>
<status status="FAIL" starttime="20240705 12:54:19.419" endtime="20240705 12:55:22.318"/>
</suite>
<doc>Testing functionality through Robot Framework</doc>
<meta name="environment">Dev</meta>
<meta name="test_browser_name">chrome</meta>
<meta name="test_browser_version">126.0.6478.127</meta>
<meta name="test_driver_version">126.0.6478.62 </meta>
<meta name="test_environment">Dev</meta>
<meta name="test_freeze_dependencies">astroid==3.2.2,attrs==23.2.0,beautifulsoup4==4.12.3,bs4==0.0.2,certifi==2024.6.2,cffi==1.16.0,chardet==5.2.0,charset-normalizer==3.3.2,click==8.1.7,colorama==0.4.6,cryptography==42.0.8,defusedxml==0.7.1,dill==0.3.8,docutils==0.21.2,exceptiongroup==1.2.1,gitdb==4.0.11,GitPython==3.1.43,h11==0.14.0,idna==3.7,isort==5.13.2,Jinja2==3.1.4,jira==3.8.0,jsonpath-ng==1.6.1,jsonschema==4.22.0,jsonschema-specifications==2023.12.1,lazy-object-proxy==1.10.0,lxml==5.2.2,markdown-it-py==3.0.0,MarkupSafe==2.1.5,mccabe==0.7.0,mdurl==0.1.2,natsort==8.4.0,oauthlib==3.2.2,outcome==1.3.0.post0,packaging==24.1,pathspec==0.11.2,pillow==10.4.0,pip==24.1.1,platformdirs==4.2.2,ply==3.11,pycparser==2.22,Pygments==2.18.0,pylint==3.2.5,PySocks==1.7.1,pywin32==306,PyYAML==6.0.1,referencing==0.35.1,requests==2.32.3,requests-oauthlib==2.0.0,requests-toolbelt==1.0.0,rich==13.7.1,rich-click==1.6.1,robotframework==6.0.2,robotframework-datadriver==1.9.0,robotframework-jsonlibrary==0.5,robotframework-pabot==2.16.0,robotframework-pythonlibcore==4.2.0,robotframework-requests==0.9.2,robotframework-sapguilibrary==1.1,robotframework-seleniumlibrary==5.1.3,robotframework-stacktrace==0.4.1,robotframework-tidy==4.5.0,rpds-py==0.18.1,selenium==4.9.1,setuptools==70.2.0,smmap==5.0.1,sniffio==1.3.1,sortedcontainers==2.4.0,soupsieve==2.5,tomli==2.0.1,tomlkit==0.12.5,trio==0.25.1,trio-websocket==0.11.1,typing_extensions==4.12.2,urllib3==2.2.2,wheel==0.43.0,wrapt==1.16.0,wsproto==1.2.0</meta>
<status status="FAIL" starttime="20240705 12:53:10.425" endtime="20240705 12:55:22.370"/>
</suite>
<statistics>
<total>
<stat pass="6" fail="2" skip="0">All Tests</stat>
</total>
<tag>
<stat pass="6" fail="2" skip="0">useradmin01</stat>
</tag>
<suite>
<stat pass="6" fail="2" skip="0" id="s1" name="Tests">Tests</stat>
<stat pass="3" fail="1" skip="0" id="s1-s1" name="Test User Administration">Tests.Test User Administration</stat>
<stat pass="3" fail="1" skip="0" id="s1-s2" name="TestUserAdministration">Tests.TestUserAdministration</stat>
</suite>
</statistics>
<errors>
<msg timestamp="20240705 12:54:19.419" level="WARN">Multiple suites with name 'TestUserAdministration' executed in suite 'Tests'.</msg>
</errors>
</robot>
