==============================================================================
Tests :: Testing functionality through Robot Framework                        
==============================================================================
Tests.Test invoice creation                                                   
==============================================================================
  
  Traceback (most recent call last):
    ~~~~~~~~~~~~~~~~~~~~~~~~~~~~~~~~~~~~~~~~~~~~~~~~~~~~~~~~~~~~~~~~~~~~~~~~~~
    File  C:\SAP_Testing\SAPtesting\Tests\Test_invoice_creation.robot:4
      SAP logon    
    ~~~~~~~~~~~~~~~~~~~~~~~~~~~~~~~~~~~~~~~~~~~~~~~~~~~~~~~~~~~~~~~~~~~~~~~~~~
    File  C:\SAP_Testing\SAPtesting\Tests\Resource\Invoice_Creation.robot:46
      Connect To Session    
______________________________________________________________________________
Interlinked transactions for Invoice                                  | FAIL |
Parent suite setup failed:
Warning: Could not connect to Session, is Sap Logon Pad open?
------------------------------------------------------------------------------
  
  Traceback (most recent call last):
    ~~~~~~~~~~~~~~~~~~~~~~~~~~~~~~~~~~~~~~~~~~~~~~~~~~~~~~~~~~~~~~~~~~~~~~~~~~
    File  C:\SAP_Testing\SAPtesting\Tests\Test_invoice_creation.robot:5
      SAP Logout    
    ~~~~~~~~~~~~~~~~~~~~~~~~~~~~~~~~~~~~~~~~~~~~~~~~~~~~~~~~~~~~~~~~~~~~~~~~~~
    File  C:\SAP_Testing\SAPtesting\Tests\Resource\Invoice_Creation.robot:161
      Run Transaction    /nex
______________________________________________________________________________
Tests.Test invoice creation                                           | FAIL |
Suite setup failed:
Warning: Could not connect to Session, is Sap Logon Pad open?

Also suite teardown failed:
AttributeError: 'int' object has no attribute 'findById'

1 test, 0 passed, 1 failed
==============================================================================
Tests :: Testing functionality through Robot Framework                | FAIL |
1 test, 0 passed, 1 failed
==============================================================================
Output:  C:\SAP_Testing\SAPtesting\Output\a325da75-67df-4f02-b1be-9089b8776c66\pabot_results\0\Output.xml
