<?xml version="1.0" encoding="UTF-8"?>
<robot generator="Robot 6.0.2 (Python 3.12.1 on win32)" generated="20240705 12:58:50.220" rpa="false" schemaversion="3">
<suite id="s1" name="Tests" source="C:\Anugal_Testing\Anugal\Tests">
<kw name="Setup highest level suite" type="SETUP">
<kw name="Set Variable" library="BuiltIn">
<var>${d.test_server}</var>
<arg>${test_server}</arg>
<doc>Returns the given values which can then be assigned to a variables.</doc>
<msg timestamp="20240705 12:58:51.171" level="INFO">${d.test_server} = Dev</msg>
<status status="PASS" starttime="20240705 12:58:51.170" endtime="20240705 12:58:51.171"/>
</kw>
<kw name="Reset screenshot count variable" library="Support">
<kw name="Set Variable" library="BuiltIn">
<var>${screenshotCount}</var>
<arg>${PABOTQUEUEINDEX}_1</arg>
<doc>Returns the given values which can then be assigned to a variables.</doc>
<msg timestamp="20240705 12:58:51.172" level="INFO">${screenshotCount} = 1_1</msg>
<status status="PASS" starttime="20240705 12:58:51.171" endtime="20240705 12:58:51.172"/>
</kw>
<kw name="Set Global Variable" library="BuiltIn">
<arg>${screenshotCount}</arg>
<doc>Makes a variable available globally in all tests and suites.</doc>
<msg timestamp="20240705 12:58:51.172" level="INFO">${screenshotCount} = 1_1</msg>
<status status="PASS" starttime="20240705 12:58:51.172" endtime="20240705 12:58:51.172"/>
</kw>
<kw name="Set up screenshot directory" library="Support">
<kw name="Create Directory" library="OperatingSystem">
<arg>${OUTPUTDIR}${/}${wvar('screenshot_dir')}</arg>
<doc>Creates the specified directory.</doc>
<msg timestamp="20240705 12:58:51.173" level="INFO">Web.Dev.screenshot_dir: Screenshot</msg>
<msg timestamp="20240705 12:58:51.180" level="INFO" html="true">Created directory '&lt;a href="file://C:\Anugal_Testing\Anugal\Output\d3b550b3-ac8c-4aa6-9b24-567900f777a2\pabot_results\1\Screenshot"&gt;C:\Anugal_Testing\Anugal\Output\d3b550b3-ac8c-4aa6-9b24-567900f777a2\pabot_results\1\Screenshot&lt;/a&gt;'.</msg>
<status status="PASS" starttime="20240705 12:58:51.173" endtime="20240705 12:58:51.181"/>
</kw>
<status status="PASS" starttime="20240705 12:58:51.172" endtime="20240705 12:58:51.181"/>
</kw>
<status status="PASS" starttime="20240705 12:58:51.171" endtime="20240705 12:58:51.181"/>
</kw>
<kw name="Set Global Variable" library="BuiltIn">
<arg>${screenshot_taking}</arg>
<arg>${True}</arg>
<doc>Makes a variable available globally in all tests and suites.</doc>
<msg timestamp="20240705 12:58:51.181" level="INFO">${screenshot_taking} = True</msg>
<status status="PASS" starttime="20240705 12:58:51.181" endtime="20240705 12:58:51.181"/>
</kw>
<kw name="Setup linux execution" library="Support">
<kw name="Run Keyword And Return Status" library="BuiltIn">
<var>${web_test_check}</var>
<arg>Variable Should Exist</arg>
<arg>${web_test}</arg>
<doc>Runs the given keyword with given arguments and returns the status as a Boolean value.</doc>
<kw name="Variable Should Exist" library="BuiltIn">
<arg>${web_test}</arg>
<doc>Fails unless the given variable exists within the current scope.</doc>
<status status="PASS" starttime="20240705 12:58:51.182" endtime="20240705 12:58:51.183"/>
</kw>
<msg timestamp="20240705 12:58:51.183" level="INFO">${web_test_check} = True</msg>
<status status="PASS" starttime="20240705 12:58:51.182" endtime="20240705 12:58:51.183"/>
</kw>
<kw name="Run Keyword If" library="BuiltIn">
<arg>${web_test_check}</arg>
<arg>Setup Docker Execution Options</arg>
<doc>Runs the given keyword with the given arguments, if ``condition`` is true.</doc>
<kw name="Setup Docker Execution Options" library="Support_Web">
<kw name="Setup Suite Metadata" library="Support_Web">
<arg>${browser}</arg>
<kw name="Get Browser Metadata" library="BrowserSupport">
<var>&amp;{browser_information}</var>
<arg>browser=${browser}</arg>
<doc>Fetches browser metadata information
:param browser: Name of the browser for which information is fetched
:param reload: Re-read the metadata based on the browser
:return: Browser metadata information, dict of format
            {"browser_version": browser version value,
             "driver_version": driver version value}</doc>
<msg timestamp="20240705 12:58:54.477" level="INFO">&amp;{browser_information} = { browser_version=126.0.6478.127 | driver_version=126.0.6478.62  }</msg>
<status status="PASS" starttime="20240705 12:58:51.184" endtime="20240705 12:58:54.477"/>
</kw>
<kw name="Set Suite Metadata" library="BuiltIn">
<arg>test_browser_name</arg>
<arg>${browser}</arg>
<doc>Sets metadata for the current test suite.</doc>
<msg timestamp="20240705 12:58:54.477" level="INFO">Set suite metadata 'test_browser_name' to value 'chrome'.</msg>
<status status="PASS" starttime="20240705 12:58:54.477" endtime="20240705 12:58:54.477"/>
</kw>
<kw name="Set Suite Metadata" library="BuiltIn">
<arg>test_browser_version</arg>
<arg>${browser_information.browser_version}</arg>
<doc>Sets metadata for the current test suite.</doc>
<msg timestamp="20240705 12:58:54.477" level="INFO">Set suite metadata 'test_browser_version' to value '126.0.6478.127'.</msg>
<status status="PASS" starttime="20240705 12:58:54.477" endtime="20240705 12:58:54.477"/>
</kw>
<kw name="Set Suite Metadata" library="BuiltIn">
<arg>test_driver_version</arg>
<arg>${browser_information.driver_version}</arg>
<doc>Sets metadata for the current test suite.</doc>
<msg timestamp="20240705 12:58:54.477" level="INFO">Set suite metadata 'test_driver_version' to value '126.0.6478.62 '.</msg>
<status status="PASS" starttime="20240705 12:58:54.477" endtime="20240705 12:58:54.477"/>
</kw>
<status status="PASS" starttime="20240705 12:58:51.184" endtime="20240705 12:58:54.477"/>
</kw>
<kw name="Setup Global Docker Execution Options" library="Support_Web">
<kw name="Set Global Variable" library="BuiltIn">
<arg>${global_browser_options}</arg>
<arg>None</arg>
<doc>Makes a variable available globally in all tests and suites.</doc>
<msg timestamp="20240705 12:58:54.477" level="INFO">${global_browser_options} = None</msg>
<status status="PASS" starttime="20240705 12:58:54.477" endtime="20240705 12:58:54.477"/>
</kw>
<kw name="Get Environment Variable" library="OperatingSystem">
<var>${docker_check}</var>
<arg>EXECUTION_ENVIRONMENT</arg>
<arg>not_found</arg>
<doc>Returns the value of an environment variable with the given name.</doc>
<msg timestamp="20240705 12:58:54.477" level="INFO">${docker_check} = not_found</msg>
<status status="PASS" starttime="20240705 12:58:54.477" endtime="20240705 12:58:54.477"/>
</kw>
<kw name="Run Keyword And Return If" library="BuiltIn">
<arg>"${docker_check}"!="docker"</arg>
<arg>Log</arg>
<arg>Not executing on Docker</arg>
<doc>Runs the specified keyword and returns from the enclosing user keyword.</doc>
<kw name="Log" library="BuiltIn">
<arg>Not executing on Docker</arg>
<doc>Logs the given message with the given level.</doc>
<msg timestamp="20240705 12:58:54.477" level="INFO">Not executing on Docker</msg>
<status status="PASS" starttime="20240705 12:58:54.477" endtime="20240705 12:58:54.477"/>
</kw>
<msg timestamp="20240705 12:58:54.477" level="INFO">Returning from the enclosing user keyword.</msg>
<status status="PASS" starttime="20240705 12:58:54.477" endtime="20240705 12:58:54.477"/>
</kw>
<kw name="Create List" library="BuiltIn">
<var>@{options}</var>
<arg>--headless</arg>
<arg>--no-sandbox</arg>
<arg>--disable-dev-shm-usage</arg>
<doc>Returns a list containing given items.</doc>
<status status="NOT RUN" starttime="20240705 12:58:54.477" endtime="20240705 12:58:54.477"/>
</kw>
<kw name="Set Global Variable" library="BuiltIn">
<arg>@{docker_options}</arg>
<arg>@{options}</arg>
<doc>Makes a variable available globally in all tests and suites.</doc>
<status status="NOT RUN" starttime="20240705 12:58:54.477" endtime="20240705 12:58:54.477"/>
</kw>
<status status="PASS" starttime="20240705 12:58:54.477" endtime="20240705 12:58:54.477"/>
</kw>
<kw name="Create Webdriver for chrome preferences" library="Support_Web">
<kw name="Update Docker Execution Options" library="Support_Web">
<var>${list_prefs}</var>
<arg>${list_prefs}</arg>
<kw name="Run Keyword And Return Status" library="BuiltIn">
<var>${docker_check}</var>
<arg>Variable Should Exist</arg>
<arg>${docker_options}</arg>
<doc>Runs the given keyword with given arguments and returns the status as a Boolean value.</doc>
<kw name="Variable Should Exist" library="BuiltIn">
<arg>${docker_options}</arg>
<doc>Fails unless the given variable exists within the current scope.</doc>
<msg timestamp="20240705 12:58:54.477" level="FAIL">Variable '${docker_options}' does not exist.</msg>
<status status="FAIL" starttime="20240705 12:58:54.477" endtime="20240705 12:58:54.477"/>
</kw>
<msg timestamp="20240705 12:58:54.477" level="INFO">${docker_check} = False</msg>
<status status="PASS" starttime="20240705 12:58:54.477" endtime="20240705 12:58:54.477"/>
</kw>
<kw name="Get Length" library="BuiltIn">
<var>${list_prefs_length}</var>
<arg>${list_prefs}</arg>
<doc>Returns and logs the length of the given item as an integer.</doc>
<msg timestamp="20240705 12:58:54.477" level="INFO">Length is 1</msg>
<msg timestamp="20240705 12:58:54.477" level="INFO">${list_prefs_length} = 1</msg>
<status status="PASS" starttime="20240705 12:58:54.477" endtime="20240705 12:58:54.477"/>
</kw>
<kw name="Run Keyword If" library="BuiltIn">
<var>${list_prefs}</var>
<arg>${docker_check} and ${list_prefs_length}&gt;0 and ${list_prefs}[0] != []</arg>
<arg>Combine Lists</arg>
<arg>${list_prefs}</arg>
<arg>${docker_options}</arg>
<arg>ELSE IF</arg>
<arg>${docker_check}</arg>
<arg>Set Variable</arg>
<arg>${docker_options}</arg>
<arg>ELSE</arg>
<arg>Set Variable</arg>
<arg>${list_prefs}</arg>
<doc>Runs the given keyword with the given arguments, if ``condition`` is true.</doc>
<kw name="Set Variable" library="BuiltIn">
<arg>${list_prefs}</arg>
<doc>Returns the given values which can then be assigned to a variables.</doc>
<status status="PASS" starttime="20240705 12:58:54.492" endtime="20240705 12:58:54.492"/>
</kw>
<msg timestamp="20240705 12:58:54.492" level="INFO">${list_prefs} = [[]]</msg>
<status status="PASS" starttime="20240705 12:58:54.477" endtime="20240705 12:58:54.492"/>
</kw>
<msg timestamp="20240705 12:58:54.492" level="INFO">${list_prefs} = [[]]</msg>
<status status="PASS" starttime="20240705 12:58:54.477" endtime="20240705 12:58:54.492"/>
</kw>
<kw name="Create Chrome Options for download preferences" library="Support_Web">
<var>${chrome_options}</var>
<kw name="Evaluate" library="BuiltIn">
<var>${chrome_options}</var>
<arg>sys.modules['selenium.webdriver'].ChromeOptions()</arg>
<arg>sys</arg>
<doc>Evaluates the given expression in Python and returns the result.</doc>
<msg timestamp="20240705 12:58:54.492" level="INFO">${chrome_options} = &lt;selenium.webdriver.chrome.options.Options object at 0x0000013A32DEE2A0&gt;</msg>
<status status="PASS" starttime="20240705 12:58:54.492" endtime="20240705 12:58:54.492"/>
</kw>
<msg timestamp="20240705 12:58:54.492" level="INFO">${chrome_options} = &lt;selenium.webdriver.chrome.options.Options object at 0x0000013A32DEE2A0&gt;</msg>
<status status="PASS" starttime="20240705 12:58:54.492" endtime="20240705 12:58:54.492"/>
</kw>
<kw name="Update Preferences List" library="Support_Web">
<arg>${chrome_options}</arg>
<arg>@{list_prefs}</arg>
<kw name="Convert To String" library="BuiltIn">
<var>${string_prefs}</var>
<arg>${list_prefs}</arg>
<doc>Converts the given item to a Unicode string.</doc>
<msg timestamp="20240705 12:58:54.492" level="INFO">${string_prefs} = [[]]</msg>
<status status="PASS" starttime="20240705 12:58:54.492" endtime="20240705 12:58:54.492"/>
</kw>
<kw name="Return From Keyword If" library="BuiltIn">
<arg>${string_prefs} == [[]]</arg>
<doc>Returns from the enclosing user keyword if ``condition`` is true.</doc>
<msg timestamp="20240705 12:58:54.492" level="INFO">Returning from the enclosing user keyword.</msg>
<status status="PASS" starttime="20240705 12:58:54.492" endtime="20240705 12:58:54.492"/>
</kw>
<for flavor="IN">
<var>${preference}</var>
<value>@{list_prefs}</value>
<iter>
<var name="${preference}"/>
<kw name="Call Method" library="BuiltIn">
<arg>${chrome_options}</arg>
<arg>add_argument</arg>
<arg>${preference}</arg>
<doc>Calls the named method of the given object with the provided arguments.</doc>
<status status="NOT RUN" starttime="20240705 12:58:54.492" endtime="20240705 12:58:54.492"/>
</kw>
<status status="NOT RUN" starttime="20240705 12:58:54.492" endtime="20240705 12:58:54.492"/>
</iter>
<status status="NOT RUN" starttime="20240705 12:58:54.492" endtime="20240705 12:58:54.492"/>
</for>
<status status="PASS" starttime="20240705 12:58:54.492" endtime="20240705 12:58:54.492"/>
</kw>
<kw name="Call Method" library="BuiltIn">
<arg>${chrome_options}</arg>
<arg>add_experimental_option</arg>
<arg>prefs</arg>
<arg>${kw_prefs}</arg>
<doc>Calls the named method of the given object with the provided arguments.</doc>
<status status="PASS" starttime="20240705 12:58:54.492" endtime="20240705 12:58:54.492"/>
</kw>
<kw name="Set Global Variable" library="BuiltIn">
<arg>${global_browser_options}</arg>
<arg>${chrome options}</arg>
<doc>Makes a variable available globally in all tests and suites.</doc>
<msg timestamp="20240705 12:58:54.492" level="INFO">${global_browser_options} = &lt;selenium.webdriver.chrome.options.Options object at 0x0000013A32DEE2A0&gt;</msg>
<status status="PASS" starttime="20240705 12:58:54.492" endtime="20240705 12:58:54.492"/>
</kw>
<status status="PASS" starttime="20240705 12:58:54.477" endtime="20240705 12:58:54.492"/>
</kw>
<status status="PASS" starttime="20240705 12:58:51.183" endtime="20240705 12:58:54.492"/>
</kw>
<status status="PASS" starttime="20240705 12:58:51.183" endtime="20240705 12:58:54.492"/>
</kw>
<status status="PASS" starttime="20240705 12:58:51.182" endtime="20240705 12:58:54.492"/>
</kw>
<kw name="Set Suite Metadata" library="BuiltIn">
<arg>environment</arg>
<arg>${test_server}</arg>
<doc>Sets metadata for the current test suite.</doc>
<msg timestamp="20240705 12:58:54.492" level="INFO">Set suite metadata 'environment' to value 'Dev'.</msg>
<status status="PASS" starttime="20240705 12:58:54.492" endtime="20240705 12:58:54.492"/>
</kw>
<status status="PASS" starttime="20240705 12:58:51.169" endtime="20240705 12:58:54.492"/>
</kw>
<suite id="s1-s1" name="Test User Administration" source="C:\Anugal_Testing\Anugal\Tests\Test User Administration.robot">
<test id="s1-s1-t1" name="Start TestCase" line="6">
<kw name="Start TestCase" library="User Administration">
<kw name="Log" library="BuiltIn">
<arg>Opening browser</arg>
<doc>Logs the given message with the given level.</doc>
<msg timestamp="20240705 12:58:54.492" level="INFO">Opening browser</msg>
<status status="PASS" starttime="20240705 12:58:54.492" endtime="20240705 12:58:54.492"/>
</kw>
<kw name="Open Browser" library="SeleniumLibrary">
<arg>${angvar('url')}</arg>
<arg>${angvar('browser')}</arg>
<doc>Opens a new browser instance to the optional ``url``.</doc>
<msg timestamp="20240705 12:58:54.492" level="INFO">Ang.Dev.url: https://dev.anugalid.com/login</msg>
<msg timestamp="20240705 12:58:54.492" level="INFO">Ang.Dev.browser: Chrome</msg>
<msg timestamp="20240705 12:58:54.508" level="INFO">Opening browser 'Chrome' to base url 'https://dev.anugalid.com/login'.</msg>
<status status="PASS" starttime="20240705 12:58:54.492" endtime="20240705 12:58:57.552"/>
</kw>
<status status="PASS" starttime="20240705 12:58:54.492" endtime="20240705 12:58:57.552"/>
</kw>
<tag>useradmin01</tag>
<status status="PASS" starttime="20240705 12:58:54.492" endtime="20240705 12:58:57.552"/>
</test>
<test id="s1-s1-t2" name="Submit Anugal username and password" line="9">
<kw name="Submit Anugal username and password" library="User Administration">
<kw name="Wait Until Element Is Visible" library="SeleniumLibrary">
<arg>${angvar('user_text_box')}</arg>
<doc>Waits until the element ``locator`` is visible.</doc>
<msg timestamp="20240705 12:58:57.560" level="INFO">Ang.Dev.user_text_box: id:emailId</msg>
<status status="PASS" starttime="20240705 12:58:57.560" endtime="20240705 12:58:57.589"/>
</kw>
<kw name="Sleep" library="BuiltIn">
<arg>10</arg>
<doc>Pauses the test executed for the given time.</doc>
<msg timestamp="20240705 12:59:07.589" level="INFO">Slept 10 seconds</msg>
<status status="PASS" starttime="20240705 12:58:57.589" endtime="20240705 12:59:07.589"/>
</kw>
<kw name="Click Element" library="SeleniumLibrary">
<arg>xpath:(//div[@class='MuiStack-root css-1ed5314']//button)[2]</arg>
<doc>Click the element identified by ``locator``.</doc>
<msg timestamp="20240705 12:59:07.590" level="INFO">Clicking element 'xpath:(//div[@class='MuiStack-root css-1ed5314']//button)[2]'.</msg>
<status status="PASS" starttime="20240705 12:59:07.589" endtime="20240705 12:59:07.691"/>
</kw>
<kw name="Sleep" library="BuiltIn">
<arg>5</arg>
<doc>Pauses the test executed for the given time.</doc>
<msg timestamp="20240705 12:59:12.692" level="INFO">Slept 5 seconds</msg>
<status status="PASS" starttime="20240705 12:59:07.691" endtime="20240705 12:59:12.692"/>
</kw>
<kw name="Input Text" library="SeleniumLibrary">
<arg>xpath://*[@id="i0116"]</arg>
<arg>malayranjan.s@basiscloudsolutions.com</arg>
<doc>Types the given ``text`` into the text field identified by ``locator``.</doc>
<msg timestamp="20240705 12:59:12.692" level="INFO">Typing text 'malayranjan.s@basiscloudsolutions.com' into text field 'xpath://*[@id="i0116"]'.</msg>
<status status="PASS" starttime="20240705 12:59:12.692" endtime="20240705 12:59:12.803"/>
</kw>
<kw name="Sleep" library="BuiltIn">
<arg>3</arg>
<doc>Pauses the test executed for the given time.</doc>
<msg timestamp="20240705 12:59:15.804" level="INFO">Slept 3 seconds</msg>
<status status="PASS" starttime="20240705 12:59:12.803" endtime="20240705 12:59:15.804"/>
</kw>
<kw name="Click Element" library="SeleniumLibrary">
<arg>xpath://*[@id="idSIButton9"]</arg>
<doc>Click the element identified by ``locator``.</doc>
<msg timestamp="20240705 12:59:15.804" level="INFO">Clicking element 'xpath://*[@id="idSIButton9"]'.</msg>
<status status="PASS" starttime="20240705 12:59:15.804" endtime="20240705 12:59:15.855"/>
</kw>
<kw name="Wait Until Element Is Visible" library="SeleniumLibrary">
<arg>xpath://*[@id="i0118"]</arg>
<arg>60s</arg>
<doc>Waits until the element ``locator`` is visible.</doc>
<status status="PASS" starttime="20240705 12:59:15.855" endtime="20240705 12:59:16.531"/>
</kw>
<kw name="Input Text" library="SeleniumLibrary">
<arg>xpath://*[@id="i0118"]</arg>
<arg>Malay@Ranjan!@#</arg>
<doc>Types the given ``text`` into the text field identified by ``locator``.</doc>
<msg timestamp="20240705 12:59:16.532" level="INFO">Typing text 'Malay@Ranjan!@#' into text field 'xpath://*[@id="i0118"]'.</msg>
<status status="PASS" starttime="20240705 12:59:16.531" endtime="20240705 12:59:16.609"/>
</kw>
<kw name="Click Element" library="SeleniumLibrary">
<arg>xpath://*[@id="idSIButton9"]</arg>
<doc>Click the element identified by ``locator``.</doc>
<msg timestamp="20240705 12:59:16.610" level="INFO">Clicking element 'xpath://*[@id="idSIButton9"]'.</msg>
<status status="PASS" starttime="20240705 12:59:16.609" endtime="20240705 12:59:17.037"/>
</kw>
<kw name="Sleep" library="BuiltIn">
<arg>2</arg>
<doc>Pauses the test executed for the given time.</doc>
<msg timestamp="20240705 12:59:19.038" level="INFO">Slept 2 seconds</msg>
<status status="PASS" starttime="20240705 12:59:17.037" endtime="20240705 12:59:19.038"/>
</kw>
<kw name="Click Element" library="SeleniumLibrary">
<arg>xpath://*[@id="idBtn_Back"]</arg>
<doc>Click the element identified by ``locator``.</doc>
<msg timestamp="20240705 12:59:19.038" level="INFO">Clicking element 'xpath://*[@id="idBtn_Back"]'.</msg>
<status status="PASS" starttime="20240705 12:59:19.038" endtime="20240705 12:59:21.007"/>
</kw>
<kw name="Sleep" library="BuiltIn">
<arg>5</arg>
<doc>Pauses the test executed for the given time.</doc>
<msg timestamp="20240705 12:59:26.008" level="INFO">Slept 5 seconds</msg>
<status status="PASS" starttime="20240705 12:59:21.007" endtime="20240705 12:59:26.008"/>
</kw>
<kw name="Maximize Browser Window" library="SeleniumLibrary">
<doc>Maximizes current browser window.</doc>
<status status="PASS" starttime="20240705 12:59:26.008" endtime="20240705 12:59:26.033"/>
</kw>
<kw name="Sleep" library="BuiltIn">
<arg>20</arg>
<doc>Pauses the test executed for the given time.</doc>
<msg timestamp="20240705 12:59:46.034" level="INFO">Slept 20 seconds</msg>
<status status="PASS" starttime="20240705 12:59:26.033" endtime="20240705 12:59:46.034"/>
</kw>
<status status="PASS" starttime="20240705 12:58:57.559" endtime="20240705 12:59:46.034"/>
</kw>
<tag>useradmin01</tag>
<status status="PASS" starttime="20240705 12:58:57.553" endtime="20240705 12:59:46.034"/>
</test>
<test id="s1-s1-t3" name="Create User_id" line="12">
<kw name="Create User_id" library="User Administration">
<kw name="Click Element" library="SeleniumLibrary">
<arg>xpath://span[text()='Admin']</arg>
<doc>Click the element identified by ``locator``.</doc>
<msg timestamp="20240705 12:59:46.034" level="INFO">Clicking element 'xpath://span[text()='Admin']'.</msg>
<status status="PASS" starttime="20240705 12:59:46.034" endtime="20240705 12:59:46.118"/>
</kw>
<kw name="Sleep" library="BuiltIn">
<arg>5</arg>
<doc>Pauses the test executed for the given time.</doc>
<msg timestamp="20240705 12:59:51.119" level="INFO">Slept 5 seconds</msg>
<status status="PASS" starttime="20240705 12:59:46.119" endtime="20240705 12:59:51.119"/>
</kw>
<kw name="Click Element" library="SeleniumLibrary">
<arg>xpath://div[text()='User Administration']</arg>
<doc>Click the element identified by ``locator``.</doc>
<msg timestamp="20240705 12:59:51.120" level="INFO">Clicking element 'xpath://div[text()='User Administration']'.</msg>
<kw name="Capture Page Screenshot" library="SeleniumLibrary">
<doc>Takes a screenshot of the current page and embeds it into a log file.</doc>
<msg timestamp="20240705 12:59:51.205" level="INFO" html="true">&lt;/td&gt;&lt;/tr&gt;&lt;tr&gt;&lt;td colspan="3"&gt;&lt;a href="selenium-screenshot-1.png"&gt;&lt;img src="selenium-screenshot-1.png" width="800px"&gt;&lt;/a&gt;</msg>
<status status="PASS" starttime="20240705 12:59:51.130" endtime="20240705 12:59:51.205"/>
</kw>
<msg timestamp="20240705 12:59:51.205" level="FAIL">Element with locator 'xpath://div[text()='User Administration']' not found.</msg>
<status status="FAIL" starttime="20240705 12:59:51.119" endtime="20240705 12:59:51.205"/>
</kw>
<kw name="Sleep" library="BuiltIn">
<arg>2</arg>
<doc>Pauses the test executed for the given time.</doc>
<status status="NOT RUN" starttime="20240705 12:59:51.205" endtime="20240705 12:59:51.205"/>
</kw>
<kw name="Click Element" library="SeleniumLibrary">
<arg>xpath://button[text()='Add User']</arg>
<doc>Click the element identified by ``locator``.</doc>
<status status="NOT RUN" starttime="20240705 12:59:51.205" endtime="20240705 12:59:51.205"/>
</kw>
<kw name="Sleep" library="BuiltIn">
<arg>4</arg>
<doc>Pauses the test executed for the given time.</doc>
<status status="NOT RUN" starttime="20240705 12:59:51.205" endtime="20240705 12:59:51.205"/>
</kw>
<kw name="Click Element" library="SeleniumLibrary">
<arg>id:mui-component-select-userType</arg>
<doc>Click the element identified by ``locator``.</doc>
<status status="NOT RUN" starttime="20240705 12:59:51.205" endtime="20240705 12:59:51.205"/>
</kw>
<kw name="Sleep" library="BuiltIn">
<arg>1</arg>
<doc>Pauses the test executed for the given time.</doc>
<status status="NOT RUN" starttime="20240705 12:59:51.205" endtime="20240705 12:59:51.205"/>
</kw>
<kw name="Click Element" library="SeleniumLibrary">
<arg>xpath://li[@data-value='User']</arg>
<doc>Click the element identified by ``locator``.</doc>
<status status="NOT RUN" starttime="20240705 12:59:51.205" endtime="20240705 12:59:51.205"/>
</kw>
<kw name="Sleep" library="BuiltIn">
<arg>1</arg>
<doc>Pauses the test executed for the given time.</doc>
<status status="NOT RUN" starttime="20240705 12:59:51.205" endtime="20240705 12:59:51.205"/>
</kw>
<kw name="Click Element" library="SeleniumLibrary">
<arg>id:mui-component-select-roleName</arg>
<doc>Click the element identified by ``locator``.</doc>
<status status="NOT RUN" starttime="20240705 12:59:51.205" endtime="20240705 12:59:51.205"/>
</kw>
<kw name="Sleep" library="BuiltIn">
<arg>1</arg>
<doc>Pauses the test executed for the given time.</doc>
<status status="NOT RUN" starttime="20240705 12:59:51.205" endtime="20240705 12:59:51.205"/>
</kw>
<kw name="Click Element" library="SeleniumLibrary">
<arg>xpath://li[@data-value='User']</arg>
<doc>Click the element identified by ``locator``.</doc>
<status status="NOT RUN" starttime="20240705 12:59:51.205" endtime="20240705 12:59:51.205"/>
</kw>
<kw name="Sleep" library="BuiltIn">
<arg>1</arg>
<doc>Pauses the test executed for the given time.</doc>
<status status="NOT RUN" starttime="20240705 12:59:51.205" endtime="20240705 12:59:51.213"/>
</kw>
<kw name="Input Text" library="SeleniumLibrary">
<arg>name:firstName</arg>
<arg>Malay</arg>
<doc>Types the given ``text`` into the text field identified by ``locator``.</doc>
<status status="NOT RUN" starttime="20240705 12:59:51.213" endtime="20240705 12:59:51.213"/>
</kw>
<kw name="Sleep" library="BuiltIn">
<arg>1</arg>
<doc>Pauses the test executed for the given time.</doc>
<status status="NOT RUN" starttime="20240705 12:59:51.213" endtime="20240705 12:59:51.213"/>
</kw>
<kw name="Input Text" library="SeleniumLibrary">
<arg>name:lastName</arg>
<arg>Sahu</arg>
<doc>Types the given ``text`` into the text field identified by ``locator``.</doc>
<status status="NOT RUN" starttime="20240705 12:59:51.213" endtime="20240705 12:59:51.213"/>
</kw>
<kw name="Sleep" library="BuiltIn">
<arg>1</arg>
<doc>Pauses the test executed for the given time.</doc>
<status status="NOT RUN" starttime="20240705 12:59:51.213" endtime="20240705 12:59:51.213"/>
</kw>
<kw name="Input Text" library="SeleniumLibrary">
<arg>name:userId</arg>
<arg>Malays</arg>
<doc>Types the given ``text`` into the text field identified by ``locator``.</doc>
<status status="NOT RUN" starttime="20240705 12:59:51.213" endtime="20240705 12:59:51.213"/>
</kw>
<kw name="Sleep" library="BuiltIn">
<arg>1</arg>
<doc>Pauses the test executed for the given time.</doc>
<status status="NOT RUN" starttime="20240705 12:59:51.213" endtime="20240705 12:59:51.213"/>
</kw>
<kw name="Input Text" library="SeleniumLibrary">
<arg>name:email</arg>
<arg>malayranjan.s@basiscloudsolutions.com</arg>
<doc>Types the given ``text`` into the text field identified by ``locator``.</doc>
<status status="NOT RUN" starttime="20240705 12:59:51.213" endtime="20240705 12:59:51.213"/>
</kw>
<kw name="Sleep" library="BuiltIn">
<arg>1</arg>
<doc>Pauses the test executed for the given time.</doc>
<status status="NOT RUN" starttime="20240705 12:59:51.213" endtime="20240705 12:59:51.213"/>
</kw>
<kw name="Input Text" library="SeleniumLibrary">
<arg>name:validFrom</arg>
<arg>11-06-2024</arg>
<doc>Types the given ``text`` into the text field identified by ``locator``.</doc>
<status status="NOT RUN" starttime="20240705 12:59:51.213" endtime="20240705 12:59:51.213"/>
</kw>
<kw name="Sleep" library="BuiltIn">
<arg>1</arg>
<doc>Pauses the test executed for the given time.</doc>
<status status="NOT RUN" starttime="20240705 12:59:51.213" endtime="20240705 12:59:51.213"/>
</kw>
<kw name="Input Text" library="SeleniumLibrary">
<arg>name:validTo</arg>
<arg>11-06-2025</arg>
<doc>Types the given ``text`` into the text field identified by ``locator``.</doc>
<status status="NOT RUN" starttime="20240705 12:59:51.213" endtime="20240705 12:59:51.213"/>
</kw>
<kw name="Sleep" library="BuiltIn">
<arg>1</arg>
<doc>Pauses the test executed for the given time.</doc>
<status status="NOT RUN" starttime="20240705 12:59:51.213" endtime="20240705 12:59:51.213"/>
</kw>
<kw name="Click Element" library="SeleniumLibrary">
<arg>id:demo-multiple-checkbox</arg>
<doc>Click the element identified by ``locator``.</doc>
<status status="NOT RUN" starttime="20240705 12:59:51.213" endtime="20240705 12:59:51.213"/>
</kw>
<kw name="Sleep" library="BuiltIn">
<arg>1</arg>
<doc>Pauses the test executed for the given time.</doc>
<status status="NOT RUN" starttime="20240705 12:59:51.213" endtime="20240705 12:59:51.213"/>
</kw>
<kw name="Click Element" library="SeleniumLibrary">
<arg>xpath:(//input[@type='checkbox'])[3]</arg>
<doc>Click the element identified by ``locator``.</doc>
<status status="NOT RUN" starttime="20240705 12:59:51.213" endtime="20240705 12:59:51.213"/>
</kw>
<kw name="Sleep" library="BuiltIn">
<arg>1</arg>
<doc>Pauses the test executed for the given time.</doc>
<status status="NOT RUN" starttime="20240705 12:59:51.213" endtime="20240705 12:59:51.213"/>
</kw>
<kw name="Click Element" library="SeleniumLibrary">
<arg>xpath://div[contains(@class,'MuiBackdrop-root MuiBackdrop-invisible')]</arg>
<doc>Click the element identified by ``locator``.</doc>
<status status="NOT RUN" starttime="20240705 12:59:51.213" endtime="20240705 12:59:51.213"/>
</kw>
<kw name="Sleep" library="BuiltIn">
<arg>2</arg>
<doc>Pauses the test executed for the given time.</doc>
<status status="NOT RUN" starttime="20240705 12:59:51.213" endtime="20240705 12:59:51.213"/>
</kw>
<kw name="Click Element" library="SeleniumLibrary">
<arg>xpath://button[text()='Add']</arg>
<doc>Click the element identified by ``locator``.</doc>
<status status="NOT RUN" starttime="20240705 12:59:51.213" endtime="20240705 12:59:51.213"/>
</kw>
<kw name="Sleep" library="BuiltIn">
<arg>7</arg>
<doc>Pauses the test executed for the given time.</doc>
<status status="NOT RUN" starttime="20240705 12:59:51.213" endtime="20240705 12:59:51.213"/>
</kw>
<status status="FAIL" starttime="20240705 12:59:46.034" endtime="20240705 12:59:51.213"/>
</kw>
<kw name="View the User id" library="User Administration">
<status status="NOT RUN" starttime="20240705 12:59:51.213" endtime="20240705 12:59:51.213"/>
</kw>
<kw name="Edit the User id" library="User Administration">
<status status="NOT RUN" starttime="20240705 12:59:51.213" endtime="20240705 12:59:51.213"/>
</kw>
<kw name="Delete user id" library="User Administration">
<status status="NOT RUN" starttime="20240705 12:59:51.213" endtime="20240705 12:59:51.213"/>
</kw>
<tag>useradmin01</tag>
<status status="FAIL" starttime="20240705 12:59:46.034" endtime="20240705 12:59:51.213">Element with locator 'xpath://div[text()='User Administration']' not found.</status>
</test>
<test id="s1-s1-t4" name="Finish TestCase" line="18">
<kw name="Finish TestCase" library="User Administration">
<kw name="Close All Browsers" library="SeleniumLibrary">
<doc>Closes all open browsers and resets the browser cache.</doc>
<status status="PASS" starttime="20240705 12:59:51.213" endtime="20240705 12:59:57.399"/>
</kw>
<status status="PASS" starttime="20240705 12:59:51.213" endtime="20240705 12:59:57.399"/>
</kw>
<tag>useradmin01</tag>
<status status="PASS" starttime="20240705 12:59:51.213" endtime="20240705 12:59:57.399"/>
</test>
<status status="FAIL" starttime="20240705 12:58:54.492" endtime="20240705 12:59:57.399"/>
</suite>
<suite id="s1-s2" name="TestUserAdministration" source="C:\Anugal_Testing\Anugal\Tests\TestUserAdministration.robot">
<test id="s1-s2-t1" name="Start TestCase" line="6">
<kw name="Start TestCase" library="User Administration">
<kw name="Log" library="BuiltIn">
<arg>Opening browser</arg>
<doc>Logs the given message with the given level.</doc>
<msg timestamp="20240705 12:59:57.526" level="INFO">Opening browser</msg>
<status status="PASS" starttime="20240705 12:59:57.526" endtime="20240705 12:59:57.526"/>
</kw>
<kw name="Open Browser" library="SeleniumLibrary">
<arg>${angvar('url')}</arg>
<arg>${angvar('browser')}</arg>
<doc>Opens a new browser instance to the optional ``url``.</doc>
<msg timestamp="20240705 12:59:57.526" level="INFO">Ang.Dev.url: https://dev.anugalid.com/login</msg>
<msg timestamp="20240705 12:59:57.526" level="INFO">Ang.Dev.browser: Chrome</msg>
<msg timestamp="20240705 12:59:57.526" level="INFO">Opening browser 'Chrome' to base url 'https://dev.anugalid.com/login'.</msg>
<status status="PASS" starttime="20240705 12:59:57.526" endtime="20240705 12:59:59.700"/>
</kw>
<status status="PASS" starttime="20240705 12:59:57.526" endtime="20240705 12:59:59.701"/>
</kw>
<tag>useradmin01</tag>
<status status="PASS" starttime="20240705 12:59:57.526" endtime="20240705 12:59:59.701"/>
</test>
<test id="s1-s2-t2" name="Submit Anugal username and password" line="9">
<kw name="Submit Anugal username and password" library="User Administration">
<kw name="Wait Until Element Is Visible" library="SeleniumLibrary">
<arg>${angvar('user_text_box')}</arg>
<doc>Waits until the element ``locator`` is visible.</doc>
<msg timestamp="20240705 12:59:59.705" level="INFO">Ang.Dev.user_text_box: id:emailId</msg>
<status status="PASS" starttime="20240705 12:59:59.704" endtime="20240705 12:59:59.884"/>
</kw>
<kw name="Sleep" library="BuiltIn">
<arg>10</arg>
<doc>Pauses the test executed for the given time.</doc>
<msg timestamp="20240705 13:00:09.885" level="INFO">Slept 10 seconds</msg>
<status status="PASS" starttime="20240705 12:59:59.884" endtime="20240705 13:00:09.885"/>
</kw>
<kw name="Click Element" library="SeleniumLibrary">
<arg>xpath:(//div[@class='MuiStack-root css-1ed5314']//button)[2]</arg>
<doc>Click the element identified by ``locator``.</doc>
<msg timestamp="20240705 13:00:09.886" level="INFO">Clicking element 'xpath:(//div[@class='MuiStack-root css-1ed5314']//button)[2]'.</msg>
<status status="PASS" starttime="20240705 13:00:09.885" endtime="20240705 13:00:09.972"/>
</kw>
<kw name="Sleep" library="BuiltIn">
<arg>5</arg>
<doc>Pauses the test executed for the given time.</doc>
<msg timestamp="20240705 13:00:14.973" level="INFO">Slept 5 seconds</msg>
<status status="PASS" starttime="20240705 13:00:09.972" endtime="20240705 13:00:14.973"/>
</kw>
<kw name="Input Text" library="SeleniumLibrary">
<arg>xpath://*[@id="i0116"]</arg>
<arg>malayranjan.s@basiscloudsolutions.com</arg>
<doc>Types the given ``text`` into the text field identified by ``locator``.</doc>
<msg timestamp="20240705 13:00:14.973" level="INFO">Typing text 'malayranjan.s@basiscloudsolutions.com' into text field 'xpath://*[@id="i0116"]'.</msg>
<status status="PASS" starttime="20240705 13:00:14.973" endtime="20240705 13:00:15.081"/>
</kw>
<kw name="Sleep" library="BuiltIn">
<arg>3</arg>
<doc>Pauses the test executed for the given time.</doc>
<msg timestamp="20240705 13:00:18.081" level="INFO">Slept 3 seconds</msg>
<status status="PASS" starttime="20240705 13:00:15.081" endtime="20240705 13:00:18.081"/>
</kw>
<kw name="Click Element" library="SeleniumLibrary">
<arg>xpath://*[@id="idSIButton9"]</arg>
<doc>Click the element identified by ``locator``.</doc>
<msg timestamp="20240705 13:00:18.081" level="INFO">Clicking element 'xpath://*[@id="idSIButton9"]'.</msg>
<status status="PASS" starttime="20240705 13:00:18.081" endtime="20240705 13:00:18.142"/>
</kw>
<kw name="Wait Until Element Is Visible" library="SeleniumLibrary">
<arg>xpath://*[@id="i0118"]</arg>
<arg>60s</arg>
<doc>Waits until the element ``locator`` is visible.</doc>
<status status="PASS" starttime="20240705 13:00:18.142" endtime="20240705 13:00:19.059"/>
</kw>
<kw name="Input Text" library="SeleniumLibrary">
<arg>xpath://*[@id="i0118"]</arg>
<arg>Malay@Ranjan!@#</arg>
<doc>Types the given ``text`` into the text field identified by ``locator``.</doc>
<msg timestamp="20240705 13:00:19.060" level="INFO">Typing text 'Malay@Ranjan!@#' into text field 'xpath://*[@id="i0118"]'.</msg>
<status status="PASS" starttime="20240705 13:00:19.060" endtime="20240705 13:00:19.191"/>
</kw>
<kw name="Click Element" library="SeleniumLibrary">
<arg>xpath://*[@id="idSIButton9"]</arg>
<doc>Click the element identified by ``locator``.</doc>
<msg timestamp="20240705 13:00:19.193" level="INFO">Clicking element 'xpath://*[@id="idSIButton9"]'.</msg>
<status status="PASS" starttime="20240705 13:00:19.192" endtime="20240705 13:00:19.627"/>
</kw>
<kw name="Sleep" library="BuiltIn">
<arg>2</arg>
<doc>Pauses the test executed for the given time.</doc>
<msg timestamp="20240705 13:00:21.629" level="INFO">Slept 2 seconds</msg>
<status status="PASS" starttime="20240705 13:00:19.628" endtime="20240705 13:00:21.629"/>
</kw>
<kw name="Click Element" library="SeleniumLibrary">
<arg>xpath://*[@id="idBtn_Back"]</arg>
<doc>Click the element identified by ``locator``.</doc>
<msg timestamp="20240705 13:00:21.629" level="INFO">Clicking element 'xpath://*[@id="idBtn_Back"]'.</msg>
<status status="PASS" starttime="20240705 13:00:21.629" endtime="20240705 13:00:23.200"/>
</kw>
<kw name="Sleep" library="BuiltIn">
<arg>5</arg>
<doc>Pauses the test executed for the given time.</doc>
<msg timestamp="20240705 13:00:28.202" level="INFO">Slept 5 seconds</msg>
<status status="PASS" starttime="20240705 13:00:23.201" endtime="20240705 13:00:28.202"/>
</kw>
<kw name="Maximize Browser Window" library="SeleniumLibrary">
<doc>Maximizes current browser window.</doc>
<status status="PASS" starttime="20240705 13:00:28.202" endtime="20240705 13:00:28.226"/>
</kw>
<kw name="Sleep" library="BuiltIn">
<arg>20</arg>
<doc>Pauses the test executed for the given time.</doc>
<msg timestamp="20240705 13:00:48.226" level="INFO">Slept 20 seconds</msg>
<status status="PASS" starttime="20240705 13:00:28.226" endtime="20240705 13:00:48.226"/>
</kw>
<status status="PASS" starttime="20240705 12:59:59.703" endtime="20240705 13:00:48.226"/>
</kw>
<tag>useradmin01</tag>
<status status="PASS" starttime="20240705 12:59:59.702" endtime="20240705 13:00:48.226"/>
</test>
<test id="s1-s2-t3" name="Create User_id" line="12">
<kw name="Create User_id" library="User Administration">
<kw name="Click Element" library="SeleniumLibrary">
<arg>xpath://span[text()='Admin']</arg>
<doc>Click the element identified by ``locator``.</doc>
<msg timestamp="20240705 13:00:48.227" level="INFO">Clicking element 'xpath://span[text()='Admin']'.</msg>
<status status="PASS" starttime="20240705 13:00:48.227" endtime="20240705 13:00:48.315"/>
</kw>
<kw name="Sleep" library="BuiltIn">
<arg>5</arg>
<doc>Pauses the test executed for the given time.</doc>
<msg timestamp="20240705 13:00:53.316" level="INFO">Slept 5 seconds</msg>
<status status="PASS" starttime="20240705 13:00:48.315" endtime="20240705 13:00:53.316"/>
</kw>
<kw name="Click Element" library="SeleniumLibrary">
<arg>xpath://div[text()='User Administration']</arg>
<doc>Click the element identified by ``locator``.</doc>
<msg timestamp="20240705 13:00:53.316" level="INFO">Clicking element 'xpath://div[text()='User Administration']'.</msg>
<kw name="Capture Page Screenshot" library="SeleniumLibrary">
<doc>Takes a screenshot of the current page and embeds it into a log file.</doc>
<msg timestamp="20240705 13:00:53.405" level="INFO" html="true">&lt;/td&gt;&lt;/tr&gt;&lt;tr&gt;&lt;td colspan="3"&gt;&lt;a href="selenium-screenshot-2.png"&gt;&lt;img src="selenium-screenshot-2.png" width="800px"&gt;&lt;/a&gt;</msg>
<status status="PASS" starttime="20240705 13:00:53.325" endtime="20240705 13:00:53.405"/>
</kw>
<msg timestamp="20240705 13:00:53.405" level="FAIL">Element with locator 'xpath://div[text()='User Administration']' not found.</msg>
<status status="FAIL" starttime="20240705 13:00:53.316" endtime="20240705 13:00:53.405"/>
</kw>
<kw name="Sleep" library="BuiltIn">
<arg>2</arg>
<doc>Pauses the test executed for the given time.</doc>
<status status="NOT RUN" starttime="20240705 13:00:53.405" endtime="20240705 13:00:53.405"/>
</kw>
<kw name="Click Element" library="SeleniumLibrary">
<arg>xpath://button[text()='Add User']</arg>
<doc>Click the element identified by ``locator``.</doc>
<status status="NOT RUN" starttime="20240705 13:00:53.405" endtime="20240705 13:00:53.405"/>
</kw>
<kw name="Sleep" library="BuiltIn">
<arg>4</arg>
<doc>Pauses the test executed for the given time.</doc>
<status status="NOT RUN" starttime="20240705 13:00:53.405" endtime="20240705 13:00:53.405"/>
</kw>
<kw name="Click Element" library="SeleniumLibrary">
<arg>id:mui-component-select-userType</arg>
<doc>Click the element identified by ``locator``.</doc>
<status status="NOT RUN" starttime="20240705 13:00:53.405" endtime="20240705 13:00:53.405"/>
</kw>
<kw name="Sleep" library="BuiltIn">
<arg>1</arg>
<doc>Pauses the test executed for the given time.</doc>
<status status="NOT RUN" starttime="20240705 13:00:53.405" endtime="20240705 13:00:53.405"/>
</kw>
<kw name="Click Element" library="SeleniumLibrary">
<arg>xpath://li[@data-value='User']</arg>
<doc>Click the element identified by ``locator``.</doc>
<status status="NOT RUN" starttime="20240705 13:00:53.405" endtime="20240705 13:00:53.405"/>
</kw>
<kw name="Sleep" library="BuiltIn">
<arg>1</arg>
<doc>Pauses the test executed for the given time.</doc>
<status status="NOT RUN" starttime="20240705 13:00:53.405" endtime="20240705 13:00:53.405"/>
</kw>
<kw name="Click Element" library="SeleniumLibrary">
<arg>id:mui-component-select-roleName</arg>
<doc>Click the element identified by ``locator``.</doc>
<status status="NOT RUN" starttime="20240705 13:00:53.405" endtime="20240705 13:00:53.405"/>
</kw>
<kw name="Sleep" library="BuiltIn">
<arg>1</arg>
<doc>Pauses the test executed for the given time.</doc>
<status status="NOT RUN" starttime="20240705 13:00:53.405" endtime="20240705 13:00:53.405"/>
</kw>
<kw name="Click Element" library="SeleniumLibrary">
<arg>xpath://li[@data-value='User']</arg>
<doc>Click the element identified by ``locator``.</doc>
<status status="NOT RUN" starttime="20240705 13:00:53.405" endtime="20240705 13:00:53.405"/>
</kw>
<kw name="Sleep" library="BuiltIn">
<arg>1</arg>
<doc>Pauses the test executed for the given time.</doc>
<status status="NOT RUN" starttime="20240705 13:00:53.405" endtime="20240705 13:00:53.405"/>
</kw>
<kw name="Input Text" library="SeleniumLibrary">
<arg>name:firstName</arg>
<arg>Malay</arg>
<doc>Types the given ``text`` into the text field identified by ``locator``.</doc>
<status status="NOT RUN" starttime="20240705 13:00:53.405" endtime="20240705 13:00:53.405"/>
</kw>
<kw name="Sleep" library="BuiltIn">
<arg>1</arg>
<doc>Pauses the test executed for the given time.</doc>
<status status="NOT RUN" starttime="20240705 13:00:53.405" endtime="20240705 13:00:53.411"/>
</kw>
<kw name="Input Text" library="SeleniumLibrary">
<arg>name:lastName</arg>
<arg>Sahu</arg>
<doc>Types the given ``text`` into the text field identified by ``locator``.</doc>
<status status="NOT RUN" starttime="20240705 13:00:53.411" endtime="20240705 13:00:53.411"/>
</kw>
<kw name="Sleep" library="BuiltIn">
<arg>1</arg>
<doc>Pauses the test executed for the given time.</doc>
<status status="NOT RUN" starttime="20240705 13:00:53.411" endtime="20240705 13:00:53.411"/>
</kw>
<kw name="Input Text" library="SeleniumLibrary">
<arg>name:userId</arg>
<arg>Malays</arg>
<doc>Types the given ``text`` into the text field identified by ``locator``.</doc>
<status status="NOT RUN" starttime="20240705 13:00:53.411" endtime="20240705 13:00:53.411"/>
</kw>
<kw name="Sleep" library="BuiltIn">
<arg>1</arg>
<doc>Pauses the test executed for the given time.</doc>
<status status="NOT RUN" starttime="20240705 13:00:53.411" endtime="20240705 13:00:53.411"/>
</kw>
<kw name="Input Text" library="SeleniumLibrary">
<arg>name:email</arg>
<arg>malayranjan.s@basiscloudsolutions.com</arg>
<doc>Types the given ``text`` into the text field identified by ``locator``.</doc>
<status status="NOT RUN" starttime="20240705 13:00:53.411" endtime="20240705 13:00:53.411"/>
</kw>
<kw name="Sleep" library="BuiltIn">
<arg>1</arg>
<doc>Pauses the test executed for the given time.</doc>
<status status="NOT RUN" starttime="20240705 13:00:53.411" endtime="20240705 13:00:53.411"/>
</kw>
<kw name="Input Text" library="SeleniumLibrary">
<arg>name:validFrom</arg>
<arg>11-06-2024</arg>
<doc>Types the given ``text`` into the text field identified by ``locator``.</doc>
<status status="NOT RUN" starttime="20240705 13:00:53.411" endtime="20240705 13:00:53.411"/>
</kw>
<kw name="Sleep" library="BuiltIn">
<arg>1</arg>
<doc>Pauses the test executed for the given time.</doc>
<status status="NOT RUN" starttime="20240705 13:00:53.411" endtime="20240705 13:00:53.411"/>
</kw>
<kw name="Input Text" library="SeleniumLibrary">
<arg>name:validTo</arg>
<arg>11-06-2025</arg>
<doc>Types the given ``text`` into the text field identified by ``locator``.</doc>
<status status="NOT RUN" starttime="20240705 13:00:53.413" endtime="20240705 13:00:53.413"/>
</kw>
<kw name="Sleep" library="BuiltIn">
<arg>1</arg>
<doc>Pauses the test executed for the given time.</doc>
<status status="NOT RUN" starttime="20240705 13:00:53.413" endtime="20240705 13:00:53.413"/>
</kw>
<kw name="Click Element" library="SeleniumLibrary">
<arg>id:demo-multiple-checkbox</arg>
<doc>Click the element identified by ``locator``.</doc>
<status status="NOT RUN" starttime="20240705 13:00:53.413" endtime="20240705 13:00:53.413"/>
</kw>
<kw name="Sleep" library="BuiltIn">
<arg>1</arg>
<doc>Pauses the test executed for the given time.</doc>
<status status="NOT RUN" starttime="20240705 13:00:53.413" endtime="20240705 13:00:53.413"/>
</kw>
<kw name="Click Element" library="SeleniumLibrary">
<arg>xpath:(//input[@type='checkbox'])[3]</arg>
<doc>Click the element identified by ``locator``.</doc>
<status status="NOT RUN" starttime="20240705 13:00:53.413" endtime="20240705 13:00:53.413"/>
</kw>
<kw name="Sleep" library="BuiltIn">
<arg>1</arg>
<doc>Pauses the test executed for the given time.</doc>
<status status="NOT RUN" starttime="20240705 13:00:53.413" endtime="20240705 13:00:53.413"/>
</kw>
<kw name="Click Element" library="SeleniumLibrary">
<arg>xpath://div[contains(@class,'MuiBackdrop-root MuiBackdrop-invisible')]</arg>
<doc>Click the element identified by ``locator``.</doc>
<status status="NOT RUN" starttime="20240705 13:00:53.413" endtime="20240705 13:00:53.413"/>
</kw>
<kw name="Sleep" library="BuiltIn">
<arg>2</arg>
<doc>Pauses the test executed for the given time.</doc>
<status status="NOT RUN" starttime="20240705 13:00:53.413" endtime="20240705 13:00:53.413"/>
</kw>
<kw name="Click Element" library="SeleniumLibrary">
<arg>xpath://button[text()='Add']</arg>
<doc>Click the element identified by ``locator``.</doc>
<status status="NOT RUN" starttime="20240705 13:00:53.413" endtime="20240705 13:00:53.413"/>
</kw>
<kw name="Sleep" library="BuiltIn">
<arg>7</arg>
<doc>Pauses the test executed for the given time.</doc>
<status status="NOT RUN" starttime="20240705 13:00:53.413" endtime="20240705 13:00:53.413"/>
</kw>
<status status="FAIL" starttime="20240705 13:00:48.226" endtime="20240705 13:00:53.413"/>
</kw>
<kw name="View the User id" library="User Administration">
<status status="NOT RUN" starttime="20240705 13:00:53.413" endtime="20240705 13:00:53.413"/>
</kw>
<kw name="Edit the User id" library="User Administration">
<status status="NOT RUN" starttime="20240705 13:00:53.413" endtime="20240705 13:00:53.413"/>
</kw>
<kw name="Delete user id" library="User Administration">
<status status="NOT RUN" starttime="20240705 13:00:53.413" endtime="20240705 13:00:53.413"/>
</kw>
<tag>useradmin01</tag>
<status status="FAIL" starttime="20240705 13:00:48.226" endtime="20240705 13:00:53.413">Element with locator 'xpath://div[text()='User Administration']' not found.</status>
</test>
<test id="s1-s2-t4" name="Finish TestCase" line="18">
<kw name="Finish TestCase" library="User Administration">
<kw name="Close All Browsers" library="SeleniumLibrary">
<doc>Closes all open browsers and resets the browser cache.</doc>
<status status="PASS" starttime="20240705 13:00:53.413" endtime="20240705 13:00:59.633"/>
</kw>
<status status="PASS" starttime="20240705 13:00:53.413" endtime="20240705 13:00:59.633"/>
</kw>
<tag>useradmin01</tag>
<status status="PASS" starttime="20240705 13:00:53.413" endtime="20240705 13:00:59.633"/>
</test>
<status status="FAIL" starttime="20240705 12:59:57.520" endtime="20240705 13:00:59.633"/>
</suite>
<doc>Testing functionality through Robot Framework</doc>
<meta name="environment">Dev</meta>
<meta name="test_browser_name">chrome</meta>
<meta name="test_browser_version">126.0.6478.127</meta>
<meta name="test_driver_version">126.0.6478.62 </meta>
<meta name="test_environment">Dev</meta>
<meta name="test_freeze_dependencies">astroid==3.2.2,attrs==23.2.0,beautifulsoup4==4.12.3,bs4==0.0.2,certifi==2024.6.2,cffi==1.16.0,chardet==5.2.0,charset-normalizer==3.3.2,click==8.1.7,colorama==0.4.6,cryptography==42.0.8,defusedxml==0.7.1,dill==0.3.8,docutils==0.21.2,exceptiongroup==1.2.1,gitdb==4.0.11,GitPython==3.1.43,h11==0.14.0,idna==3.7,isort==5.13.2,Jinja2==3.1.4,jira==3.8.0,jsonpath-ng==1.6.1,jsonschema==4.22.0,jsonschema-specifications==2023.12.1,lazy-object-proxy==1.10.0,lxml==5.2.2,markdown-it-py==3.0.0,MarkupSafe==2.1.5,mccabe==0.7.0,mdurl==0.1.2,natsort==8.4.0,oauthlib==3.2.2,outcome==1.3.0.post0,packaging==24.1,pathspec==0.11.2,pillow==10.4.0,pip==24.1.1,platformdirs==4.2.2,ply==3.11,pycparser==2.22,Pygments==2.18.0,pylint==3.2.5,PySocks==1.7.1,pywin32==306,PyYAML==6.0.1,referencing==0.35.1,requests==2.32.3,requests-oauthlib==2.0.0,requests-toolbelt==1.0.0,rich==13.7.1,rich-click==1.6.1,robotframework==6.0.2,robotframework-datadriver==1.9.0,robotframework-jsonlibrary==0.5,robotframework-pabot==2.16.0,robotframework-pythonlibcore==4.2.0,robotframework-requests==0.9.2,robotframework-sapguilibrary==1.1,robotframework-seleniumlibrary==5.1.3,robotframework-stacktrace==0.4.1,robotframework-tidy==4.5.0,rpds-py==0.18.1,selenium==4.9.1,setuptools==70.2.0,smmap==5.0.1,sniffio==1.3.1,sortedcontainers==2.4.0,soupsieve==2.5,tomli==2.0.1,tomlkit==0.12.5,trio==0.25.1,trio-websocket==0.11.1,typing_extensions==4.12.2,urllib3==2.2.2,wheel==0.43.0,wrapt==1.16.0,wsproto==1.2.0</meta>
<status status="FAIL" starttime="20240705 12:58:50.847" endtime="20240705 13:00:59.698"/>
</suite>
<statistics>
<total>
<stat pass="6" fail="2" skip="0">All Tests</stat>
</total>
<tag>
<stat pass="6" fail="2" skip="0">useradmin01</stat>
</tag>
<suite>
<stat pass="6" fail="2" skip="0" id="s1" name="Tests">Tests</stat>
<stat pass="3" fail="1" skip="0" id="s1-s1" name="Test User Administration">Tests.Test User Administration</stat>
<stat pass="3" fail="1" skip="0" id="s1-s2" name="TestUserAdministration">Tests.TestUserAdministration</stat>
</suite>
</statistics>
<errors>
<msg timestamp="20240705 12:59:57.520" level="WARN">Multiple suites with name 'TestUserAdministration' executed in suite 'Tests'.</msg>
</errors>
</robot>
