<?xml version="1.0" encoding="UTF-8"?>
<robot generator="Robot 6.0.2 (Python 3.12.1 on win32)" generated="20240626 16:50:19.319" rpa="false" schemaversion="3">
<suite id="s1" name="Tests" source="C:\Anugal_Testing\Anugal\Tests">
<kw name="Setup highest level suite" type="SETUP">
<kw name="Set Variable" library="BuiltIn">
<var>${d.test_server}</var>
<arg>${test_server}</arg>
<doc>Returns the given values which can then be assigned to a variables.</doc>
<msg timestamp="20240626 16:50:19.836" level="INFO">${d.test_server} = Dev</msg>
<status status="PASS" starttime="20240626 16:50:19.836" endtime="20240626 16:50:19.836"/>
</kw>
<kw name="Reset screenshot count variable" library="Support">
<kw name="Set Variable" library="BuiltIn">
<var>${screenshotCount}</var>
<arg>${PABOTQUEUEINDEX}_1</arg>
<doc>Returns the given values which can then be assigned to a variables.</doc>
<msg timestamp="20240626 16:50:19.852" level="INFO">${screenshotCount} = 0_1</msg>
<status status="PASS" starttime="20240626 16:50:19.836" endtime="20240626 16:50:19.852"/>
</kw>
<kw name="Set Global Variable" library="BuiltIn">
<arg>${screenshotCount}</arg>
<doc>Makes a variable available globally in all tests and suites.</doc>
<msg timestamp="20240626 16:50:19.852" level="INFO">${screenshotCount} = 0_1</msg>
<status status="PASS" starttime="20240626 16:50:19.852" endtime="20240626 16:50:19.852"/>
</kw>
<kw name="Set up screenshot directory" library="Support">
<kw name="Create Directory" library="OperatingSystem">
<arg>${OUTPUTDIR}${/}${wvar('screenshot_dir')}</arg>
<doc>Creates the specified directory.</doc>
<msg timestamp="20240626 16:50:19.852" level="INFO">Web.Dev.screenshot_dir: Screenshot</msg>
<msg timestamp="20240626 16:50:19.852" level="INFO" html="true">Created directory '&lt;a href="file://C:\Anugal_Testing\Anugal\Output\e7a8e3cf-714d-4fb2-b3b6-98bc29f4e970\pabot_results\0\Screenshot"&gt;C:\Anugal_Testing\Anugal\Output\e7a8e3cf-714d-4fb2-b3b6-98bc29f4e970\pabot_results\0\Screenshot&lt;/a&gt;'.</msg>
<status status="PASS" starttime="20240626 16:50:19.852" endtime="20240626 16:50:19.852"/>
</kw>
<status status="PASS" starttime="20240626 16:50:19.852" endtime="20240626 16:50:19.852"/>
</kw>
<status status="PASS" starttime="20240626 16:50:19.836" endtime="20240626 16:50:19.852"/>
</kw>
<kw name="Set Global Variable" library="BuiltIn">
<arg>${screenshot_taking}</arg>
<arg>${True}</arg>
<doc>Makes a variable available globally in all tests and suites.</doc>
<msg timestamp="20240626 16:50:19.852" level="INFO">${screenshot_taking} = True</msg>
<status status="PASS" starttime="20240626 16:50:19.852" endtime="20240626 16:50:19.852"/>
</kw>
<kw name="Setup linux execution" library="Support">
<kw name="Run Keyword And Return Status" library="BuiltIn">
<var>${web_test_check}</var>
<arg>Variable Should Exist</arg>
<arg>${web_test}</arg>
<doc>Runs the given keyword with given arguments and returns the status as a Boolean value.</doc>
<kw name="Variable Should Exist" library="BuiltIn">
<arg>${web_test}</arg>
<doc>Fails unless the given variable exists within the current scope.</doc>
<status status="PASS" starttime="20240626 16:50:19.852" endtime="20240626 16:50:19.852"/>
</kw>
<msg timestamp="20240626 16:50:19.852" level="INFO">${web_test_check} = True</msg>
<status status="PASS" starttime="20240626 16:50:19.852" endtime="20240626 16:50:19.852"/>
</kw>
<kw name="Run Keyword If" library="BuiltIn">
<arg>${web_test_check}</arg>
<arg>Setup Docker Execution Options</arg>
<doc>Runs the given keyword with the given arguments, if ``condition`` is true.</doc>
<kw name="Setup Docker Execution Options" library="Support_Web">
<kw name="Setup Suite Metadata" library="Support_Web">
<arg>${browser}</arg>
<kw name="Get Browser Metadata" library="BrowserSupport">
<var>&amp;{browser_information}</var>
<arg>browser=${browser}</arg>
<doc>Fetches browser metadata information
:param browser: Name of the browser for which information is fetched
:param reload: Re-read the metadata based on the browser
:return: Browser metadata information, dict of format
            {"browser_version": browser version value,
             "driver_version": driver version value}</doc>
<msg timestamp="20240626 16:50:23.037" level="INFO">&amp;{browser_information} = { browser_version=126.0.6478.126 | driver_version=126.0.6478.62  }</msg>
<status status="PASS" starttime="20240626 16:50:19.852" endtime="20240626 16:50:23.037"/>
</kw>
<kw name="Set Suite Metadata" library="BuiltIn">
<arg>test_browser_name</arg>
<arg>${browser}</arg>
<doc>Sets metadata for the current test suite.</doc>
<msg timestamp="20240626 16:50:23.037" level="INFO">Set suite metadata 'test_browser_name' to value 'chrome'.</msg>
<status status="PASS" starttime="20240626 16:50:23.037" endtime="20240626 16:50:23.037"/>
</kw>
<kw name="Set Suite Metadata" library="BuiltIn">
<arg>test_browser_version</arg>
<arg>${browser_information.browser_version}</arg>
<doc>Sets metadata for the current test suite.</doc>
<msg timestamp="20240626 16:50:23.037" level="INFO">Set suite metadata 'test_browser_version' to value '126.0.6478.126'.</msg>
<status status="PASS" starttime="20240626 16:50:23.037" endtime="20240626 16:50:23.037"/>
</kw>
<kw name="Set Suite Metadata" library="BuiltIn">
<arg>test_driver_version</arg>
<arg>${browser_information.driver_version}</arg>
<doc>Sets metadata for the current test suite.</doc>
<msg timestamp="20240626 16:50:23.037" level="INFO">Set suite metadata 'test_driver_version' to value '126.0.6478.62 '.</msg>
<status status="PASS" starttime="20240626 16:50:23.037" endtime="20240626 16:50:23.037"/>
</kw>
<status status="PASS" starttime="20240626 16:50:19.852" endtime="20240626 16:50:23.037"/>
</kw>
<kw name="Setup Global Docker Execution Options" library="Support_Web">
<kw name="Set Global Variable" library="BuiltIn">
<arg>${global_browser_options}</arg>
<arg>None</arg>
<doc>Makes a variable available globally in all tests and suites.</doc>
<msg timestamp="20240626 16:50:23.037" level="INFO">${global_browser_options} = None</msg>
<status status="PASS" starttime="20240626 16:50:23.037" endtime="20240626 16:50:23.037"/>
</kw>
<kw name="Get Environment Variable" library="OperatingSystem">
<var>${docker_check}</var>
<arg>EXECUTION_ENVIRONMENT</arg>
<arg>not_found</arg>
<doc>Returns the value of an environment variable with the given name.</doc>
<msg timestamp="20240626 16:50:23.037" level="INFO">${docker_check} = not_found</msg>
<status status="PASS" starttime="20240626 16:50:23.037" endtime="20240626 16:50:23.037"/>
</kw>
<kw name="Run Keyword And Return If" library="BuiltIn">
<arg>"${docker_check}"!="docker"</arg>
<arg>Log</arg>
<arg>Not executing on Docker</arg>
<doc>Runs the specified keyword and returns from the enclosing user keyword.</doc>
<kw name="Log" library="BuiltIn">
<arg>Not executing on Docker</arg>
<doc>Logs the given message with the given level.</doc>
<msg timestamp="20240626 16:50:23.037" level="INFO">Not executing on Docker</msg>
<status status="PASS" starttime="20240626 16:50:23.037" endtime="20240626 16:50:23.037"/>
</kw>
<msg timestamp="20240626 16:50:23.037" level="INFO">Returning from the enclosing user keyword.</msg>
<status status="PASS" starttime="20240626 16:50:23.037" endtime="20240626 16:50:23.037"/>
</kw>
<kw name="Create List" library="BuiltIn">
<var>@{options}</var>
<arg>--headless</arg>
<arg>--no-sandbox</arg>
<arg>--disable-dev-shm-usage</arg>
<doc>Returns a list containing given items.</doc>
<status status="NOT RUN" starttime="20240626 16:50:23.037" endtime="20240626 16:50:23.037"/>
</kw>
<kw name="Set Global Variable" library="BuiltIn">
<arg>@{docker_options}</arg>
<arg>@{options}</arg>
<doc>Makes a variable available globally in all tests and suites.</doc>
<status status="NOT RUN" starttime="20240626 16:50:23.037" endtime="20240626 16:50:23.037"/>
</kw>
<status status="PASS" starttime="20240626 16:50:23.037" endtime="20240626 16:50:23.037"/>
</kw>
<kw name="Create Webdriver for chrome preferences" library="Support_Web">
<kw name="Update Docker Execution Options" library="Support_Web">
<var>${list_prefs}</var>
<arg>${list_prefs}</arg>
<kw name="Run Keyword And Return Status" library="BuiltIn">
<var>${docker_check}</var>
<arg>Variable Should Exist</arg>
<arg>${docker_options}</arg>
<doc>Runs the given keyword with given arguments and returns the status as a Boolean value.</doc>
<kw name="Variable Should Exist" library="BuiltIn">
<arg>${docker_options}</arg>
<doc>Fails unless the given variable exists within the current scope.</doc>
<msg timestamp="20240626 16:50:23.037" level="FAIL">Variable '${docker_options}' does not exist.</msg>
<status status="FAIL" starttime="20240626 16:50:23.037" endtime="20240626 16:50:23.037"/>
</kw>
<msg timestamp="20240626 16:50:23.037" level="INFO">${docker_check} = False</msg>
<status status="PASS" starttime="20240626 16:50:23.037" endtime="20240626 16:50:23.037"/>
</kw>
<kw name="Get Length" library="BuiltIn">
<var>${list_prefs_length}</var>
<arg>${list_prefs}</arg>
<doc>Returns and logs the length of the given item as an integer.</doc>
<msg timestamp="20240626 16:50:23.037" level="INFO">Length is 1</msg>
<msg timestamp="20240626 16:50:23.037" level="INFO">${list_prefs_length} = 1</msg>
<status status="PASS" starttime="20240626 16:50:23.037" endtime="20240626 16:50:23.037"/>
</kw>
<kw name="Run Keyword If" library="BuiltIn">
<var>${list_prefs}</var>
<arg>${docker_check} and ${list_prefs_length}&gt;0 and ${list_prefs}[0] != []</arg>
<arg>Combine Lists</arg>
<arg>${list_prefs}</arg>
<arg>${docker_options}</arg>
<arg>ELSE IF</arg>
<arg>${docker_check}</arg>
<arg>Set Variable</arg>
<arg>${docker_options}</arg>
<arg>ELSE</arg>
<arg>Set Variable</arg>
<arg>${list_prefs}</arg>
<doc>Runs the given keyword with the given arguments, if ``condition`` is true.</doc>
<kw name="Set Variable" library="BuiltIn">
<arg>${list_prefs}</arg>
<doc>Returns the given values which can then be assigned to a variables.</doc>
<status status="PASS" starttime="20240626 16:50:23.037" endtime="20240626 16:50:23.037"/>
</kw>
<msg timestamp="20240626 16:50:23.037" level="INFO">${list_prefs} = [[]]</msg>
<status status="PASS" starttime="20240626 16:50:23.037" endtime="20240626 16:50:23.037"/>
</kw>
<msg timestamp="20240626 16:50:23.037" level="INFO">${list_prefs} = [[]]</msg>
<status status="PASS" starttime="20240626 16:50:23.037" endtime="20240626 16:50:23.037"/>
</kw>
<kw name="Create Chrome Options for download preferences" library="Support_Web">
<var>${chrome_options}</var>
<kw name="Evaluate" library="BuiltIn">
<var>${chrome_options}</var>
<arg>sys.modules['selenium.webdriver'].ChromeOptions()</arg>
<arg>sys</arg>
<doc>Evaluates the given expression in Python and returns the result.</doc>
<msg timestamp="20240626 16:50:23.037" level="INFO">${chrome_options} = &lt;selenium.webdriver.chrome.options.Options object at 0x000001DBC8B72CC0&gt;</msg>
<status status="PASS" starttime="20240626 16:50:23.037" endtime="20240626 16:50:23.037"/>
</kw>
<msg timestamp="20240626 16:50:23.037" level="INFO">${chrome_options} = &lt;selenium.webdriver.chrome.options.Options object at 0x000001DBC8B72CC0&gt;</msg>
<status status="PASS" starttime="20240626 16:50:23.037" endtime="20240626 16:50:23.037"/>
</kw>
<kw name="Update Preferences List" library="Support_Web">
<arg>${chrome_options}</arg>
<arg>@{list_prefs}</arg>
<kw name="Convert To String" library="BuiltIn">
<var>${string_prefs}</var>
<arg>${list_prefs}</arg>
<doc>Converts the given item to a Unicode string.</doc>
<msg timestamp="20240626 16:50:23.037" level="INFO">${string_prefs} = [[]]</msg>
<status status="PASS" starttime="20240626 16:50:23.037" endtime="20240626 16:50:23.037"/>
</kw>
<kw name="Return From Keyword If" library="BuiltIn">
<arg>${string_prefs} == [[]]</arg>
<doc>Returns from the enclosing user keyword if ``condition`` is true.</doc>
<msg timestamp="20240626 16:50:23.037" level="INFO">Returning from the enclosing user keyword.</msg>
<status status="PASS" starttime="20240626 16:50:23.037" endtime="20240626 16:50:23.037"/>
</kw>
<for flavor="IN">
<var>${preference}</var>
<value>@{list_prefs}</value>
<iter>
<var name="${preference}"/>
<kw name="Call Method" library="BuiltIn">
<arg>${chrome_options}</arg>
<arg>add_argument</arg>
<arg>${preference}</arg>
<doc>Calls the named method of the given object with the provided arguments.</doc>
<status status="NOT RUN" starttime="20240626 16:50:23.037" endtime="20240626 16:50:23.037"/>
</kw>
<status status="NOT RUN" starttime="20240626 16:50:23.037" endtime="20240626 16:50:23.053"/>
</iter>
<status status="NOT RUN" starttime="20240626 16:50:23.037" endtime="20240626 16:50:23.053"/>
</for>
<status status="PASS" starttime="20240626 16:50:23.037" endtime="20240626 16:50:23.053"/>
</kw>
<kw name="Call Method" library="BuiltIn">
<arg>${chrome_options}</arg>
<arg>add_experimental_option</arg>
<arg>prefs</arg>
<arg>${kw_prefs}</arg>
<doc>Calls the named method of the given object with the provided arguments.</doc>
<status status="PASS" starttime="20240626 16:50:23.053" endtime="20240626 16:50:23.053"/>
</kw>
<kw name="Set Global Variable" library="BuiltIn">
<arg>${global_browser_options}</arg>
<arg>${chrome options}</arg>
<doc>Makes a variable available globally in all tests and suites.</doc>
<msg timestamp="20240626 16:50:23.053" level="INFO">${global_browser_options} = &lt;selenium.webdriver.chrome.options.Options object at 0x000001DBC8B72CC0&gt;</msg>
<status status="PASS" starttime="20240626 16:50:23.053" endtime="20240626 16:50:23.053"/>
</kw>
<status status="PASS" starttime="20240626 16:50:23.037" endtime="20240626 16:50:23.053"/>
</kw>
<status status="PASS" starttime="20240626 16:50:19.852" endtime="20240626 16:50:23.053"/>
</kw>
<status status="PASS" starttime="20240626 16:50:19.852" endtime="20240626 16:50:23.053"/>
</kw>
<status status="PASS" starttime="20240626 16:50:19.852" endtime="20240626 16:50:23.053"/>
</kw>
<kw name="Set Suite Metadata" library="BuiltIn">
<arg>environment</arg>
<arg>${test_server}</arg>
<doc>Sets metadata for the current test suite.</doc>
<msg timestamp="20240626 16:50:23.053" level="INFO">Set suite metadata 'environment' to value 'Dev'.</msg>
<status status="PASS" starttime="20240626 16:50:23.053" endtime="20240626 16:50:23.053"/>
</kw>
<status status="PASS" starttime="20240626 16:50:19.836" endtime="20240626 16:50:23.053"/>
</kw>
<suite id="s1-s1" name="Test Role configuration" source="C:\Anugal_Testing\Anugal\Tests\Test_Role_configuration.robot">
<test id="s1-s1-t1" name="Start TestCase" line="6">
<kw name="Start TestCase" library="Role_configuration">
<kw name="Log" library="BuiltIn">
<arg>Opening browser</arg>
<doc>Logs the given message with the given level.</doc>
<msg timestamp="20240626 16:50:23.053" level="INFO">Opening browser</msg>
<status status="PASS" starttime="20240626 16:50:23.053" endtime="20240626 16:50:23.053"/>
</kw>
<kw name="Open Browser" library="SeleniumLibrary">
<arg>${angvar('url')}</arg>
<arg>${angvar('browser')}</arg>
<doc>Opens a new browser instance to the optional ``url``.</doc>
<msg timestamp="20240626 16:50:23.053" level="INFO">Ang.Dev.url: https://dev.anugalid.com/login</msg>
<msg timestamp="20240626 16:50:23.053" level="INFO">Ang.Dev.browser: Chrome</msg>
<msg timestamp="20240626 16:50:23.053" level="INFO">Opening browser 'Chrome' to base url 'https://dev.anugalid.com/login'.</msg>
<status status="PASS" starttime="20240626 16:50:23.053" endtime="20240626 16:50:25.676"/>
</kw>
<status status="PASS" starttime="20240626 16:50:23.053" endtime="20240626 16:50:25.677"/>
</kw>
<tag>role_configuration</tag>
<status status="PASS" starttime="20240626 16:50:23.053" endtime="20240626 16:50:25.677"/>
</test>
<test id="s1-s1-t2" name="Submit Anugal username and password" line="9">
<kw name="Submit Anugal username and password" library="Role_configuration">
<kw name="Wait Until Element Is Visible" library="SeleniumLibrary">
<arg>${angvar('user_text_box')}</arg>
<doc>Waits until the element ``locator`` is visible.</doc>
<msg timestamp="20240626 16:50:25.691" level="INFO">Ang.Dev.user_text_box: id:emailId</msg>
<status status="PASS" starttime="20240626 16:50:25.690" endtime="20240626 16:50:25.789"/>
</kw>
<kw name="Sleep" library="BuiltIn">
<arg>10</arg>
<doc>Pauses the test executed for the given time.</doc>
<msg timestamp="20240626 16:50:35.790" level="INFO">Slept 10 seconds</msg>
<status status="PASS" starttime="20240626 16:50:25.790" endtime="20240626 16:50:35.790"/>
</kw>
<kw name="Click Element" library="SeleniumLibrary">
<arg>xpath:(//div[@class='MuiStack-root css-1ed5314']//button)[2]</arg>
<doc>Click the element identified by ``locator``.</doc>
<msg timestamp="20240626 16:50:35.791" level="INFO">Clicking element 'xpath:(//div[@class='MuiStack-root css-1ed5314']//button)[2]'.</msg>
<status status="PASS" starttime="20240626 16:50:35.790" endtime="20240626 16:50:35.902"/>
</kw>
<kw name="Sleep" library="BuiltIn">
<arg>5</arg>
<doc>Pauses the test executed for the given time.</doc>
<msg timestamp="20240626 16:50:40.902" level="INFO">Slept 5 seconds</msg>
<status status="PASS" starttime="20240626 16:50:35.902" endtime="20240626 16:50:40.902"/>
</kw>
<kw name="Input Text" library="SeleniumLibrary">
<arg>xpath://*[@id="i0116"]</arg>
<arg>malayranjan.s@basiscloudsolutions.com</arg>
<doc>Types the given ``text`` into the text field identified by ``locator``.</doc>
<msg timestamp="20240626 16:50:40.902" level="INFO">Typing text 'malayranjan.s@basiscloudsolutions.com' into text field 'xpath://*[@id="i0116"]'.</msg>
<status status="PASS" starttime="20240626 16:50:40.902" endtime="20240626 16:50:41.044"/>
</kw>
<kw name="Sleep" library="BuiltIn">
<arg>3</arg>
<doc>Pauses the test executed for the given time.</doc>
<msg timestamp="20240626 16:50:44.044" level="INFO">Slept 3 seconds</msg>
<status status="PASS" starttime="20240626 16:50:41.044" endtime="20240626 16:50:44.044"/>
</kw>
<kw name="Click Element" library="SeleniumLibrary">
<arg>xpath://*[@id="idSIButton9"]</arg>
<doc>Click the element identified by ``locator``.</doc>
<msg timestamp="20240626 16:50:44.044" level="INFO">Clicking element 'xpath://*[@id="idSIButton9"]'.</msg>
<status status="PASS" starttime="20240626 16:50:44.044" endtime="20240626 16:50:44.098"/>
</kw>
<kw name="Wait Until Element Is Visible" library="SeleniumLibrary">
<arg>xpath://*[@id="i0118"]</arg>
<arg>60s</arg>
<doc>Waits until the element ``locator`` is visible.</doc>
<status status="PASS" starttime="20240626 16:50:44.098" endtime="20240626 16:50:45.423"/>
</kw>
<kw name="Input Text" library="SeleniumLibrary">
<arg>xpath://*[@id="i0118"]</arg>
<arg>Malay@Ranjan!@#</arg>
<doc>Types the given ``text`` into the text field identified by ``locator``.</doc>
<msg timestamp="20240626 16:50:45.423" level="INFO">Typing text 'Malay@Ranjan!@#' into text field 'xpath://*[@id="i0118"]'.</msg>
<status status="PASS" starttime="20240626 16:50:45.423" endtime="20240626 16:50:45.499"/>
</kw>
<kw name="Click Element" library="SeleniumLibrary">
<arg>xpath://*[@id="idSIButton9"]</arg>
<doc>Click the element identified by ``locator``.</doc>
<msg timestamp="20240626 16:50:45.500" level="INFO">Clicking element 'xpath://*[@id="idSIButton9"]'.</msg>
<status status="PASS" starttime="20240626 16:50:45.499" endtime="20240626 16:50:46.074"/>
</kw>
<kw name="Sleep" library="BuiltIn">
<arg>2</arg>
<doc>Pauses the test executed for the given time.</doc>
<msg timestamp="20240626 16:50:48.074" level="INFO">Slept 2 seconds</msg>
<status status="PASS" starttime="20240626 16:50:46.074" endtime="20240626 16:50:48.074"/>
</kw>
<kw name="Click Element" library="SeleniumLibrary">
<arg>xpath://*[@id="idBtn_Back"]</arg>
<doc>Click the element identified by ``locator``.</doc>
<msg timestamp="20240626 16:50:48.074" level="INFO">Clicking element 'xpath://*[@id="idBtn_Back"]'.</msg>
<status status="PASS" starttime="20240626 16:50:48.074" endtime="20240626 16:50:49.507"/>
</kw>
<kw name="Sleep" library="BuiltIn">
<arg>5</arg>
<doc>Pauses the test executed for the given time.</doc>
<msg timestamp="20240626 16:50:54.508" level="INFO">Slept 5 seconds</msg>
<status status="PASS" starttime="20240626 16:50:49.507" endtime="20240626 16:50:54.508"/>
</kw>
<kw name="Maximize Browser Window" library="SeleniumLibrary">
<doc>Maximizes current browser window.</doc>
<status status="PASS" starttime="20240626 16:50:54.508" endtime="20240626 16:50:54.558"/>
</kw>
<kw name="Sleep" library="BuiltIn">
<arg>20</arg>
<doc>Pauses the test executed for the given time.</doc>
<msg timestamp="20240626 16:51:14.559" level="INFO">Slept 20 seconds</msg>
<status status="PASS" starttime="20240626 16:50:54.558" endtime="20240626 16:51:14.559"/>
</kw>
<status status="PASS" starttime="20240626 16:50:25.689" endtime="20240626 16:51:14.559"/>
</kw>
<tag>role_configuration</tag>
<status status="PASS" starttime="20240626 16:50:25.685" endtime="20240626 16:51:14.559"/>
</test>
<test id="s1-s1-t3" name="Role_configuartion" line="12">
<kw name="Role_configuartion" library="Role_configuration">
<kw name="Click Element" library="SeleniumLibrary">
<arg>xpath://span[text()='Admin']</arg>
<doc>Click the element identified by ``locator``.</doc>
<msg timestamp="20240626 16:51:14.559" level="INFO">Clicking element 'xpath://span[text()='Admin']'.</msg>
<status status="PASS" starttime="20240626 16:51:14.559" endtime="20240626 16:51:14.733"/>
</kw>
<kw name="Sleep" library="BuiltIn">
<arg>5</arg>
<doc>Pauses the test executed for the given time.</doc>
<msg timestamp="20240626 16:51:19.735" level="INFO">Slept 5 seconds</msg>
<status status="PASS" starttime="20240626 16:51:14.734" endtime="20240626 16:51:19.735"/>
</kw>
<kw name="Click Element" library="SeleniumLibrary">
<arg>xpath://div[text()='Role Configuration']</arg>
<doc>Click the element identified by ``locator``.</doc>
<msg timestamp="20240626 16:51:19.736" level="INFO">Clicking element 'xpath://div[text()='Role Configuration']'.</msg>
<status status="PASS" starttime="20240626 16:51:19.735" endtime="20240626 16:51:19.874"/>
</kw>
<kw name="Sleep" library="BuiltIn">
<arg>5</arg>
<doc>Pauses the test executed for the given time.</doc>
<msg timestamp="20240626 16:51:24.875" level="INFO">Slept 5 seconds</msg>
<status status="PASS" starttime="20240626 16:51:19.874" endtime="20240626 16:51:24.875"/>
</kw>
<kw name="Click Element" library="SeleniumLibrary">
<arg>xpath://button[text()='Create New Role']</arg>
<doc>Click the element identified by ``locator``.</doc>
<msg timestamp="20240626 16:51:24.875" level="INFO">Clicking element 'xpath://button[text()='Create New Role']'.</msg>
<status status="PASS" starttime="20240626 16:51:24.875" endtime="20240626 16:51:25.099"/>
</kw>
<kw name="Sleep" library="BuiltIn">
<arg>2</arg>
<doc>Pauses the test executed for the given time.</doc>
<msg timestamp="20240626 16:51:27.101" level="INFO">Slept 2 seconds</msg>
<status status="PASS" starttime="20240626 16:51:25.099" endtime="20240626 16:51:27.101"/>
</kw>
<kw name="Input Text" library="SeleniumLibrary">
<arg>id:roleConfigName</arg>
<arg>Anugal@123</arg>
<doc>Types the given ``text`` into the text field identified by ``locator``.</doc>
<msg timestamp="20240626 16:51:27.102" level="INFO">Typing text 'Anugal@123' into text field 'id:roleConfigName'.</msg>
<status status="PASS" starttime="20240626 16:51:27.101" endtime="20240626 16:51:27.775"/>
</kw>
<kw name="Sleep" library="BuiltIn">
<arg>1</arg>
<doc>Pauses the test executed for the given time.</doc>
<msg timestamp="20240626 16:51:28.775" level="INFO">Slept 1 second</msg>
<status status="PASS" starttime="20240626 16:51:27.775" endtime="20240626 16:51:28.775"/>
</kw>
<kw name="Input Text" library="SeleniumLibrary">
<arg>id:roleConfigDescription</arg>
<arg>Anugal@test</arg>
<doc>Types the given ``text`` into the text field identified by ``locator``.</doc>
<msg timestamp="20240626 16:51:28.775" level="INFO">Typing text 'Anugal@test' into text field 'id:roleConfigDescription'.</msg>
<status status="PASS" starttime="20240626 16:51:28.775" endtime="20240626 16:51:29.298"/>
</kw>
<kw name="Sleep" library="BuiltIn">
<arg>1</arg>
<doc>Pauses the test executed for the given time.</doc>
<msg timestamp="20240626 16:51:30.300" level="INFO">Slept 1 second</msg>
<status status="PASS" starttime="20240626 16:51:29.298" endtime="20240626 16:51:30.300"/>
</kw>
<kw name="Click Element" library="SeleniumLibrary">
<arg>name:User Administration</arg>
<doc>Click the element identified by ``locator``.</doc>
<msg timestamp="20240626 16:51:30.300" level="INFO">Clicking element 'name:User Administration'.</msg>
<status status="PASS" starttime="20240626 16:51:30.300" endtime="20240626 16:51:30.403"/>
</kw>
<kw name="Sleep" library="BuiltIn">
<arg>2</arg>
<doc>Pauses the test executed for the given time.</doc>
<msg timestamp="20240626 16:51:32.404" level="INFO">Slept 2 seconds</msg>
<status status="PASS" starttime="20240626 16:51:30.403" endtime="20240626 16:51:32.404"/>
</kw>
<kw name="Execute Javascript" library="SeleniumLibrary">
<arg>window.scrollTo(0,400)</arg>
<doc>Executes the given JavaScript code with possible arguments.</doc>
<msg timestamp="20240626 16:51:32.404" level="INFO">Executing JavaScript:
window.scrollTo(0,400)
Without any arguments.</msg>
<status status="PASS" starttime="20240626 16:51:32.404" endtime="20240626 16:51:32.414"/>
</kw>
<kw name="Sleep" library="BuiltIn">
<arg>2</arg>
<doc>Pauses the test executed for the given time.</doc>
<msg timestamp="20240626 16:51:34.414" level="INFO">Slept 2 seconds</msg>
<status status="PASS" starttime="20240626 16:51:32.414" endtime="20240626 16:51:34.414"/>
</kw>
<kw name="Click Element" library="SeleniumLibrary">
<arg>name:My Access</arg>
<doc>Click the element identified by ``locator``.</doc>
<msg timestamp="20240626 16:51:34.414" level="INFO">Clicking element 'name:My Access'.</msg>
<status status="PASS" starttime="20240626 16:51:34.414" endtime="20240626 16:51:34.510"/>
</kw>
<kw name="Sleep" library="BuiltIn">
<arg>2</arg>
<doc>Pauses the test executed for the given time.</doc>
<msg timestamp="20240626 16:51:36.512" level="INFO">Slept 2 seconds</msg>
<status status="PASS" starttime="20240626 16:51:34.511" endtime="20240626 16:51:36.512"/>
</kw>
<kw name="Click Element" library="SeleniumLibrary">
<arg>name:Status</arg>
<doc>Click the element identified by ``locator``.</doc>
<msg timestamp="20240626 16:51:36.512" level="INFO">Clicking element 'name:Status'.</msg>
<status status="PASS" starttime="20240626 16:51:36.512" endtime="20240626 16:51:36.604"/>
</kw>
<kw name="Sleep" library="BuiltIn">
<arg>2</arg>
<doc>Pauses the test executed for the given time.</doc>
<msg timestamp="20240626 16:51:38.604" level="INFO">Slept 2 seconds</msg>
<status status="PASS" starttime="20240626 16:51:36.604" endtime="20240626 16:51:38.604"/>
</kw>
<kw name="Click Element" library="SeleniumLibrary">
<arg>xpath://button[text()='Next']</arg>
<doc>Click the element identified by ``locator``.</doc>
<msg timestamp="20240626 16:51:38.604" level="INFO">Clicking element 'xpath://button[text()='Next']'.</msg>
<status status="PASS" starttime="20240626 16:51:38.604" endtime="20240626 16:51:38.662"/>
</kw>
<kw name="Sleep" library="BuiltIn">
<arg>5</arg>
<doc>Pauses the test executed for the given time.</doc>
<msg timestamp="20240626 16:51:43.663" level="INFO">Slept 5 seconds</msg>
<status status="PASS" starttime="20240626 16:51:38.663" endtime="20240626 16:51:43.663"/>
</kw>
<kw name="Click Element" library="SeleniumLibrary">
<arg>xpath://button[text()='Create']</arg>
<doc>Click the element identified by ``locator``.</doc>
<msg timestamp="20240626 16:51:43.663" level="INFO">Clicking element 'xpath://button[text()='Create']'.</msg>
<status status="PASS" starttime="20240626 16:51:43.663" endtime="20240626 16:51:43.708"/>
</kw>
<kw name="Sleep" library="BuiltIn">
<arg>9</arg>
<doc>Pauses the test executed for the given time.</doc>
<msg timestamp="20240626 16:51:52.710" level="INFO">Slept 9 seconds</msg>
<status status="PASS" starttime="20240626 16:51:43.708" endtime="20240626 16:51:52.710"/>
</kw>
<status status="PASS" starttime="20240626 16:51:14.559" endtime="20240626 16:51:52.710"/>
</kw>
<kw name="Provisioning the role" library="Role_configuration">
<kw name="Click Element" library="SeleniumLibrary">
<arg>xpath:(//input[@type='checkbox'])[1]</arg>
<doc>Click the element identified by ``locator``.</doc>
<msg timestamp="20240626 16:51:52.710" level="INFO">Clicking element 'xpath:(//input[@type='checkbox'])[1]'.</msg>
<status status="PASS" starttime="20240626 16:51:52.710" endtime="20240626 16:51:52.927"/>
</kw>
<kw name="Sleep" library="BuiltIn">
<arg>2</arg>
<doc>Pauses the test executed for the given time.</doc>
<msg timestamp="20240626 16:51:54.927" level="INFO">Slept 2 seconds</msg>
<status status="PASS" starttime="20240626 16:51:52.927" endtime="20240626 16:51:54.927"/>
</kw>
<kw name="Click Element" library="SeleniumLibrary">
<arg>xpath://button[text()='Confirm']</arg>
<doc>Click the element identified by ``locator``.</doc>
<msg timestamp="20240626 16:51:54.927" level="INFO">Clicking element 'xpath://button[text()='Confirm']'.</msg>
<status status="PASS" starttime="20240626 16:51:54.927" endtime="20240626 16:51:55.078"/>
</kw>
<kw name="Sleep" library="BuiltIn">
<arg>5</arg>
<doc>Pauses the test executed for the given time.</doc>
<msg timestamp="20240626 16:52:00.078" level="INFO">Slept 5 seconds</msg>
<status status="PASS" starttime="20240626 16:51:55.078" endtime="20240626 16:52:00.078"/>
</kw>
<status status="PASS" starttime="20240626 16:51:52.710" endtime="20240626 16:52:00.078"/>
</kw>
<kw name="View the role" library="Role_configuration">
<kw name="Click Element" library="SeleniumLibrary">
<arg>xpath:(//span[@aria-label='view'])[1]</arg>
<doc>Click the element identified by ``locator``.</doc>
<msg timestamp="20240626 16:52:00.078" level="INFO">Clicking element 'xpath:(//span[@aria-label='view'])[1]'.</msg>
<status status="PASS" starttime="20240626 16:52:00.078" endtime="20240626 16:52:00.314"/>
</kw>
<kw name="Sleep" library="BuiltIn">
<arg>2</arg>
<doc>Pauses the test executed for the given time.</doc>
<msg timestamp="20240626 16:52:02.315" level="INFO">Slept 2 seconds</msg>
<status status="PASS" starttime="20240626 16:52:00.314" endtime="20240626 16:52:02.315"/>
</kw>
<kw name="Click Element" library="SeleniumLibrary">
<arg>xpath:(//div[@role='button'])[1]</arg>
<doc>Click the element identified by ``locator``.</doc>
<msg timestamp="20240626 16:52:02.315" level="INFO">Clicking element 'xpath:(//div[@role='button'])[1]'.</msg>
<status status="PASS" starttime="20240626 16:52:02.315" endtime="20240626 16:52:02.364"/>
</kw>
<kw name="Sleep" library="BuiltIn">
<arg>2</arg>
<doc>Pauses the test executed for the given time.</doc>
<msg timestamp="20240626 16:52:04.365" level="INFO">Slept 2 seconds</msg>
<status status="PASS" starttime="20240626 16:52:02.364" endtime="20240626 16:52:04.365"/>
</kw>
<kw name="Click Element" library="SeleniumLibrary">
<arg>xpath:(//div[@role='button'])[2]</arg>
<doc>Click the element identified by ``locator``.</doc>
<msg timestamp="20240626 16:52:04.365" level="INFO">Clicking element 'xpath:(//div[@role='button'])[2]'.</msg>
<status status="PASS" starttime="20240626 16:52:04.365" endtime="20240626 16:52:04.416"/>
</kw>
<kw name="Sleep" library="BuiltIn">
<arg>2</arg>
<doc>Pauses the test executed for the given time.</doc>
<msg timestamp="20240626 16:52:06.417" level="INFO">Slept 2 seconds</msg>
<status status="PASS" starttime="20240626 16:52:04.417" endtime="20240626 16:52:06.417"/>
</kw>
<kw name="Click Element" library="SeleniumLibrary">
<arg>xpath://body/div[2]/div[3]/div[1]/div[1]</arg>
<doc>Click the element identified by ``locator``.</doc>
<msg timestamp="20240626 16:52:06.417" level="INFO">Clicking element 'xpath://body/div[2]/div[3]/div[1]/div[1]'.</msg>
<status status="PASS" starttime="20240626 16:52:06.417" endtime="20240626 16:52:06.516"/>
</kw>
<kw name="Sleep" library="BuiltIn">
<arg>2</arg>
<doc>Pauses the test executed for the given time.</doc>
<msg timestamp="20240626 16:52:08.517" level="INFO">Slept 2 seconds</msg>
<status status="PASS" starttime="20240626 16:52:06.516" endtime="20240626 16:52:08.517"/>
</kw>
<status status="PASS" starttime="20240626 16:52:00.078" endtime="20240626 16:52:08.517"/>
</kw>
<kw name="Edit the role" library="Role_configuration">
<kw name="Click Element" library="SeleniumLibrary">
<arg>xpath:(//span[@aria-label='edit'])[1]</arg>
<doc>Click the element identified by ``locator``.</doc>
<msg timestamp="20240626 16:52:08.517" level="INFO">Clicking element 'xpath:(//span[@aria-label='edit'])[1]'.</msg>
<status status="PASS" starttime="20240626 16:52:08.517" endtime="20240626 16:52:08.722"/>
</kw>
<kw name="Sleep" library="BuiltIn">
<arg>5</arg>
<doc>Pauses the test executed for the given time.</doc>
<msg timestamp="20240626 16:52:13.723" level="INFO">Slept 5 seconds</msg>
<status status="PASS" starttime="20240626 16:52:08.722" endtime="20240626 16:52:13.723"/>
</kw>
<kw name="Click Element" library="SeleniumLibrary">
<arg>xpath:(//input[@name='approver'])[2]</arg>
<doc>Click the element identified by ``locator``.</doc>
<msg timestamp="20240626 16:52:13.723" level="INFO">Clicking element 'xpath:(//input[@name='approver'])[2]'.</msg>
<status status="PASS" starttime="20240626 16:52:13.723" endtime="20240626 16:52:13.830"/>
</kw>
<kw name="Sleep" library="BuiltIn">
<arg>2</arg>
<doc>Pauses the test executed for the given time.</doc>
<msg timestamp="20240626 16:52:15.830" level="INFO">Slept 2 seconds</msg>
<status status="PASS" starttime="20240626 16:52:13.830" endtime="20240626 16:52:15.830"/>
</kw>
<kw name="Click Element" library="SeleniumLibrary">
<arg>xpath://button[text()='Next']</arg>
<doc>Click the element identified by ``locator``.</doc>
<msg timestamp="20240626 16:52:15.830" level="INFO">Clicking element 'xpath://button[text()='Next']'.</msg>
<status status="PASS" starttime="20240626 16:52:15.830" endtime="20240626 16:52:15.885"/>
</kw>
<kw name="Sleep" library="BuiltIn">
<arg>2</arg>
<doc>Pauses the test executed for the given time.</doc>
<msg timestamp="20240626 16:52:17.887" level="INFO">Slept 2 seconds</msg>
<status status="PASS" starttime="20240626 16:52:15.886" endtime="20240626 16:52:17.887"/>
</kw>
<kw name="Click Element" library="SeleniumLibrary">
<arg>xpath://span[@sx='[object Object]']//button[1]</arg>
<doc>Click the element identified by ``locator``.</doc>
<msg timestamp="20240626 16:52:17.887" level="INFO">Clicking element 'xpath://span[@sx='[object Object]']//button[1]'.</msg>
<status status="PASS" starttime="20240626 16:52:17.887" endtime="20240626 16:52:17.929"/>
</kw>
<kw name="Sleep" library="BuiltIn">
<arg>8</arg>
<doc>Pauses the test executed for the given time.</doc>
<msg timestamp="20240626 16:52:25.930" level="INFO">Slept 8 seconds</msg>
<status status="PASS" starttime="20240626 16:52:17.929" endtime="20240626 16:52:25.930"/>
</kw>
<status status="PASS" starttime="20240626 16:52:08.517" endtime="20240626 16:52:25.930"/>
</kw>
<kw name="Delete the role" library="Role_configuration">
<kw name="Click Element" library="SeleniumLibrary">
<arg>xpath:(//span[@aria-label='delete'])[1]</arg>
<doc>Click the element identified by ``locator``.</doc>
<msg timestamp="20240626 16:52:25.930" level="INFO">Clicking element 'xpath:(//span[@aria-label='delete'])[1]'.</msg>
<status status="PASS" starttime="20240626 16:52:25.930" endtime="20240626 16:52:26.132"/>
</kw>
<kw name="Sleep" library="BuiltIn">
<arg>2</arg>
<doc>Pauses the test executed for the given time.</doc>
<msg timestamp="20240626 16:52:28.142" level="INFO">Slept 2 seconds</msg>
<status status="PASS" starttime="20240626 16:52:26.132" endtime="20240626 16:52:28.142"/>
</kw>
<kw name="Input Text" library="SeleniumLibrary">
<arg>name:deleteRole</arg>
<arg>Anugal@123</arg>
<doc>Types the given ``text`` into the text field identified by ``locator``.</doc>
<msg timestamp="20240626 16:52:28.142" level="INFO">Typing text 'Anugal@123' into text field 'name:deleteRole'.</msg>
<status status="PASS" starttime="20240626 16:52:28.142" endtime="20240626 16:52:28.631"/>
</kw>
<kw name="Sleep" library="BuiltIn">
<arg>2</arg>
<doc>Pauses the test executed for the given time.</doc>
<msg timestamp="20240626 16:52:30.632" level="INFO">Slept 2 seconds</msg>
<status status="PASS" starttime="20240626 16:52:28.631" endtime="20240626 16:52:30.632"/>
</kw>
<kw name="Click Element" library="SeleniumLibrary">
<arg>xpath://button[text()='Delete']</arg>
<doc>Click the element identified by ``locator``.</doc>
<msg timestamp="20240626 16:52:30.632" level="INFO">Clicking element 'xpath://button[text()='Delete']'.</msg>
<status status="PASS" starttime="20240626 16:52:30.632" endtime="20240626 16:52:30.749"/>
</kw>
<kw name="Sleep" library="BuiltIn">
<arg>5</arg>
<doc>Pauses the test executed for the given time.</doc>
<msg timestamp="20240626 16:52:35.749" level="INFO">Slept 5 seconds</msg>
<status status="PASS" starttime="20240626 16:52:30.749" endtime="20240626 16:52:35.749"/>
</kw>
<status status="PASS" starttime="20240626 16:52:25.930" endtime="20240626 16:52:35.749"/>
</kw>
<tag>role_configuration</tag>
<status status="PASS" starttime="20240626 16:51:14.559" endtime="20240626 16:52:35.749"/>
</test>
<test id="s1-s1-t4" name="Finish TestCase" line="19">
<kw name="Finish TestCase" library="Role_configuration">
<kw name="Close All Browsers" library="SeleniumLibrary">
<doc>Closes all open browsers and resets the browser cache.</doc>
<status status="PASS" starttime="20240626 16:52:35.749" endtime="20240626 16:52:40.005"/>
</kw>
<status status="PASS" starttime="20240626 16:52:35.749" endtime="20240626 16:52:40.006"/>
</kw>
<tag>role_configuration</tag>
<status status="PASS" starttime="20240626 16:52:35.749" endtime="20240626 16:52:40.006"/>
</test>
<status status="PASS" starttime="20240626 16:50:23.053" endtime="20240626 16:52:40.006"/>
</suite>
<doc>Testing functionality through Robot Framework</doc>
<meta name="environment">Dev</meta>
<meta name="test_browser_name">chrome</meta>
<meta name="test_browser_version">126.0.6478.126</meta>
<meta name="test_driver_version">126.0.6478.62 </meta>
<meta name="test_environment">Dev</meta>
<meta name="test_freeze_dependencies">astroid==3.1.0,attrs==23.2.0,beautifulsoup4==4.12.3,bs4==0.0.2,certifi==2024.2.2,cffi==1.16.0,chardet==5.2.0,charset-normalizer==3.3.2,click==8.1.7,colorama==0.4.6,cryptography==42.0.5,defusedxml==0.7.1,dill==0.3.8,docutils==0.20.1,docx==0.2.4,docx2pdf==0.1.8,et-xmlfile==1.1.0,exceptiongroup==1.2.0,fsspec==2024.5.0,gitdb==4.0.11,GitPython==3.1.42,h11==0.14.0,idna==3.6,isort==5.13.2,Jinja2==3.1.3,jira==3.6.0,jsonpath-ng==1.6.1,jsonschema==4.21.1,jsonschema-specifications==2023.12.1,lazy-object-proxy==1.10.0,lxml==5.1.0,markdown-it-py==3.0.0,MarkupSafe==2.1.5,mccabe==0.7.0,mdurl==0.1.2,natsort==8.4.0,numpy==1.26.4,oauthlib==3.2.2,openpyxl==3.1.2,outcome==1.3.0.post0,packaging==24.0,pandas==2.2.2,pathspec==0.11.2,pillow==10.2.0,pip==24.0,platformdirs==4.2.0,ply==3.11,pycparser==2.21,Pygments==2.17.2,pylint==3.1.0,PyPDF2==3.0.1,PySocks==1.7.1,python-dateutil==2.9.0.post0,python-docx==1.1.2,pytz==2024.1,pywin32==306,PyYAML==6.0.1,referencing==0.33.0,reportlab==4.2.0,requests==2.31.0,requests-oauthlib==1.4.0,requests-toolbelt==1.0.0,rich==13.7.1,rich-click==1.6.1,robotframework==6.0.2,robotframework-datadriver==1.9.0,robotframework-jsonlibrary==0.5,robotframework-pabot==2.16.0,robotframework-pythonlibcore==4.2.0,robotframework-requests==0.9.2,robotframework-sapguilibrary==1.1,robotframework-seleniumlibrary==5.1.3,robotframework-stacktrace==0.4.1,robotframework-tidy==4.5.0,rpds-py==0.18.0,selenium==4.9.1,setuptools==69.2.0,six==1.16.0,smmap==5.0.1,sniffio==1.3.1,sortedcontainers==2.4.0,soupsieve==2.5,tomli==2.0.1,tomlkit==0.12.4,tqdm==4.66.4,trio==0.24.0,trio-websocket==0.11.1,typing_extensions==4.10.0,tzdata==2024.1,urllib3==2.2.1,wheel==0.43.0,wrapt==1.16.0,wsproto==1.2.0</meta>
<status status="PASS" starttime="20240626 16:50:19.563" endtime="20240626 16:52:40.307"/>
</suite>
<statistics>
<total>
<stat pass="4" fail="0" skip="0">All Tests</stat>
</total>
<tag>
<stat pass="4" fail="0" skip="0">role_configuration</stat>
</tag>
<suite>
<stat pass="4" fail="0" skip="0" id="s1" name="Tests">Tests</stat>
<stat pass="4" fail="0" skip="0" id="s1-s1" name="Test Role configuration">Tests.Test Role configuration</stat>
</suite>
</statistics>
<errors>
</errors>
</robot>
