==============================================================================
Tests :: Testing functionality through Robot Framework                        
==============================================================================
Tests.TestUserAdministration                                                  
==============================================================================
Start TestCase                                                          
  Traceback (most recent call last):
    ~~~~~~~~~~~~~~~~~~~~~~~~~~~~~~~~~~~~~~~~~~~~~~~~~~~~~~~~~~~~~~~~~~~~~~~~~~
    File  C:\Anugal_Testing\Anugal\Tests\TestUserAdministration.robot:6
    T:  Start TestCase    
    ~~~~~~~~~~~~~~~~~~~~~~~~~~~~~~~~~~~~~~~~~~~~~~~~~~~~~~~~~~~~~~~~~~~~~~~~~~
    File  C:\Anugal_Testing\Anugal\Tests\TestUserAdministration.robot:7
      Start TestCase    
______________________________________________________________________________
| FAIL |
No keyword with name 'Start TestCase' found.
------------------------------------------------------------------------------
Submit Anugal username and password                                     
  Traceback (most recent call last):
    ~~~~~~~~~~~~~~~~~~~~~~~~~~~~~~~~~~~~~~~~~~~~~~~~~~~~~~~~~~~~~~~~~~~~~~~~~~
    File  C:\Anugal_Testing\Anugal\Tests\TestUserAdministration.robot:9
    T:  Submit Anugal username and password    
    ~~~~~~~~~~~~~~~~~~~~~~~~~~~~~~~~~~~~~~~~~~~~~~~~~~~~~~~~~~~~~~~~~~~~~~~~~~
    File  C:\Anugal_Testing\Anugal\Tests\TestUserAdministration.robot:10
      Submit Anugal username and password    
______________________________________________________________________________
| FAIL |
No keyword with name 'Submit Anugal username and password' found.
------------------------------------------------------------------------------
Create User_id                                                          
  Traceback (most recent call last):
    ~~~~~~~~~~~~~~~~~~~~~~~~~~~~~~~~~~~~~~~~~~~~~~~~~~~~~~~~~~~~~~~~~~~~~~~~~~
    File  C:\Anugal_Testing\Anugal\Tests\TestUserAdministration.robot:12
    T:  Create User_id    
    ~~~~~~~~~~~~~~~~~~~~~~~~~~~~~~~~~~~~~~~~~~~~~~~~~~~~~~~~~~~~~~~~~~~~~~~~~~
    File  C:\Anugal_Testing\Anugal\Tests\TestUserAdministration.robot:13
      Create User_id    
______________________________________________________________________________
| FAIL |
No keyword with name 'Create User_id' found.
------------------------------------------------------------------------------
Finish TestCase                                                         
  Traceback (most recent call last):
    ~~~~~~~~~~~~~~~~~~~~~~~~~~~~~~~~~~~~~~~~~~~~~~~~~~~~~~~~~~~~~~~~~~~~~~~~~~
    File  C:\Anugal_Testing\Anugal\Tests\TestUserAdministration.robot:18
    T:  Finish TestCase    
    ~~~~~~~~~~~~~~~~~~~~~~~~~~~~~~~~~~~~~~~~~~~~~~~~~~~~~~~~~~~~~~~~~~~~~~~~~~
    File  C:\Anugal_Testing\Anugal\Tests\TestUserAdministration.robot:19
      Finish TestCase    
______________________________________________________________________________
| FAIL |
No keyword with name 'Finish TestCase' found.
------------------------------------------------------------------------------
Tests.TestUserAdministration                                          | FAIL |
4 tests, 0 passed, 4 failed
==============================================================================
Tests :: Testing functionality through Robot Framework                | FAIL |
4 tests, 0 passed, 4 failed
==============================================================================
Output:  C:\Anugal_Testing\Anugal\Output\eaf95c48-535d-4fee-8578-ef7bfb159ef8\pabot_results\0\Output.xml
