<?xml version="1.0" encoding="UTF-8"?>
<robot generator="Robot 6.0.2 (Python 3.12.1 on win32)" generated="20240624 13:09:47.552" rpa="false" schemaversion="3">
<suite id="s1" name="Tests" source="C:\Anugal_Testing\Anugal\Tests">
<kw name="Setup highest level suite" type="SETUP">
<kw name="Set Variable" library="BuiltIn">
<var>${d.test_server}</var>
<arg>${test_server}</arg>
<doc>Returns the given values which can then be assigned to a variables.</doc>
<msg timestamp="20240624 13:09:48.319" level="INFO">${d.test_server} = Dev</msg>
<status status="PASS" starttime="20240624 13:09:48.319" endtime="20240624 13:09:48.319"/>
</kw>
<kw name="Reset screenshot count variable" library="Support">
<kw name="Set Variable" library="BuiltIn">
<var>${screenshotCount}</var>
<arg>${PABOTQUEUEINDEX}_1</arg>
<doc>Returns the given values which can then be assigned to a variables.</doc>
<msg timestamp="20240624 13:09:48.319" level="INFO">${screenshotCount} = 0_1</msg>
<status status="PASS" starttime="20240624 13:09:48.319" endtime="20240624 13:09:48.319"/>
</kw>
<kw name="Set Global Variable" library="BuiltIn">
<arg>${screenshotCount}</arg>
<doc>Makes a variable available globally in all tests and suites.</doc>
<msg timestamp="20240624 13:09:48.319" level="INFO">${screenshotCount} = 0_1</msg>
<status status="PASS" starttime="20240624 13:09:48.319" endtime="20240624 13:09:48.319"/>
</kw>
<kw name="Set up screenshot directory" library="Support">
<kw name="Create Directory" library="OperatingSystem">
<arg>${OUTPUTDIR}${/}${wvar('screenshot_dir')}</arg>
<doc>Creates the specified directory.</doc>
<msg timestamp="20240624 13:09:48.319" level="INFO">Web.Dev.screenshot_dir: Screenshot</msg>
<msg timestamp="20240624 13:09:48.334" level="INFO" html="true">Created directory '&lt;a href="file://C:\Anugal_Testing\Anugal\Output\fb83833e-021b-4d0f-bc12-c86c9da76a12\pabot_results\0\Screenshot"&gt;C:\Anugal_Testing\Anugal\Output\fb83833e-021b-4d0f-bc12-c86c9da76a12\pabot_results\0\Screenshot&lt;/a&gt;'.</msg>
<status status="PASS" starttime="20240624 13:09:48.319" endtime="20240624 13:09:48.334"/>
</kw>
<status status="PASS" starttime="20240624 13:09:48.319" endtime="20240624 13:09:48.334"/>
</kw>
<status status="PASS" starttime="20240624 13:09:48.319" endtime="20240624 13:09:48.334"/>
</kw>
<kw name="Set Global Variable" library="BuiltIn">
<arg>${screenshot_taking}</arg>
<arg>${True}</arg>
<doc>Makes a variable available globally in all tests and suites.</doc>
<msg timestamp="20240624 13:09:48.334" level="INFO">${screenshot_taking} = True</msg>
<status status="PASS" starttime="20240624 13:09:48.334" endtime="20240624 13:09:48.334"/>
</kw>
<kw name="Setup linux execution" library="Support">
<kw name="Run Keyword And Return Status" library="BuiltIn">
<var>${web_test_check}</var>
<arg>Variable Should Exist</arg>
<arg>${web_test}</arg>
<doc>Runs the given keyword with given arguments and returns the status as a Boolean value.</doc>
<kw name="Variable Should Exist" library="BuiltIn">
<arg>${web_test}</arg>
<doc>Fails unless the given variable exists within the current scope.</doc>
<status status="PASS" starttime="20240624 13:09:48.334" endtime="20240624 13:09:48.334"/>
</kw>
<msg timestamp="20240624 13:09:48.334" level="INFO">${web_test_check} = True</msg>
<status status="PASS" starttime="20240624 13:09:48.334" endtime="20240624 13:09:48.334"/>
</kw>
<kw name="Run Keyword If" library="BuiltIn">
<arg>${web_test_check}</arg>
<arg>Setup Docker Execution Options</arg>
<doc>Runs the given keyword with the given arguments, if ``condition`` is true.</doc>
<kw name="Setup Docker Execution Options" library="Support_Web">
<kw name="Setup Suite Metadata" library="Support_Web">
<arg>${browser}</arg>
<kw name="Get Browser Metadata" library="BrowserSupport">
<var>&amp;{browser_information}</var>
<arg>browser=${browser}</arg>
<doc>Fetches browser metadata information
:param browser: Name of the browser for which information is fetched
:param reload: Re-read the metadata based on the browser
:return: Browser metadata information, dict of format
            {"browser_version": browser version value,
             "driver_version": driver version value}</doc>
<msg timestamp="20240624 13:09:51.706" level="INFO">&amp;{browser_information} = { browser_version=126.0.6478.115 | driver_version=126.0.6478.62  }</msg>
<status status="PASS" starttime="20240624 13:09:48.334" endtime="20240624 13:09:51.706"/>
</kw>
<kw name="Set Suite Metadata" library="BuiltIn">
<arg>test_browser_name</arg>
<arg>${browser}</arg>
<doc>Sets metadata for the current test suite.</doc>
<msg timestamp="20240624 13:09:51.706" level="INFO">Set suite metadata 'test_browser_name' to value 'chrome'.</msg>
<status status="PASS" starttime="20240624 13:09:51.706" endtime="20240624 13:09:51.706"/>
</kw>
<kw name="Set Suite Metadata" library="BuiltIn">
<arg>test_browser_version</arg>
<arg>${browser_information.browser_version}</arg>
<doc>Sets metadata for the current test suite.</doc>
<msg timestamp="20240624 13:09:51.706" level="INFO">Set suite metadata 'test_browser_version' to value '126.0.6478.115'.</msg>
<status status="PASS" starttime="20240624 13:09:51.706" endtime="20240624 13:09:51.706"/>
</kw>
<kw name="Set Suite Metadata" library="BuiltIn">
<arg>test_driver_version</arg>
<arg>${browser_information.driver_version}</arg>
<doc>Sets metadata for the current test suite.</doc>
<msg timestamp="20240624 13:09:51.706" level="INFO">Set suite metadata 'test_driver_version' to value '126.0.6478.62 '.</msg>
<status status="PASS" starttime="20240624 13:09:51.706" endtime="20240624 13:09:51.706"/>
</kw>
<status status="PASS" starttime="20240624 13:09:48.334" endtime="20240624 13:09:51.706"/>
</kw>
<kw name="Setup Global Docker Execution Options" library="Support_Web">
<kw name="Set Global Variable" library="BuiltIn">
<arg>${global_browser_options}</arg>
<arg>None</arg>
<doc>Makes a variable available globally in all tests and suites.</doc>
<msg timestamp="20240624 13:09:51.706" level="INFO">${global_browser_options} = None</msg>
<status status="PASS" starttime="20240624 13:09:51.706" endtime="20240624 13:09:51.706"/>
</kw>
<kw name="Get Environment Variable" library="OperatingSystem">
<var>${docker_check}</var>
<arg>EXECUTION_ENVIRONMENT</arg>
<arg>not_found</arg>
<doc>Returns the value of an environment variable with the given name.</doc>
<msg timestamp="20240624 13:09:51.706" level="INFO">${docker_check} = not_found</msg>
<status status="PASS" starttime="20240624 13:09:51.706" endtime="20240624 13:09:51.706"/>
</kw>
<kw name="Run Keyword And Return If" library="BuiltIn">
<arg>"${docker_check}"!="docker"</arg>
<arg>Log</arg>
<arg>Not executing on Docker</arg>
<doc>Runs the specified keyword and returns from the enclosing user keyword.</doc>
<kw name="Log" library="BuiltIn">
<arg>Not executing on Docker</arg>
<doc>Logs the given message with the given level.</doc>
<msg timestamp="20240624 13:09:51.706" level="INFO">Not executing on Docker</msg>
<status status="PASS" starttime="20240624 13:09:51.706" endtime="20240624 13:09:51.706"/>
</kw>
<msg timestamp="20240624 13:09:51.706" level="INFO">Returning from the enclosing user keyword.</msg>
<status status="PASS" starttime="20240624 13:09:51.706" endtime="20240624 13:09:51.706"/>
</kw>
<kw name="Create List" library="BuiltIn">
<var>@{options}</var>
<arg>--headless</arg>
<arg>--no-sandbox</arg>
<arg>--disable-dev-shm-usage</arg>
<doc>Returns a list containing given items.</doc>
<status status="NOT RUN" starttime="20240624 13:09:51.706" endtime="20240624 13:09:51.706"/>
</kw>
<kw name="Set Global Variable" library="BuiltIn">
<arg>@{docker_options}</arg>
<arg>@{options}</arg>
<doc>Makes a variable available globally in all tests and suites.</doc>
<status status="NOT RUN" starttime="20240624 13:09:51.706" endtime="20240624 13:09:51.706"/>
</kw>
<status status="PASS" starttime="20240624 13:09:51.706" endtime="20240624 13:09:51.706"/>
</kw>
<kw name="Create Webdriver for chrome preferences" library="Support_Web">
<kw name="Update Docker Execution Options" library="Support_Web">
<var>${list_prefs}</var>
<arg>${list_prefs}</arg>
<kw name="Run Keyword And Return Status" library="BuiltIn">
<var>${docker_check}</var>
<arg>Variable Should Exist</arg>
<arg>${docker_options}</arg>
<doc>Runs the given keyword with given arguments and returns the status as a Boolean value.</doc>
<kw name="Variable Should Exist" library="BuiltIn">
<arg>${docker_options}</arg>
<doc>Fails unless the given variable exists within the current scope.</doc>
<msg timestamp="20240624 13:09:51.706" level="FAIL">Variable '${docker_options}' does not exist.</msg>
<status status="FAIL" starttime="20240624 13:09:51.706" endtime="20240624 13:09:51.706"/>
</kw>
<msg timestamp="20240624 13:09:51.706" level="INFO">${docker_check} = False</msg>
<status status="PASS" starttime="20240624 13:09:51.706" endtime="20240624 13:09:51.706"/>
</kw>
<kw name="Get Length" library="BuiltIn">
<var>${list_prefs_length}</var>
<arg>${list_prefs}</arg>
<doc>Returns and logs the length of the given item as an integer.</doc>
<msg timestamp="20240624 13:09:51.706" level="INFO">Length is 1</msg>
<msg timestamp="20240624 13:09:51.706" level="INFO">${list_prefs_length} = 1</msg>
<status status="PASS" starttime="20240624 13:09:51.706" endtime="20240624 13:09:51.706"/>
</kw>
<kw name="Run Keyword If" library="BuiltIn">
<var>${list_prefs}</var>
<arg>${docker_check} and ${list_prefs_length}&gt;0 and ${list_prefs}[0] != []</arg>
<arg>Combine Lists</arg>
<arg>${list_prefs}</arg>
<arg>${docker_options}</arg>
<arg>ELSE IF</arg>
<arg>${docker_check}</arg>
<arg>Set Variable</arg>
<arg>${docker_options}</arg>
<arg>ELSE</arg>
<arg>Set Variable</arg>
<arg>${list_prefs}</arg>
<doc>Runs the given keyword with the given arguments, if ``condition`` is true.</doc>
<kw name="Set Variable" library="BuiltIn">
<arg>${list_prefs}</arg>
<doc>Returns the given values which can then be assigned to a variables.</doc>
<status status="PASS" starttime="20240624 13:09:51.706" endtime="20240624 13:09:51.706"/>
</kw>
<msg timestamp="20240624 13:09:51.706" level="INFO">${list_prefs} = [[]]</msg>
<status status="PASS" starttime="20240624 13:09:51.706" endtime="20240624 13:09:51.706"/>
</kw>
<msg timestamp="20240624 13:09:51.706" level="INFO">${list_prefs} = [[]]</msg>
<status status="PASS" starttime="20240624 13:09:51.706" endtime="20240624 13:09:51.706"/>
</kw>
<kw name="Create Chrome Options for download preferences" library="Support_Web">
<var>${chrome_options}</var>
<kw name="Evaluate" library="BuiltIn">
<var>${chrome_options}</var>
<arg>sys.modules['selenium.webdriver'].ChromeOptions()</arg>
<arg>sys</arg>
<doc>Evaluates the given expression in Python and returns the result.</doc>
<msg timestamp="20240624 13:09:51.706" level="INFO">${chrome_options} = &lt;selenium.webdriver.chrome.options.Options object at 0x000001B33B602B10&gt;</msg>
<status status="PASS" starttime="20240624 13:09:51.706" endtime="20240624 13:09:51.706"/>
</kw>
<msg timestamp="20240624 13:09:51.706" level="INFO">${chrome_options} = &lt;selenium.webdriver.chrome.options.Options object at 0x000001B33B602B10&gt;</msg>
<status status="PASS" starttime="20240624 13:09:51.706" endtime="20240624 13:09:51.706"/>
</kw>
<kw name="Update Preferences List" library="Support_Web">
<arg>${chrome_options}</arg>
<arg>@{list_prefs}</arg>
<kw name="Convert To String" library="BuiltIn">
<var>${string_prefs}</var>
<arg>${list_prefs}</arg>
<doc>Converts the given item to a Unicode string.</doc>
<msg timestamp="20240624 13:09:51.706" level="INFO">${string_prefs} = [[]]</msg>
<status status="PASS" starttime="20240624 13:09:51.706" endtime="20240624 13:09:51.706"/>
</kw>
<kw name="Return From Keyword If" library="BuiltIn">
<arg>${string_prefs} == [[]]</arg>
<doc>Returns from the enclosing user keyword if ``condition`` is true.</doc>
<msg timestamp="20240624 13:09:51.722" level="INFO">Returning from the enclosing user keyword.</msg>
<status status="PASS" starttime="20240624 13:09:51.722" endtime="20240624 13:09:51.722"/>
</kw>
<for flavor="IN">
<var>${preference}</var>
<value>@{list_prefs}</value>
<iter>
<var name="${preference}"/>
<kw name="Call Method" library="BuiltIn">
<arg>${chrome_options}</arg>
<arg>add_argument</arg>
<arg>${preference}</arg>
<doc>Calls the named method of the given object with the provided arguments.</doc>
<status status="NOT RUN" starttime="20240624 13:09:51.722" endtime="20240624 13:09:51.722"/>
</kw>
<status status="NOT RUN" starttime="20240624 13:09:51.722" endtime="20240624 13:09:51.722"/>
</iter>
<status status="NOT RUN" starttime="20240624 13:09:51.722" endtime="20240624 13:09:51.722"/>
</for>
<status status="PASS" starttime="20240624 13:09:51.706" endtime="20240624 13:09:51.722"/>
</kw>
<kw name="Call Method" library="BuiltIn">
<arg>${chrome_options}</arg>
<arg>add_experimental_option</arg>
<arg>prefs</arg>
<arg>${kw_prefs}</arg>
<doc>Calls the named method of the given object with the provided arguments.</doc>
<status status="PASS" starttime="20240624 13:09:51.722" endtime="20240624 13:09:51.722"/>
</kw>
<kw name="Set Global Variable" library="BuiltIn">
<arg>${global_browser_options}</arg>
<arg>${chrome options}</arg>
<doc>Makes a variable available globally in all tests and suites.</doc>
<msg timestamp="20240624 13:09:51.722" level="INFO">${global_browser_options} = &lt;selenium.webdriver.chrome.options.Options object at 0x000001B33B602B10&gt;</msg>
<status status="PASS" starttime="20240624 13:09:51.722" endtime="20240624 13:09:51.722"/>
</kw>
<status status="PASS" starttime="20240624 13:09:51.706" endtime="20240624 13:09:51.722"/>
</kw>
<status status="PASS" starttime="20240624 13:09:48.334" endtime="20240624 13:09:51.722"/>
</kw>
<status status="PASS" starttime="20240624 13:09:48.334" endtime="20240624 13:09:51.722"/>
</kw>
<status status="PASS" starttime="20240624 13:09:48.334" endtime="20240624 13:09:51.722"/>
</kw>
<kw name="Set Suite Metadata" library="BuiltIn">
<arg>environment</arg>
<arg>${test_server}</arg>
<doc>Sets metadata for the current test suite.</doc>
<msg timestamp="20240624 13:09:51.722" level="INFO">Set suite metadata 'environment' to value 'Dev'.</msg>
<status status="PASS" starttime="20240624 13:09:51.722" endtime="20240624 13:09:51.722"/>
</kw>
<status status="PASS" starttime="20240624 13:09:48.319" endtime="20240624 13:09:51.722"/>
</kw>
<suite id="s1-s1" name="Test User Administration" source="C:\Anugal_Testing\Anugal\Tests\Test_User_Administration.robot">
<test id="s1-s1-t1" name="Start TestCase" line="6">
<kw name="Start TestCase" library="User_Administration">
<kw name="Log" library="BuiltIn">
<arg>Opening browser</arg>
<doc>Logs the given message with the given level.</doc>
<msg timestamp="20240624 13:09:51.729" level="INFO">Opening browser</msg>
<status status="PASS" starttime="20240624 13:09:51.729" endtime="20240624 13:09:51.729"/>
</kw>
<kw name="Open Browser" library="SeleniumLibrary">
<arg>${angvar('url')}</arg>
<arg>${angvar('browser')}</arg>
<doc>Opens a new browser instance to the optional ``url``.</doc>
<msg timestamp="20240624 13:09:51.729" level="INFO">Ang.Dev.url: https://dev.anugalid.com/login</msg>
<msg timestamp="20240624 13:09:51.729" level="INFO">Ang.Dev.browser: Chrome</msg>
<msg timestamp="20240624 13:09:51.729" level="INFO">Opening browser 'Chrome' to base url 'https://dev.anugalid.com/login'.</msg>
<status status="PASS" starttime="20240624 13:09:51.729" endtime="20240624 13:09:54.800"/>
</kw>
<status status="PASS" starttime="20240624 13:09:51.729" endtime="20240624 13:09:54.801"/>
</kw>
<tag>useradmin01</tag>
<status status="PASS" starttime="20240624 13:09:51.729" endtime="20240624 13:09:54.801"/>
</test>
<test id="s1-s1-t2" name="Submit Anugal username and password" line="9">
<kw name="Submit Anugal username and password" library="User_Administration">
<kw name="Wait Until Element Is Visible" library="SeleniumLibrary">
<arg>${angvar('user_text_box')}</arg>
<doc>Waits until the element ``locator`` is visible.</doc>
<msg timestamp="20240624 13:09:54.809" level="INFO">Ang.Dev.user_text_box: id:emailId</msg>
<status status="PASS" starttime="20240624 13:09:54.808" endtime="20240624 13:09:54.991"/>
</kw>
<kw name="Sleep" library="BuiltIn">
<arg>10</arg>
<doc>Pauses the test executed for the given time.</doc>
<msg timestamp="20240624 13:10:04.993" level="INFO">Slept 10 seconds</msg>
<status status="PASS" starttime="20240624 13:09:54.991" endtime="20240624 13:10:04.993"/>
</kw>
<kw name="Click Element" library="SeleniumLibrary">
<arg>xpath:(//div[@class='MuiStack-root css-1ed5314']//button)[2]</arg>
<doc>Click the element identified by ``locator``.</doc>
<msg timestamp="20240624 13:10:04.994" level="INFO">Clicking element 'xpath:(//div[@class='MuiStack-root css-1ed5314']//button)[2]'.</msg>
<status status="PASS" starttime="20240624 13:10:04.993" endtime="20240624 13:10:05.111"/>
</kw>
<kw name="Sleep" library="BuiltIn">
<arg>5</arg>
<doc>Pauses the test executed for the given time.</doc>
<msg timestamp="20240624 13:10:10.112" level="INFO">Slept 5 seconds</msg>
<status status="PASS" starttime="20240624 13:10:05.111" endtime="20240624 13:10:10.112"/>
</kw>
<kw name="Input Text" library="SeleniumLibrary">
<arg>xpath://*[@id="i0116"]</arg>
<arg>malayranjan.s@basiscloudsolutions.com</arg>
<doc>Types the given ``text`` into the text field identified by ``locator``.</doc>
<msg timestamp="20240624 13:10:10.112" level="INFO">Typing text 'malayranjan.s@basiscloudsolutions.com' into text field 'xpath://*[@id="i0116"]'.</msg>
<status status="PASS" starttime="20240624 13:10:10.112" endtime="20240624 13:10:10.249"/>
</kw>
<kw name="Sleep" library="BuiltIn">
<arg>3</arg>
<doc>Pauses the test executed for the given time.</doc>
<msg timestamp="20240624 13:10:13.250" level="INFO">Slept 3 seconds</msg>
<status status="PASS" starttime="20240624 13:10:10.249" endtime="20240624 13:10:13.250"/>
</kw>
<kw name="Click Element" library="SeleniumLibrary">
<arg>xpath://*[@id="idSIButton9"]</arg>
<doc>Click the element identified by ``locator``.</doc>
<msg timestamp="20240624 13:10:13.250" level="INFO">Clicking element 'xpath://*[@id="idSIButton9"]'.</msg>
<status status="PASS" starttime="20240624 13:10:13.250" endtime="20240624 13:10:13.301"/>
</kw>
<kw name="Wait Until Element Is Visible" library="SeleniumLibrary">
<arg>xpath://*[@id="i0118"]</arg>
<arg>60s</arg>
<doc>Waits until the element ``locator`` is visible.</doc>
<status status="PASS" starttime="20240624 13:10:13.301" endtime="20240624 13:10:14.218"/>
</kw>
<kw name="Input Text" library="SeleniumLibrary">
<arg>xpath://*[@id="i0118"]</arg>
<arg>Malay@Ranjan!@#</arg>
<doc>Types the given ``text`` into the text field identified by ``locator``.</doc>
<msg timestamp="20240624 13:10:14.220" level="INFO">Typing text 'Malay@Ranjan!@#' into text field 'xpath://*[@id="i0118"]'.</msg>
<status status="PASS" starttime="20240624 13:10:14.219" endtime="20240624 13:10:14.296"/>
</kw>
<kw name="Click Element" library="SeleniumLibrary">
<arg>xpath://*[@id="idSIButton9"]</arg>
<doc>Click the element identified by ``locator``.</doc>
<msg timestamp="20240624 13:10:14.297" level="INFO">Clicking element 'xpath://*[@id="idSIButton9"]'.</msg>
<status status="PASS" starttime="20240624 13:10:14.297" endtime="20240624 13:10:14.922"/>
</kw>
<kw name="Sleep" library="BuiltIn">
<arg>2</arg>
<doc>Pauses the test executed for the given time.</doc>
<msg timestamp="20240624 13:10:16.922" level="INFO">Slept 2 seconds</msg>
<status status="PASS" starttime="20240624 13:10:14.922" endtime="20240624 13:10:16.922"/>
</kw>
<kw name="Click Element" library="SeleniumLibrary">
<arg>xpath://*[@id="idBtn_Back"]</arg>
<doc>Click the element identified by ``locator``.</doc>
<msg timestamp="20240624 13:10:16.922" level="INFO">Clicking element 'xpath://*[@id="idBtn_Back"]'.</msg>
<status status="PASS" starttime="20240624 13:10:16.922" endtime="20240624 13:10:18.543"/>
</kw>
<kw name="Sleep" library="BuiltIn">
<arg>5</arg>
<doc>Pauses the test executed for the given time.</doc>
<msg timestamp="20240624 13:10:23.543" level="INFO">Slept 5 seconds</msg>
<status status="PASS" starttime="20240624 13:10:18.543" endtime="20240624 13:10:23.543"/>
</kw>
<kw name="Maximize Browser Window" library="SeleniumLibrary">
<doc>Maximizes current browser window.</doc>
<status status="PASS" starttime="20240624 13:10:23.543" endtime="20240624 13:10:23.601"/>
</kw>
<kw name="Sleep" library="BuiltIn">
<arg>20</arg>
<doc>Pauses the test executed for the given time.</doc>
<msg timestamp="20240624 13:10:43.602" level="INFO">Slept 20 seconds</msg>
<status status="PASS" starttime="20240624 13:10:23.601" endtime="20240624 13:10:43.602"/>
</kw>
<status status="PASS" starttime="20240624 13:09:54.808" endtime="20240624 13:10:43.602"/>
</kw>
<tag>useradmin01</tag>
<status status="PASS" starttime="20240624 13:09:54.802" endtime="20240624 13:10:43.602"/>
</test>
<test id="s1-s1-t3" name="Create User_id" line="12">
<kw name="Create User_id" library="User_Administration">
<kw name="Click Element" library="SeleniumLibrary">
<arg>xpath://span[text()='Admin']</arg>
<doc>Click the element identified by ``locator``.</doc>
<msg timestamp="20240624 13:10:43.602" level="INFO">Clicking element 'xpath://span[text()='Admin']'.</msg>
<status status="PASS" starttime="20240624 13:10:43.602" endtime="20240624 13:10:43.735"/>
</kw>
<kw name="Sleep" library="BuiltIn">
<arg>5</arg>
<doc>Pauses the test executed for the given time.</doc>
<msg timestamp="20240624 13:10:48.736" level="INFO">Slept 5 seconds</msg>
<status status="PASS" starttime="20240624 13:10:43.735" endtime="20240624 13:10:48.736"/>
</kw>
<kw name="Click Element" library="SeleniumLibrary">
<arg>xpath://div[text()='User Administration']</arg>
<doc>Click the element identified by ``locator``.</doc>
<msg timestamp="20240624 13:10:48.736" level="INFO">Clicking element 'xpath://div[text()='User Administration']'.</msg>
<status status="PASS" starttime="20240624 13:10:48.736" endtime="20240624 13:10:48.913"/>
</kw>
<kw name="Sleep" library="BuiltIn">
<arg>2</arg>
<doc>Pauses the test executed for the given time.</doc>
<msg timestamp="20240624 13:10:50.914" level="INFO">Slept 2 seconds</msg>
<status status="PASS" starttime="20240624 13:10:48.913" endtime="20240624 13:10:50.914"/>
</kw>
<kw name="Click Element" library="SeleniumLibrary">
<arg>xpath://button[text()='Add User']</arg>
<doc>Click the element identified by ``locator``.</doc>
<msg timestamp="20240624 13:10:50.915" level="INFO">Clicking element 'xpath://button[text()='Add User']'.</msg>
<status status="PASS" starttime="20240624 13:10:50.914" endtime="20240624 13:10:51.426"/>
</kw>
<kw name="Sleep" library="BuiltIn">
<arg>4</arg>
<doc>Pauses the test executed for the given time.</doc>
<msg timestamp="20240624 13:10:55.427" level="INFO">Slept 4 seconds</msg>
<status status="PASS" starttime="20240624 13:10:51.426" endtime="20240624 13:10:55.427"/>
</kw>
<kw name="Click Element" library="SeleniumLibrary">
<arg>id:mui-component-select-userType</arg>
<doc>Click the element identified by ``locator``.</doc>
<msg timestamp="20240624 13:10:55.427" level="INFO">Clicking element 'id:mui-component-select-userType'.</msg>
<status status="PASS" starttime="20240624 13:10:55.427" endtime="20240624 13:10:55.482"/>
</kw>
<kw name="Sleep" library="BuiltIn">
<arg>1</arg>
<doc>Pauses the test executed for the given time.</doc>
<msg timestamp="20240624 13:10:56.484" level="INFO">Slept 1 second</msg>
<status status="PASS" starttime="20240624 13:10:55.483" endtime="20240624 13:10:56.484"/>
</kw>
<kw name="Click Element" library="SeleniumLibrary">
<arg>xpath://li[@data-value='User']</arg>
<doc>Click the element identified by ``locator``.</doc>
<msg timestamp="20240624 13:10:56.484" level="INFO">Clicking element 'xpath://li[@data-value='User']'.</msg>
<status status="PASS" starttime="20240624 13:10:56.484" endtime="20240624 13:10:56.548"/>
</kw>
<kw name="Sleep" library="BuiltIn">
<arg>1</arg>
<doc>Pauses the test executed for the given time.</doc>
<msg timestamp="20240624 13:10:57.549" level="INFO">Slept 1 second</msg>
<status status="PASS" starttime="20240624 13:10:56.549" endtime="20240624 13:10:57.549"/>
</kw>
<kw name="Click Element" library="SeleniumLibrary">
<arg>id:mui-component-select-roleName</arg>
<doc>Click the element identified by ``locator``.</doc>
<msg timestamp="20240624 13:10:57.549" level="INFO">Clicking element 'id:mui-component-select-roleName'.</msg>
<status status="PASS" starttime="20240624 13:10:57.549" endtime="20240624 13:10:57.595"/>
</kw>
<kw name="Sleep" library="BuiltIn">
<arg>1</arg>
<doc>Pauses the test executed for the given time.</doc>
<msg timestamp="20240624 13:10:58.596" level="INFO">Slept 1 second</msg>
<status status="PASS" starttime="20240624 13:10:57.596" endtime="20240624 13:10:58.596"/>
</kw>
<kw name="Click Element" library="SeleniumLibrary">
<arg>xpath://li[@data-value='User']</arg>
<doc>Click the element identified by ``locator``.</doc>
<msg timestamp="20240624 13:10:58.596" level="INFO">Clicking element 'xpath://li[@data-value='User']'.</msg>
<status status="PASS" starttime="20240624 13:10:58.596" endtime="20240624 13:10:58.651"/>
</kw>
<kw name="Sleep" library="BuiltIn">
<arg>1</arg>
<doc>Pauses the test executed for the given time.</doc>
<msg timestamp="20240624 13:10:59.652" level="INFO">Slept 1 second</msg>
<status status="PASS" starttime="20240624 13:10:58.651" endtime="20240624 13:10:59.652"/>
</kw>
<kw name="Input Text" library="SeleniumLibrary">
<arg>name:firstName</arg>
<arg>Malay</arg>
<doc>Types the given ``text`` into the text field identified by ``locator``.</doc>
<msg timestamp="20240624 13:10:59.652" level="INFO">Typing text 'Malay' into text field 'name:firstName'.</msg>
<status status="PASS" starttime="20240624 13:10:59.652" endtime="20240624 13:10:59.820"/>
</kw>
<kw name="Sleep" library="BuiltIn">
<arg>1</arg>
<doc>Pauses the test executed for the given time.</doc>
<msg timestamp="20240624 13:11:00.821" level="INFO">Slept 1 second</msg>
<status status="PASS" starttime="20240624 13:10:59.820" endtime="20240624 13:11:00.821"/>
</kw>
<kw name="Input Text" library="SeleniumLibrary">
<arg>name:lastName</arg>
<arg>Sahu</arg>
<doc>Types the given ``text`` into the text field identified by ``locator``.</doc>
<msg timestamp="20240624 13:11:00.821" level="INFO">Typing text 'Sahu' into text field 'name:lastName'.</msg>
<status status="PASS" starttime="20240624 13:11:00.821" endtime="20240624 13:11:00.947"/>
</kw>
<kw name="Sleep" library="BuiltIn">
<arg>1</arg>
<doc>Pauses the test executed for the given time.</doc>
<msg timestamp="20240624 13:11:01.948" level="INFO">Slept 1 second</msg>
<status status="PASS" starttime="20240624 13:11:00.948" endtime="20240624 13:11:01.948"/>
</kw>
<kw name="Input Text" library="SeleniumLibrary">
<arg>name:userId</arg>
<arg>Malays</arg>
<doc>Types the given ``text`` into the text field identified by ``locator``.</doc>
<msg timestamp="20240624 13:11:01.948" level="INFO">Typing text 'Malays' into text field 'name:userId'.</msg>
<status status="PASS" starttime="20240624 13:11:01.948" endtime="20240624 13:11:02.081"/>
</kw>
<kw name="Sleep" library="BuiltIn">
<arg>1</arg>
<doc>Pauses the test executed for the given time.</doc>
<msg timestamp="20240624 13:11:03.081" level="INFO">Slept 1 second</msg>
<status status="PASS" starttime="20240624 13:11:02.081" endtime="20240624 13:11:03.081"/>
</kw>
<kw name="Input Text" library="SeleniumLibrary">
<arg>name:email</arg>
<arg>malayranjan.s@basiscloudsolutions.com</arg>
<doc>Types the given ``text`` into the text field identified by ``locator``.</doc>
<msg timestamp="20240624 13:11:03.081" level="INFO">Typing text 'malayranjan.s@basiscloudsolutions.com' into text field 'name:email'.</msg>
<status status="PASS" starttime="20240624 13:11:03.081" endtime="20240624 13:11:03.565"/>
</kw>
<kw name="Sleep" library="BuiltIn">
<arg>1</arg>
<doc>Pauses the test executed for the given time.</doc>
<msg timestamp="20240624 13:11:04.567" level="INFO">Slept 1 second</msg>
<status status="PASS" starttime="20240624 13:11:03.565" endtime="20240624 13:11:04.567"/>
</kw>
<kw name="Input Text" library="SeleniumLibrary">
<arg>name:validFrom</arg>
<arg>11-06-2024</arg>
<doc>Types the given ``text`` into the text field identified by ``locator``.</doc>
<msg timestamp="20240624 13:11:04.567" level="INFO">Typing text '11-06-2024' into text field 'name:validFrom'.</msg>
<status status="PASS" starttime="20240624 13:11:04.567" endtime="20240624 13:11:04.680"/>
</kw>
<kw name="Sleep" library="BuiltIn">
<arg>1</arg>
<doc>Pauses the test executed for the given time.</doc>
<msg timestamp="20240624 13:11:05.681" level="INFO">Slept 1 second</msg>
<status status="PASS" starttime="20240624 13:11:04.681" endtime="20240624 13:11:05.681"/>
</kw>
<kw name="Input Text" library="SeleniumLibrary">
<arg>name:validTo</arg>
<arg>11-06-2025</arg>
<doc>Types the given ``text`` into the text field identified by ``locator``.</doc>
<msg timestamp="20240624 13:11:05.681" level="INFO">Typing text '11-06-2025' into text field 'name:validTo'.</msg>
<status status="PASS" starttime="20240624 13:11:05.681" endtime="20240624 13:11:05.796"/>
</kw>
<kw name="Sleep" library="BuiltIn">
<arg>1</arg>
<doc>Pauses the test executed for the given time.</doc>
<msg timestamp="20240624 13:11:06.797" level="INFO">Slept 1 second</msg>
<status status="PASS" starttime="20240624 13:11:05.796" endtime="20240624 13:11:06.797"/>
</kw>
<kw name="Click Element" library="SeleniumLibrary">
<arg>id:demo-multiple-checkbox</arg>
<doc>Click the element identified by ``locator``.</doc>
<msg timestamp="20240624 13:11:06.797" level="INFO">Clicking element 'id:demo-multiple-checkbox'.</msg>
<status status="PASS" starttime="20240624 13:11:06.797" endtime="20240624 13:11:06.865"/>
</kw>
<kw name="Sleep" library="BuiltIn">
<arg>1</arg>
<doc>Pauses the test executed for the given time.</doc>
<msg timestamp="20240624 13:11:07.866" level="INFO">Slept 1 second</msg>
<status status="PASS" starttime="20240624 13:11:06.865" endtime="20240624 13:11:07.866"/>
</kw>
<kw name="Click Element" library="SeleniumLibrary">
<arg>xpath:(//input[@type='checkbox'])[3]</arg>
<doc>Click the element identified by ``locator``.</doc>
<msg timestamp="20240624 13:11:07.866" level="INFO">Clicking element 'xpath:(//input[@type='checkbox'])[3]'.</msg>
<status status="PASS" starttime="20240624 13:11:07.866" endtime="20240624 13:11:07.941"/>
</kw>
<kw name="Sleep" library="BuiltIn">
<arg>1</arg>
<doc>Pauses the test executed for the given time.</doc>
<msg timestamp="20240624 13:11:08.942" level="INFO">Slept 1 second</msg>
<status status="PASS" starttime="20240624 13:11:07.941" endtime="20240624 13:11:08.942"/>
</kw>
<kw name="Click Element" library="SeleniumLibrary">
<arg>xpath://div[contains(@class,'MuiBackdrop-root MuiBackdrop-invisible')]</arg>
<doc>Click the element identified by ``locator``.</doc>
<msg timestamp="20240624 13:11:08.942" level="INFO">Clicking element 'xpath://div[contains(@class,'MuiBackdrop-root MuiBackdrop-invisible')]'.</msg>
<status status="PASS" starttime="20240624 13:11:08.942" endtime="20240624 13:11:08.989"/>
</kw>
<kw name="Sleep" library="BuiltIn">
<arg>2</arg>
<doc>Pauses the test executed for the given time.</doc>
<msg timestamp="20240624 13:11:10.990" level="INFO">Slept 2 seconds</msg>
<status status="PASS" starttime="20240624 13:11:08.989" endtime="20240624 13:11:10.990"/>
</kw>
<kw name="Click Element" library="SeleniumLibrary">
<arg>xpath://button[text()='Add']</arg>
<doc>Click the element identified by ``locator``.</doc>
<msg timestamp="20240624 13:11:10.990" level="INFO">Clicking element 'xpath://button[text()='Add']'.</msg>
<status status="PASS" starttime="20240624 13:11:10.990" endtime="20240624 13:11:11.045"/>
</kw>
<kw name="Sleep" library="BuiltIn">
<arg>7</arg>
<doc>Pauses the test executed for the given time.</doc>
<msg timestamp="20240624 13:11:18.047" level="INFO">Slept 7 seconds</msg>
<status status="PASS" starttime="20240624 13:11:11.047" endtime="20240624 13:11:18.047"/>
</kw>
<status status="PASS" starttime="20240624 13:10:43.602" endtime="20240624 13:11:18.047"/>
</kw>
<kw name="View the User id" library="User_Administration">
<kw name="Click Element" library="SeleniumLibrary">
<arg>xpath:(//span[@aria-label='view'])[1]</arg>
<doc>Click the element identified by ``locator``.</doc>
<msg timestamp="20240624 13:11:18.047" level="INFO">Clicking element 'xpath:(//span[@aria-label='view'])[1]'.</msg>
<status status="PASS" starttime="20240624 13:11:18.047" endtime="20240624 13:11:18.166"/>
</kw>
<kw name="Sleep" library="BuiltIn">
<arg>2</arg>
<doc>Pauses the test executed for the given time.</doc>
<msg timestamp="20240624 13:11:20.168" level="INFO">Slept 2 seconds</msg>
<status status="PASS" starttime="20240624 13:11:18.166" endtime="20240624 13:11:20.168"/>
</kw>
<kw name="Click Element" library="SeleniumLibrary">
<arg>xpath:(//div[@role='button'])[1]</arg>
<doc>Click the element identified by ``locator``.</doc>
<msg timestamp="20240624 13:11:20.168" level="INFO">Clicking element 'xpath:(//div[@role='button'])[1]'.</msg>
<status status="PASS" starttime="20240624 13:11:20.168" endtime="20240624 13:11:20.217"/>
</kw>
<kw name="Sleep" library="BuiltIn">
<arg>2</arg>
<doc>Pauses the test executed for the given time.</doc>
<msg timestamp="20240624 13:11:22.219" level="INFO">Slept 2 seconds</msg>
<status status="PASS" starttime="20240624 13:11:20.217" endtime="20240624 13:11:22.219"/>
</kw>
<kw name="Click Element" library="SeleniumLibrary">
<arg>xpath:(//div[@role='button'])[2]</arg>
<doc>Click the element identified by ``locator``.</doc>
<msg timestamp="20240624 13:11:22.219" level="INFO">Clicking element 'xpath:(//div[@role='button'])[2]'.</msg>
<status status="PASS" starttime="20240624 13:11:22.219" endtime="20240624 13:11:22.264"/>
</kw>
<kw name="Sleep" library="BuiltIn">
<arg>2</arg>
<doc>Pauses the test executed for the given time.</doc>
<msg timestamp="20240624 13:11:24.265" level="INFO">Slept 2 seconds</msg>
<status status="PASS" starttime="20240624 13:11:22.264" endtime="20240624 13:11:24.265"/>
</kw>
<kw name="Click Element" library="SeleniumLibrary">
<arg>xpath://div[contains(@class,'jss161 MuiBox-root')]</arg>
<doc>Click the element identified by ``locator``.</doc>
<msg timestamp="20240624 13:11:24.265" level="INFO">Clicking element 'xpath://div[contains(@class,'jss161 MuiBox-root')]'.</msg>
<status status="PASS" starttime="20240624 13:11:24.265" endtime="20240624 13:11:24.390"/>
</kw>
<kw name="Sleep" library="BuiltIn">
<arg>1</arg>
<doc>Pauses the test executed for the given time.</doc>
<msg timestamp="20240624 13:11:25.391" level="INFO">Slept 1 second</msg>
<status status="PASS" starttime="20240624 13:11:24.391" endtime="20240624 13:11:25.391"/>
</kw>
<status status="PASS" starttime="20240624 13:11:18.047" endtime="20240624 13:11:25.391"/>
</kw>
<kw name="Edit the User id" library="User_Administration">
<kw name="Click Element" library="SeleniumLibrary">
<arg>xpath:(//span[@aria-label='edit'])[1]</arg>
<doc>Click the element identified by ``locator``.</doc>
<msg timestamp="20240624 13:11:25.391" level="INFO">Clicking element 'xpath:(//span[@aria-label='edit'])[1]'.</msg>
<status status="PASS" starttime="20240624 13:11:25.391" endtime="20240624 13:11:25.562"/>
</kw>
<kw name="Sleep" library="BuiltIn">
<arg>1</arg>
<doc>Pauses the test executed for the given time.</doc>
<msg timestamp="20240624 13:11:26.562" level="INFO">Slept 1 second</msg>
<status status="PASS" starttime="20240624 13:11:25.562" endtime="20240624 13:11:26.562"/>
</kw>
<kw name="Input Text" library="SeleniumLibrary">
<arg>name:firstName</arg>
<arg>Ranjan</arg>
<doc>Types the given ``text`` into the text field identified by ``locator``.</doc>
<msg timestamp="20240624 13:11:26.562" level="INFO">Typing text 'Ranjan' into text field 'name:firstName'.</msg>
<status status="PASS" starttime="20240624 13:11:26.562" endtime="20240624 13:11:26.933"/>
</kw>
<kw name="Sleep" library="BuiltIn">
<arg>2</arg>
<doc>Pauses the test executed for the given time.</doc>
<msg timestamp="20240624 13:11:28.933" level="INFO">Slept 2 seconds</msg>
<status status="PASS" starttime="20240624 13:11:26.933" endtime="20240624 13:11:28.933"/>
</kw>
<kw name="Click Element" library="SeleniumLibrary">
<arg>xpath://button[text()='Save']</arg>
<doc>Click the element identified by ``locator``.</doc>
<msg timestamp="20240624 13:11:28.933" level="INFO">Clicking element 'xpath://button[text()='Save']'.</msg>
<status status="PASS" starttime="20240624 13:11:28.933" endtime="20240624 13:11:29.033"/>
</kw>
<kw name="Sleep" library="BuiltIn">
<arg>5</arg>
<doc>Pauses the test executed for the given time.</doc>
<msg timestamp="20240624 13:11:34.033" level="INFO">Slept 5 seconds</msg>
<status status="PASS" starttime="20240624 13:11:29.033" endtime="20240624 13:11:34.033"/>
</kw>
<status status="PASS" starttime="20240624 13:11:25.391" endtime="20240624 13:11:34.033"/>
</kw>
<kw name="Delete user id" library="User_Administration">
<kw name="Click Element" library="SeleniumLibrary">
<arg>xpath:(//span[@aria-label='delete'])[1]</arg>
<doc>Click the element identified by ``locator``.</doc>
<msg timestamp="20240624 13:11:34.033" level="INFO">Clicking element 'xpath:(//span[@aria-label='delete'])[1]'.</msg>
<status status="PASS" starttime="20240624 13:11:34.033" endtime="20240624 13:11:34.160"/>
</kw>
<kw name="Sleep" library="BuiltIn">
<arg>2</arg>
<doc>Pauses the test executed for the given time.</doc>
<msg timestamp="20240624 13:11:36.161" level="INFO">Slept 2 seconds</msg>
<status status="PASS" starttime="20240624 13:11:34.161" endtime="20240624 13:11:36.161"/>
</kw>
<kw name="Input Text" library="SeleniumLibrary">
<arg>name:deleteRole</arg>
<arg>malayranjan.s@basiscloudsolutions.com</arg>
<doc>Types the given ``text`` into the text field identified by ``locator``.</doc>
<msg timestamp="20240624 13:11:36.161" level="INFO">Typing text 'malayranjan.s@basiscloudsolutions.com' into text field 'name:deleteRole'.</msg>
<status status="PASS" starttime="20240624 13:11:36.161" endtime="20240624 13:11:37.484"/>
</kw>
<kw name="Sleep" library="BuiltIn">
<arg>2</arg>
<doc>Pauses the test executed for the given time.</doc>
<msg timestamp="20240624 13:11:39.485" level="INFO">Slept 2 seconds</msg>
<status status="PASS" starttime="20240624 13:11:37.484" endtime="20240624 13:11:39.485"/>
</kw>
<kw name="Click Element" library="SeleniumLibrary">
<arg>xpath://button[text()='Delete']</arg>
<doc>Click the element identified by ``locator``.</doc>
<msg timestamp="20240624 13:11:39.485" level="INFO">Clicking element 'xpath://button[text()='Delete']'.</msg>
<status status="PASS" starttime="20240624 13:11:39.485" endtime="20240624 13:11:39.595"/>
</kw>
<kw name="Sleep" library="BuiltIn">
<arg>2</arg>
<doc>Pauses the test executed for the given time.</doc>
<msg timestamp="20240624 13:11:41.595" level="INFO">Slept 2 seconds</msg>
<status status="PASS" starttime="20240624 13:11:39.595" endtime="20240624 13:11:41.595"/>
</kw>
<status status="PASS" starttime="20240624 13:11:34.033" endtime="20240624 13:11:41.595"/>
</kw>
<tag>useradmin01</tag>
<status status="PASS" starttime="20240624 13:10:43.602" endtime="20240624 13:11:41.595"/>
</test>
<test id="s1-s1-t4" name="Finish TestCase" line="18">
<kw name="Finish TestCase" library="User_Administration">
<kw name="Close All Browsers" library="SeleniumLibrary">
<doc>Closes all open browsers and resets the browser cache.</doc>
<status status="PASS" starttime="20240624 13:11:41.595" endtime="20240624 13:11:45.790"/>
</kw>
<status status="PASS" starttime="20240624 13:11:41.595" endtime="20240624 13:11:45.790"/>
</kw>
<tag>useradmin01</tag>
<status status="PASS" starttime="20240624 13:11:41.595" endtime="20240624 13:11:45.790"/>
</test>
<status status="PASS" starttime="20240624 13:09:51.722" endtime="20240624 13:11:45.790"/>
</suite>
<doc>Testing functionality through Robot Framework</doc>
<meta name="environment">Dev</meta>
<meta name="test_browser_name">chrome</meta>
<meta name="test_browser_version">126.0.6478.115</meta>
<meta name="test_driver_version">126.0.6478.62 </meta>
<meta name="test_environment">Dev</meta>
<meta name="test_freeze_dependencies">astroid==3.1.0,attrs==23.2.0,beautifulsoup4==4.12.3,bs4==0.0.2,certifi==2024.2.2,cffi==1.16.0,chardet==5.2.0,charset-normalizer==3.3.2,click==8.1.7,colorama==0.4.6,cryptography==42.0.5,defusedxml==0.7.1,dill==0.3.8,docutils==0.20.1,docx==0.2.4,docx2pdf==0.1.8,et-xmlfile==1.1.0,exceptiongroup==1.2.0,fsspec==2024.5.0,gitdb==4.0.11,GitPython==3.1.42,h11==0.14.0,idna==3.6,isort==5.13.2,Jinja2==3.1.3,jira==3.6.0,jsonpath-ng==1.6.1,jsonschema==4.21.1,jsonschema-specifications==2023.12.1,lazy-object-proxy==1.10.0,lxml==5.1.0,markdown-it-py==3.0.0,MarkupSafe==2.1.5,mccabe==0.7.0,mdurl==0.1.2,natsort==8.4.0,numpy==1.26.4,oauthlib==3.2.2,openpyxl==3.1.2,outcome==1.3.0.post0,packaging==24.0,pandas==2.2.2,pathspec==0.11.2,pillow==10.2.0,pip==24.0,platformdirs==4.2.0,ply==3.11,pycparser==2.21,Pygments==2.17.2,pylint==3.1.0,PyPDF2==3.0.1,PySocks==1.7.1,python-dateutil==2.9.0.post0,python-docx==1.1.2,pytz==2024.1,pywin32==306,PyYAML==6.0.1,referencing==0.33.0,reportlab==4.2.0,requests==2.31.0,requests-oauthlib==1.4.0,requests-toolbelt==1.0.0,rich==13.7.1,rich-click==1.6.1,robotframework==6.0.2,robotframework-datadriver==1.9.0,robotframework-jsonlibrary==0.5,robotframework-pabot==2.16.0,robotframework-pythonlibcore==4.2.0,robotframework-requests==0.9.2,robotframework-sapguilibrary==1.1,robotframework-seleniumlibrary==5.1.3,robotframework-stacktrace==0.4.1,robotframework-tidy==4.5.0,rpds-py==0.18.0,selenium==4.9.1,setuptools==69.2.0,six==1.16.0,smmap==5.0.1,sniffio==1.3.1,sortedcontainers==2.4.0,soupsieve==2.5,tomli==2.0.1,tomlkit==0.12.4,tqdm==4.66.4,trio==0.24.0,trio-websocket==0.11.1,typing_extensions==4.10.0,tzdata==2024.1,urllib3==2.2.1,wheel==0.43.0,wrapt==1.16.0,wsproto==1.2.0</meta>
<status status="PASS" starttime="20240624 13:09:47.875" endtime="20240624 13:11:46.323"/>
</suite>
<statistics>
<total>
<stat pass="4" fail="0" skip="0">All Tests</stat>
</total>
<tag>
<stat pass="4" fail="0" skip="0">useradmin01</stat>
</tag>
<suite>
<stat pass="4" fail="0" skip="0" id="s1" name="Tests">Tests</stat>
<stat pass="4" fail="0" skip="0" id="s1-s1" name="Test User Administration">Tests.Test User Administration</stat>
</suite>
</statistics>
<errors>
</errors>
</robot>
